{"meta": {"format": 3, "version": "7.16.1", "timestamp": "2026-09-20T22:22:32.252294", "branch_coverage": true, "show_contexts": false}, "files": {"app\\backend\\app\\__init__.py": {"executed_lines": [4], "summary": {"covered_lines": 1, "num_statements": 1, "percent_covered": 100.0, "percent_covered_display": "100", "missing_lines": 0, "excluded_lines": 0, "percent_statements_covered": 100.0, "percent_statements_covered_display": "100", "num_branches": 0, "num_partial_branches": 0, "covered_branches": 0, "missing_branches": 0, "percent_branches_covered": 100.0, "percent_branches_covered_display": "100"}, "missing_lines": [], "excluded_lines": [], "executed_branches": [], "missing_branches": [], "functions": {"": {"executed_lines": [4], "summary": {"covered_lines": 1, "num_statements": 1, "percent_covered": 100.0, "percent_covered_display": "100", "missing_lines": 0, "excluded_lines": 0, "percent_statements_covered": 100.0, "percent_statements_covered_display": "100", "num_branches": 0, "num_partial_branches": 0, "covered_branches": 0, "missing_branches": 0, "percent_branches_covered": 100.0, "percent_branches_covered_display": "100"}, "missing_lines": [], "excluded_lines": [], "start_line": 1, "executed_branches": [], "missing_branches": []}}, "classes": {"": {"executed_lines": [4], "summary": {"covered_lines": 1, "num_statements": 1, "percent_covered": 100.0, "percent_covered_display": "100", "missing_lines": 0, "excluded_lines": 0, "percent_statements_covered": 100.0, "percent_statements_covered_display": "100", "num_branches": 0, "num_partial_branches": 0, "covered_branches": 0, "missing_branches": 0, "percent_branches_covered": 100.0, "percent_branches_covered_display": "100"}, "missing_lines": [], "excluded_lines": [], "start_line": 1, "executed_branches": [], "missing_branches": []}}}, "app\\backend\\app\\ai\\__init__.py": {"executed_lines": [2, 4], "summary": {"covered_lines": 2, "num_statements": 2, "percent_covered": 100.0, "percent_covered_display": "100", "missing_lines": 0, "excluded_lines": 0, "percent_statements_covered": 100.0, "percent_statements_covered_display": "100", "num_branches": 0, "num_partial_branches": 0, "covered_branches": 0, "missing_branches": 0, "percent_branches_covered": 100.0, "percent_branches_covered_display": "100"}, "missing_lines": [], "excluded_lines": [], "executed_branches": [], "missing_branches": [], "functions": {"": {"executed_lines": [2, 4], "summary": {"covered_lines": 2, "num_statements": 2, "percent_covered": 100.0, "percent_covered_display": "100", "missing_lines": 0, "excluded_lines": 0, "percent_statements_covered": 100.0, "percent_statements_covered_display": "100", "num_branches": 0, "num_partial_branches": 0, "covered_branches": 0, "missing_branches": 0, "percent_branches_covered": 100.0, "percent_branches_covered_display": "100"}, "missing_lines": [], "excluded_lines": [], "start_line": 1, "executed_branches": [], "missing_branches": []}}, "classes": {"": {"executed_lines": [2, 4], "summary": {"covered_lines": 2, "num_statements": 2, "percent_covered": 100.0, "percent_covered_display": "100", "missing_lines": 0, "excluded_lines": 0, "percent_statements_covered": 100.0, "percent_statements_covered_display": "100", "num_branches": 0, "num_partial_branches": 0, "covered_branches": 0, "missing_branches": 0, "percent_branches_covered": 100.0, "percent_branches_covered_display": "100"}, "missing_lines": [], "excluded_lines": [], "start_line": 1, "executed_branches": [], "missing_branches": []}}}, "app\\backend\\app\\ai\\service.py": {"executed_lines": [4, 6, 7, 9, 11, 12, 13, 14, 17, 20, 21, 22, 23, 25, 35, 48, 56, 57, 58, 59, 60, 62, 63, 64, 68, 69, 79, 88, 89, 91, 96, 100, 110, 111, 113, 116, 124, 125, 129, 134, 139, 144, 149, 151, 153, 156, 160, 161, 162, 163, 164, 166, 167, 170], "summary": {"covered_lines": 54, "num_statements": 63, "percent_covered": 79.3103448275862, "percent_covered_display": "79", "missing_lines": 9, "excluded_lines": 0, "percent_statements_covered": 85.71428571428571, "percent_statements_covered_display": "86", "num_branches": 24, "num_partial_branches": 7, "covered_branches": 15, "missing_branches": 9, "percent_branches_covered": 62.5, "percent_branches_covered_display": "62"}, "missing_lines": [49, 130, 135, 140, 145, 150, 157, 158, 159], "excluded_lines": [], "executed_branches": [[48, 56], [63, 64], [63, 79], [88, 89], [88, 91], [113, 116], [113, 124], [124, 125], [124, 129], [129, 134], [134, 139], [139, 144], [144, 149], [149, 151], [156, 160]], "missing_branches": [[48, 49], [129, 130], [134, 135], [139, 140], [144, 145], [149, 150], [156, 157], [158, 159], [158, 160]], "functions": {"AIService.__init__": {"executed_lines": [21, 22, 23], "summary": {"covered_lines": 3, "num_statements": 3, "percent_covered": 100.0, "percent_covered_display": "100", "missing_lines": 0, "excluded_lines": 0, "percent_statements_covered": 100.0, "percent_statements_covered_display": "100", "num_branches": 0, "num_partial_branches": 0, "covered_branches": 0, "missing_branches": 0, "percent_branches_covered": 100.0, "percent_branches_covered_display": "100"}, "missing_lines": [], "excluded_lines": [], "start_line": 20, "executed_branches": [], "missing_branches": []}, "AIService.chat": {"executed_lines": [35, 48, 56, 57, 58, 59, 60, 62, 63, 64, 68, 69, 79, 88, 89, 91, 96, 100], "summary": {"covered_lines": 18, "num_statements": 19, "percent_covered": 92.0, "percent_covered_display": "92", "missing_lines": 1, "excluded_lines": 0, "percent_statements_covered": 94.73684210526316, "percent_statements_covered_display": "95", "num_branches": 6, "num_partial_branches": 1, "covered_branches": 5, "missing_branches": 1, "percent_branches_covered": 83.33333333333333, "percent_branches_covered_display": "83"}, "missing_lines": [49], "excluded_lines": [], "start_line": 25, "executed_branches": [[48, 56], [63, 64], [63, 79], [88, 89], [88, 91]], "missing_branches": [[48, 49]]}, "AIService._propose_tool": {"executed_lines": [111, 113, 116, 124, 125, 129, 134, 139, 144, 149, 151], "summary": {"covered_lines": 11, "num_statements": 16, "percent_covered": 66.66666666666667, "percent_covered_display": "67", "missing_lines": 5, "excluded_lines": 0, "percent_statements_covered": 68.75, "percent_statements_covered_display": "69", "num_branches": 14, "num_partial_branches": 5, "covered_branches": 9, "missing_branches": 5, "percent_branches_covered": 64.28571428571429, "percent_branches_covered_display": "64"}, "missing_lines": [130, 135, 140, 145, 150], "excluded_lines": [], "start_line": 110, "executed_branches": [[113, 116], [113, 124], [124, 125], [124, 129], [129, 134], [134, 139], [139, 144], [144, 149], [149, 151]], "missing_branches": [[129, 130], [134, 135], [139, 140], [144, 145], [149, 150]]}, "AIService._get_or_create_conversation": {"executed_lines": [156, 160, 161, 162, 163, 164], "summary": {"covered_lines": 6, "num_statements": 9, "percent_covered": 53.84615384615385, "percent_covered_display": "54", "missing_lines": 3, "excluded_lines": 0, "percent_statements_covered": 66.66666666666667, "percent_statements_covered_display": "67", "num_branches": 4, "num_partial_branches": 1, "covered_branches": 1, "missing_branches": 3, "percent_branches_covered": 25.0, "percent_branches_covered_display": "25"}, "missing_lines": [157, 158, 159], "excluded_lines": [], "start_line": 153, "executed_branches": [[156, 160]], "missing_branches": [[156, 157], [158, 159], [158, 160]]}, "AIService._assistant_msg": {"executed_lines": [167, 170], "summary": {"covered_lines": 2, "num_statements": 2, "percent_covered": 100.0, "percent_covered_display": "100", "missing_lines": 0, "excluded_lines": 0, "percent_statements_covered": 100.0, "percent_statements_covered_display": "100", "num_branches": 0, "num_partial_branches": 0, "covered_branches": 0, "missing_branches": 0, "percent_branches_covered": 100.0, "percent_branches_covered_display": "100"}, "missing_lines": [], "excluded_lines": [], "start_line": 166, "executed_branches": [], "missing_branches": []}, "": {"executed_lines": [4, 6, 7, 9, 11, 12, 13, 14, 17, 20, 25, 110, 153, 166], "summary": {"covered_lines": 14, "num_statements": 14, "percent_covered": 100.0, "percent_covered_display": "100", "missing_lines": 0, "excluded_lines": 0, "percent_statements_covered": 100.0, "percent_statements_covered_display": "100", "num_branches": 0, "num_partial_branches": 0, "covered_branches": 0, "missing_branches": 0, "percent_branches_covered": 100.0, "percent_branches_covered_display": "100"}, "missing_lines": [], "excluded_lines": [], "start_line": 1, "executed_branches": [], "missing_branches": []}}, "classes": {"AIService": {"executed_lines": [21, 22, 23, 35, 48, 56, 57, 58, 59, 60, 62, 63, 64, 68, 69, 79, 88, 89, 91, 96, 100, 111, 113, 116, 124, 125, 129, 134, 139, 144, 149, 151, 156, 160, 161, 162, 163, 164, 167, 170], "summary": {"covered_lines": 40, "num_statements": 49, "percent_covered": 75.34246575342466, "percent_covered_display": "75", "missing_lines": 9, "excluded_lines": 0, "percent_statements_covered": 81.63265306122449, "percent_statements_covered_display": "82", "num_branches": 24, "num_partial_branches": 7, "covered_branches": 15, "missing_branches": 9, "percent_branches_covered": 62.5, "percent_branches_covered_display": "62"}, "missing_lines": [49, 130, 135, 140, 145, 150, 157, 158, 159], "excluded_lines": [], "start_line": 17, "executed_branches": [[48, 56], [63, 64], [63, 79], [88, 89], [88, 91], [113, 116], [113, 124], [124, 125], [124, 129], [129, 134], [134, 139], [139, 144], [144, 149], [149, 151], [156, 160]], "missing_branches": [[48, 49], [129, 130], [134, 135], [139, 140], [144, 145], [149, 150], [156, 157], [158, 159], [158, 160]]}, "": {"executed_lines": [4, 6, 7, 9, 11, 12, 13, 14, 17, 20, 25, 110, 153, 166], "summary": {"covered_lines": 14, "num_statements": 14, "percent_covered": 100.0, "percent_covered_display": "100", "missing_lines": 0, "excluded_lines": 0, "percent_statements_covered": 100.0, "percent_statements_covered_display": "100", "num_branches": 0, "num_partial_branches": 0, "covered_branches": 0, "missing_branches": 0, "percent_branches_covered": 100.0, "percent_branches_covered_display": "100"}, "missing_lines": [], "excluded_lines": [], "start_line": 1, "executed_branches": [], "missing_branches": []}}}, "app\\backend\\app\\api\\__init__.py": {"executed_lines": [4, 6, 7, 8, 9, 10, 11, 12, 13, 14, 15, 17, 18, 19, 20, 21, 22, 23, 24, 25, 26, 27], "summary": {"covered_lines": 22, "num_statements": 22, "percent_covered": 100.0, "percent_covered_display": "100", "missing_lines": 0, "excluded_lines": 0, "percent_statements_covered": 100.0, "percent_statements_covered_display": "100", "num_branches": 0, "num_partial_branches": 0, "covered_branches": 0, "missing_branches": 0, "percent_branches_covered": 100.0, "percent_branches_covered_display": "100"}, "missing_lines": [], "excluded_lines": [], "executed_branches": [], "missing_branches": [], "functions": {"": {"executed_lines": [4, 6, 7, 8, 9, 10, 11, 12, 13, 14, 15, 17, 18, 19, 20, 21, 22, 23, 24, 25, 26, 27], "summary": {"covered_lines": 22, "num_statements": 22, "percent_covered": 100.0, "percent_covered_display": "100", "missing_lines": 0, "excluded_lines": 0, "percent_statements_covered": 100.0, "percent_statements_covered_display": "100", "num_branches": 0, "num_partial_branches": 0, "covered_branches": 0, "missing_branches": 0, "percent_branches_covered": 100.0, "percent_branches_covered_display": "100"}, "missing_lines": [], "excluded_lines": [], "start_line": 1, "executed_branches": [], "missing_branches": []}}, "classes": {"": {"executed_lines": [4, 6, 7, 8, 9, 10, 11, 12, 13, 14, 15, 17, 18, 19, 20, 21, 22, 23, 24, 25, 26, 27], "summary": {"covered_lines": 22, "num_statements": 22, "percent_covered": 100.0, "percent_covered_display": "100", "missing_lines": 0, "excluded_lines": 0, "percent_statements_covered": 100.0, "percent_statements_covered_display": "100", "num_branches": 0, "num_partial_branches": 0, "covered_branches": 0, "missing_branches": 0, "percent_branches_covered": 100.0, "percent_branches_covered_display": "100"}, "missing_lines": [], "excluded_lines": [], "start_line": 1, "executed_branches": [], "missing_branches": []}}}, "app\\backend\\app\\api\\ai.py": {"executed_lines": [4, 6, 7, 8, 10, 11, 12, 13, 15, 18, 19, 20, 23, 26, 27, 29, 30, 33, 34, 40, 47], "summary": {"covered_lines": 21, "num_statements": 21, "percent_covered": 100.0, "percent_covered_display": "100", "missing_lines": 0, "excluded_lines": 0, "percent_statements_covered": 100.0, "percent_statements_covered_display": "100", "num_branches": 0, "num_partial_branches": 0, "covered_branches": 0, "missing_branches": 0, "percent_branches_covered": 100.0, "percent_branches_covered_display": "100"}, "missing_lines": [], "excluded_lines": [], "executed_branches": [], "missing_branches": [], "functions": {"ai_chat": {"executed_lines": [40, 47], "summary": {"covered_lines": 2, "num_statements": 2, "percent_covered": 100.0, "percent_covered_display": "100", "missing_lines": 0, "excluded_lines": 0, "percent_statements_covered": 100.0, "percent_statements_covered_display": "100", "num_branches": 0, "num_partial_branches": 0, "covered_branches": 0, "missing_branches": 0, "percent_branches_covered": 100.0, "percent_branches_covered_display": "100"}, "missing_lines": [], "excluded_lines": [], "start_line": 34, "executed_branches": [], "missing_branches": []}, "": {"executed_lines": [4, 6, 7, 8, 10, 11, 12, 13, 15, 18, 19, 20, 23, 26, 27, 29, 30, 33, 34], "summary": {"covered_lines": 19, "num_statements": 19, "percent_covered": 100.0, "percent_covered_display": "100", "missing_lines": 0, "excluded_lines": 0, "percent_statements_covered": 100.0, "percent_statements_covered_display": "100", "num_branches": 0, "num_partial_branches": 0, "covered_branches": 0, "missing_branches": 0, "percent_branches_covered": 100.0, "percent_branches_covered_display": "100"}, "missing_lines": [], "excluded_lines": [], "start_line": 1, "executed_branches": [], "missing_branches": []}}, "classes": {"ChatIn": {"executed_lines": [], "summary": {"covered_lines": 0, "num_statements": 0, "percent_covered": 100.0, "percent_covered_display": "100", "missing_lines": 0, "excluded_lines": 0, "percent_statements_covered": 100.0, "percent_statements_covered_display": "100", "num_branches": 0, "num_partial_branches": 0, "covered_branches": 0, "missing_branches": 0, "percent_branches_covered": 100.0, "percent_branches_covered_display": "100"}, "missing_lines": [], "excluded_lines": [], "start_line": 18, "executed_branches": [], "missing_branches": []}, "ChatOut": {"executed_lines": [], "summary": {"covered_lines": 0, "num_statements": 0, "percent_covered": 100.0, "percent_covered_display": "100", "missing_lines": 0, "excluded_lines": 0, "percent_statements_covered": 100.0, "percent_statements_covered_display": "100", "num_branches": 0, "num_partial_branches": 0, "covered_branches": 0, "missing_branches": 0, "percent_branches_covered": 100.0, "percent_branches_covered_display": "100"}, "missing_lines": [], "excluded_lines": [], "start_line": 23, "executed_branches": [], "missing_branches": []}, "": {"executed_lines": [4, 6, 7, 8, 10, 11, 12, 13, 15, 18, 19, 20, 23, 26, 27, 29, 30, 33, 34, 40, 47], "summary": {"covered_lines": 21, "num_statements": 21, "percent_covered": 100.0, "percent_covered_display": "100", "missing_lines": 0, "excluded_lines": 0, "percent_statements_covered": 100.0, "percent_statements_covered_display": "100", "num_branches": 0, "num_partial_branches": 0, "covered_branches": 0, "missing_branches": 0, "percent_branches_covered": 100.0, "percent_branches_covered_display": "100"}, "missing_lines": [], "excluded_lines": [], "start_line": 1, "executed_branches": [], "missing_branches": []}}}, "app\\backend\\app\\api\\auth.py": {"executed_lines": [4, 6, 7, 9, 10, 11, 20, 22, 25, 26, 27, 28, 29, 35, 36, 37, 42, 43, 50, 51, 52, 53, 54, 55, 56, 57, 64, 65, 66, 67, 70, 71, 72, 75, 76, 81, 82, 87], "summary": {"covered_lines": 38, "num_statements": 40, "percent_covered": 95.0, "percent_covered_display": "95", "missing_lines": 2, "excluded_lines": 0, "percent_statements_covered": 95.0, "percent_statements_covered_display": "95", "num_branches": 0, "num_partial_branches": 0, "covered_branches": 0, "missing_branches": 0, "percent_branches_covered": 100.0, "percent_branches_covered_display": "100"}, "missing_lines": [85, 86], "excluded_lines": [], "executed_branches": [], "missing_branches": [], "functions": {"login": {"executed_lines": [27, 28, 29, 35, 36, 37, 42, 43], "summary": {"covered_lines": 8, "num_statements": 8, "percent_covered": 100.0, "percent_covered_display": "100", "missing_lines": 0, "excluded_lines": 0, "percent_statements_covered": 100.0, "percent_statements_covered_display": "100", "num_branches": 0, "num_partial_branches": 0, "covered_branches": 0, "missing_branches": 0, "percent_branches_covered": 100.0, "percent_branches_covered_display": "100"}, "missing_lines": [], "excluded_lines": [], "start_line": 26, "executed_branches": [], "missing_branches": []}, "refresh": {"executed_lines": [52, 53, 54, 55, 56, 57], "summary": {"covered_lines": 6, "num_statements": 6, "percent_covered": 100.0, "percent_covered_display": "100", "missing_lines": 0, "excluded_lines": 0, "percent_statements_covered": 100.0, "percent_statements_covered_display": "100", "num_branches": 0, "num_partial_branches": 0, "covered_branches": 0, "missing_branches": 0, "percent_branches_covered": 100.0, "percent_branches_covered_display": "100"}, "missing_lines": [], "excluded_lines": [], "start_line": 51, "executed_branches": [], "missing_branches": []}, "logout": {"executed_lines": [66, 67], "summary": {"covered_lines": 2, "num_statements": 2, "percent_covered": 100.0, "percent_covered_display": "100", "missing_lines": 0, "excluded_lines": 0, "percent_statements_covered": 100.0, "percent_statements_covered_display": "100", "num_branches": 0, "num_partial_branches": 0, "covered_branches": 0, "missing_branches": 0, "percent_branches_covered": 100.0, "percent_branches_covered_display": "100"}, "missing_lines": [], "excluded_lines": [], "start_line": 65, "executed_branches": [], "missing_branches": []}, "me": {"executed_lines": [72], "summary": {"covered_lines": 1, "num_statements": 1, "percent_covered": 100.0, "percent_covered_display": "100", "missing_lines": 0, "excluded_lines": 0, "percent_statements_covered": 100.0, "percent_statements_covered_display": "100", "num_branches": 0, "num_partial_branches": 0, "covered_branches": 0, "missing_branches": 0, "percent_branches_covered": 100.0, "percent_branches_covered_display": "100"}, "missing_lines": [], "excluded_lines": [], "start_line": 71, "executed_branches": [], "missing_branches": []}, "change_password": {"executed_lines": [81, 82, 87], "summary": {"covered_lines": 3, "num_statements": 5, "percent_covered": 60.0, "percent_covered_display": "60", "missing_lines": 2, "excluded_lines": 0, "percent_statements_covered": 60.0, "percent_statements_covered_display": "60", "num_branches": 0, "num_partial_branches": 0, "covered_branches": 0, "missing_branches": 0, "percent_branches_covered": 100.0, "percent_branches_covered_display": "100"}, "missing_lines": [85, 86], "excluded_lines": [], "start_line": 76, "executed_branches": [], "missing_branches": []}, "": {"executed_lines": [4, 6, 7, 9, 10, 11, 20, 22, 25, 26, 50, 51, 64, 65, 70, 71, 75, 76], "summary": {"covered_lines": 18, "num_statements": 18, "percent_covered": 100.0, "percent_covered_display": "100", "missing_lines": 0, "excluded_lines": 0, "percent_statements_covered": 100.0, "percent_statements_covered_display": "100", "num_branches": 0, "num_partial_branches": 0, "covered_branches": 0, "missing_branches": 0, "percent_branches_covered": 100.0, "percent_branches_covered_display": "100"}, "missing_lines": [], "excluded_lines": [], "start_line": 1, "executed_branches": [], "missing_branches": []}}, "classes": {"": {"executed_lines": [4, 6, 7, 9, 10, 11, 20, 22, 25, 26, 27, 28, 29, 35, 36, 37, 42, 43, 50, 51, 52, 53, 54, 55, 56, 57, 64, 65, 66, 67, 70, 71, 72, 75, 76, 81, 82, 87], "summary": {"covered_lines": 38, "num_statements": 40, "percent_covered": 95.0, "percent_covered_display": "95", "missing_lines": 2, "excluded_lines": 0, "percent_statements_covered": 95.0, "percent_statements_covered_display": "95", "num_branches": 0, "num_partial_branches": 0, "covered_branches": 0, "missing_branches": 0, "percent_branches_covered": 100.0, "percent_branches_covered_display": "100"}, "missing_lines": [85, 86], "excluded_lines": [], "start_line": 1, "executed_branches": [], "missing_branches": []}}}, "app\\backend\\app\\api\\catalog.py": {"executed_lines": [4, 6, 7, 9, 10, 11, 12, 29, 31, 34, 35, 37, 38, 47, 48, 55, 56, 61, 62, 67, 68, 75, 76, 81, 82, 83, 84, 89, 90, 97, 98, 103, 104, 105, 110, 111, 117, 118, 121, 124, 129, 130, 137, 138, 143, 144, 149, 150, 156, 157, 162, 163, 169, 170, 172, 173, 176, 177, 184, 185, 190, 191, 196, 197, 204, 205, 210, 211], "summary": {"covered_lines": 68, "num_statements": 95, "percent_covered": 69.3069306930693, "percent_covered_display": "69", "missing_lines": 27, "excluded_lines": 0, "percent_statements_covered": 71.57894736842105, "percent_statements_covered_display": "72", "num_branches": 6, "num_partial_branches": 2, "covered_branches": 2, "missing_branches": 4, "percent_branches_covered": 33.333333333333336, "percent_branches_covered_display": "33"}, "missing_lines": [36, 42, 43, 44, 52, 63, 64, 72, 85, 86, 94, 106, 107, 125, 126, 134, 145, 146, 158, 159, 171, 181, 192, 193, 201, 212, 213], "excluded_lines": [], "executed_branches": [[35, 37], [37, 38]], "missing_branches": [[35, 36], [37, 42], [42, 43], [42, 44]], "functions": {"_map_err": {"executed_lines": [35, 37, 38], "summary": {"covered_lines": 3, "num_statements": 7, "percent_covered": 38.46153846153846, "percent_covered_display": "38", "missing_lines": 4, "excluded_lines": 0, "percent_statements_covered": 42.857142857142854, "percent_statements_covered_display": "43", "num_branches": 6, "num_partial_branches": 2, "covered_branches": 2, "missing_branches": 4, "percent_branches_covered": 33.333333333333336, "percent_branches_covered_display": "33"}, "missing_lines": [36, 42, 43, 44], "excluded_lines": [], "start_line": 34, "executed_branches": [[35, 37], [37, 38]], "missing_branches": [[35, 36], [37, 42], [42, 43], [42, 44]]}, "list_careers": {"executed_lines": [], "summary": {"covered_lines": 0, "num_statements": 1, "percent_covered": 0.0, "percent_covered_display": "0", "missing_lines": 1, "excluded_lines": 0, "percent_statements_covered": 0.0, "percent_statements_covered_display": "0", "num_branches": 0, "num_partial_branches": 0, "covered_branches": 0, "missing_branches": 0, "percent_branches_covered": 100.0, "percent_branches_covered_display": "100"}, "missing_lines": [52], "excluded_lines": [], "start_line": 48, "executed_branches": [], "missing_branches": []}, "create_career": {"executed_lines": [61, 62], "summary": {"covered_lines": 2, "num_statements": 4, "percent_covered": 50.0, "percent_covered_display": "50", "missing_lines": 2, "excluded_lines": 0, "percent_statements_covered": 50.0, "percent_statements_covered_display": "50", "num_branches": 0, "num_partial_branches": 0, "covered_branches": 0, "missing_branches": 0, "percent_branches_covered": 100.0, "percent_branches_covered_display": "100"}, "missing_lines": [63, 64], "excluded_lines": [], "start_line": 56, "executed_branches": [], "missing_branches": []}, "list_subjects": {"executed_lines": [], "summary": {"covered_lines": 0, "num_statements": 1, "percent_covered": 0.0, "percent_covered_display": "0", "missing_lines": 1, "excluded_lines": 0, "percent_statements_covered": 0.0, "percent_statements_covered_display": "0", "num_branches": 0, "num_partial_branches": 0, "covered_branches": 0, "missing_branches": 0, "percent_branches_covered": 100.0, "percent_branches_covered_display": "100"}, "missing_lines": [72], "excluded_lines": [], "start_line": 68, "executed_branches": [], "missing_branches": []}, "create_subject": {"executed_lines": [81, 82, 83, 84], "summary": {"covered_lines": 4, "num_statements": 6, "percent_covered": 66.66666666666667, "percent_covered_display": "67", "missing_lines": 2, "excluded_lines": 0, "percent_statements_covered": 66.66666666666667, "percent_statements_covered_display": "67", "num_branches": 0, "num_partial_branches": 0, "covered_branches": 0, "missing_branches": 0, "percent_branches_covered": 100.0, "percent_branches_covered_display": "100"}, "missing_lines": [85, 86], "excluded_lines": [], "start_line": 76, "executed_branches": [], "missing_branches": []}, "list_curricula": {"executed_lines": [], "summary": {"covered_lines": 0, "num_statements": 1, "percent_covered": 0.0, "percent_covered_display": "0", "missing_lines": 1, "excluded_lines": 0, "percent_statements_covered": 0.0, "percent_statements_covered_display": "0", "num_branches": 0, "num_partial_branches": 0, "covered_branches": 0, "missing_branches": 0, "percent_branches_covered": 100.0, "percent_branches_covered_display": "100"}, "missing_lines": [94], "excluded_lines": [], "start_line": 90, "executed_branches": [], "missing_branches": []}, "create_curriculum": {"executed_lines": [103, 104, 105], "summary": {"covered_lines": 3, "num_statements": 5, "percent_covered": 60.0, "percent_covered_display": "60", "missing_lines": 2, "excluded_lines": 0, "percent_statements_covered": 60.0, "percent_statements_covered_display": "60", "num_branches": 0, "num_partial_branches": 0, "covered_branches": 0, "missing_branches": 0, "percent_branches_covered": 100.0, "percent_branches_covered_display": "100"}, "missing_lines": [106, 107], "excluded_lines": [], "start_line": 98, "executed_branches": [], "missing_branches": []}, "add_curriculum_subject": {"executed_lines": [117, 118, 121, 124], "summary": {"covered_lines": 4, "num_statements": 6, "percent_covered": 66.66666666666667, "percent_covered_display": "67", "missing_lines": 2, "excluded_lines": 0, "percent_statements_covered": 66.66666666666667, "percent_statements_covered_display": "67", "num_branches": 0, "num_partial_branches": 0, "covered_branches": 0, "missing_branches": 0, "percent_branches_covered": 100.0, "percent_branches_covered_display": "100"}, "missing_lines": [125, 126], "excluded_lines": [], "start_line": 111, "executed_branches": [], "missing_branches": []}, "list_terms": {"executed_lines": [], "summary": {"covered_lines": 0, "num_statements": 1, "percent_covered": 0.0, "percent_covered_display": "0", "missing_lines": 1, "excluded_lines": 0, "percent_statements_covered": 0.0, "percent_statements_covered_display": "0", "num_branches": 0, "num_partial_branches": 0, "covered_branches": 0, "missing_branches": 0, "percent_branches_covered": 100.0, "percent_branches_covered_display": "100"}, "missing_lines": [134], "excluded_lines": [], "start_line": 130, "executed_branches": [], "missing_branches": []}, "create_term": {"executed_lines": [143, 144], "summary": {"covered_lines": 2, "num_statements": 4, "percent_covered": 50.0, "percent_covered_display": "50", "missing_lines": 2, "excluded_lines": 0, "percent_statements_covered": 50.0, "percent_statements_covered_display": "50", "num_branches": 0, "num_partial_branches": 0, "covered_branches": 0, "missing_branches": 0, "percent_branches_covered": 100.0, "percent_branches_covered_display": "100"}, "missing_lines": [145, 146], "excluded_lines": [], "start_line": 138, "executed_branches": [], "missing_branches": []}, "set_term_status": {"executed_lines": [156, 157], "summary": {"covered_lines": 2, "num_statements": 4, "percent_covered": 50.0, "percent_covered_display": "50", "missing_lines": 2, "excluded_lines": 0, "percent_statements_covered": 50.0, "percent_statements_covered_display": "50", "num_branches": 0, "num_partial_branches": 0, "covered_branches": 0, "missing_branches": 0, "percent_branches_covered": 100.0, "percent_branches_covered_display": "100"}, "missing_lines": [158, 159], "excluded_lines": [], "start_line": 150, "executed_branches": [], "missing_branches": []}, "check_term_writable": {"executed_lines": [169, 170, 172, 173], "summary": {"covered_lines": 4, "num_statements": 5, "percent_covered": 80.0, "percent_covered_display": "80", "missing_lines": 1, "excluded_lines": 0, "percent_statements_covered": 80.0, "percent_statements_covered_display": "80", "num_branches": 0, "num_partial_branches": 0, "covered_branches": 0, "missing_branches": 0, "percent_branches_covered": 100.0, "percent_branches_covered_display": "100"}, "missing_lines": [171], "excluded_lines": [], "start_line": 163, "executed_branches": [], "missing_branches": []}, "list_students": {"executed_lines": [], "summary": {"covered_lines": 0, "num_statements": 1, "percent_covered": 0.0, "percent_covered_display": "0", "missing_lines": 1, "excluded_lines": 0, "percent_statements_covered": 0.0, "percent_statements_covered_display": "0", "num_branches": 0, "num_partial_branches": 0, "covered_branches": 0, "missing_branches": 0, "percent_branches_covered": 100.0, "percent_branches_covered_display": "100"}, "missing_lines": [181], "excluded_lines": [], "start_line": 177, "executed_branches": [], "missing_branches": []}, "create_student": {"executed_lines": [190, 191], "summary": {"covered_lines": 2, "num_statements": 4, "percent_covered": 50.0, "percent_covered_display": "50", "missing_lines": 2, "excluded_lines": 0, "percent_statements_covered": 50.0, "percent_statements_covered_display": "50", "num_branches": 0, "num_partial_branches": 0, "covered_branches": 0, "missing_branches": 0, "percent_branches_covered": 100.0, "percent_branches_covered_display": "100"}, "missing_lines": [192, 193], "excluded_lines": [], "start_line": 185, "executed_branches": [], "missing_branches": []}, "list_teachers": {"executed_lines": [], "summary": {"covered_lines": 0, "num_statements": 1, "percent_covered": 0.0, "percent_covered_display": "0", "missing_lines": 1, "excluded_lines": 0, "percent_statements_covered": 0.0, "percent_statements_covered_display": "0", "num_branches": 0, "num_partial_branches": 0, "covered_branches": 0, "missing_branches": 0, "percent_branches_covered": 100.0, "percent_branches_covered_display": "100"}, "missing_lines": [201], "excluded_lines": [], "start_line": 197, "executed_branches": [], "missing_branches": []}, "create_teacher": {"executed_lines": [210, 211], "summary": {"covered_lines": 2, "num_statements": 4, "percent_covered": 50.0, "percent_covered_display": "50", "missing_lines": 2, "excluded_lines": 0, "percent_statements_covered": 50.0, "percent_statements_covered_display": "50", "num_branches": 0, "num_partial_branches": 0, "covered_branches": 0, "missing_branches": 0, "percent_branches_covered": 100.0, "percent_branches_covered_display": "100"}, "missing_lines": [212, 213], "excluded_lines": [], "start_line": 205, "executed_branches": [], "missing_branches": []}, "": {"executed_lines": [4, 6, 7, 9, 10, 11, 12, 29, 31, 34, 47, 48, 55, 56, 67, 68, 75, 76, 89, 90, 97, 98, 110, 111, 129, 130, 137, 138, 149, 150, 162, 163, 176, 177, 184, 185, 196, 197, 204, 205], "summary": {"covered_lines": 40, "num_statements": 40, "percent_covered": 100.0, "percent_covered_display": "100", "missing_lines": 0, "excluded_lines": 0, "percent_statements_covered": 100.0, "percent_statements_covered_display": "100", "num_branches": 0, "num_partial_branches": 0, "covered_branches": 0, "missing_branches": 0, "percent_branches_covered": 100.0, "percent_branches_covered_display": "100"}, "missing_lines": [], "excluded_lines": [], "start_line": 1, "executed_branches": [], "missing_branches": []}}, "classes": {"": {"executed_lines": [4, 6, 7, 9, 10, 11, 12, 29, 31, 34, 35, 37, 38, 47, 48, 55, 56, 61, 62, 67, 68, 75, 76, 81, 82, 83, 84, 89, 90, 97, 98, 103, 104, 105, 110, 111, 117, 118, 121, 124, 129, 130, 137, 138, 143, 144, 149, 150, 156, 157, 162, 163, 169, 170, 172, 173, 176, 177, 184, 185, 190, 191, 196, 197, 204, 205, 210, 211], "summary": {"covered_lines": 68, "num_statements": 95, "percent_covered": 69.3069306930693, "percent_covered_display": "69", "missing_lines": 27, "excluded_lines": 0, "percent_statements_covered": 71.57894736842105, "percent_statements_covered_display": "72", "num_branches": 6, "num_partial_branches": 2, "covered_branches": 2, "missing_branches": 4, "percent_branches_covered": 33.333333333333336, "percent_branches_covered_display": "33"}, "missing_lines": [36, 42, 43, 44, 52, 63, 64, 72, 85, 86, 94, 106, 107, 125, 126, 134, 145, 146, 158, 159, 171, 181, 192, 193, 201, 212, 213], "excluded_lines": [], "start_line": 1, "executed_branches": [[35, 37], [37, 38]], "missing_branches": [[35, 36], [37, 42], [42, 43], [42, 44]]}}}, "app\\backend\\app\\api\\evaluation.py": {"executed_lines": [4, 6, 7, 9, 10, 11, 12, 25, 26, 27, 29, 32, 33, 35, 40, 41, 50, 51, 56, 57, 58, 59, 60, 61, 64, 65, 73, 74, 79, 80, 81, 82, 87, 88, 106, 107, 111, 112, 113, 114, 119, 120, 126, 127, 129, 130, 133, 134, 141, 142, 147, 148, 149, 150, 155, 156, 161, 162, 163, 164, 169, 173, 179, 182, 187, 188, 193, 194, 199, 200, 204, 205, 206, 207, 212, 213], "summary": {"covered_lines": 76, "num_statements": 117, "percent_covered": 60.0, "percent_covered_display": "60", "missing_lines": 41, "excluded_lines": 0, "percent_statements_covered": 64.95726495726495, "percent_statements_covered_display": "65", "num_branches": 18, "num_partial_branches": 5, "covered_branches": 5, "missing_branches": 13, "percent_branches_covered": 27.77777777777778, "percent_branches_covered_display": "28"}, "missing_lines": [34, 36, 45, 46, 47, 70, 83, 84, 95, 96, 97, 98, 99, 100, 101, 102, 103, 115, 116, 128, 131, 132, 138, 151, 152, 165, 166, 195, 196, 208, 209, 218, 219, 220, 221, 222, 223, 224, 225, 226, 230], "excluded_lines": [], "executed_branches": [[33, 35], [35, 40], [40, 41], [127, 129], [133, 134]], "missing_branches": [[33, 34], [35, 36], [40, 45], [45, 46], [45, 47], [96, 97], [96, 103], [127, 128], [133, 138], [218, 219], [218, 220], [225, 226], [225, 230]], "functions": {"_map_err": {"executed_lines": [33, 35, 40, 41], "summary": {"covered_lines": 4, "num_statements": 9, "percent_covered": 41.1764705882353, "percent_covered_display": "41", "missing_lines": 5, "excluded_lines": 0, "percent_statements_covered": 44.44444444444444, "percent_statements_covered_display": "44", "num_branches": 8, "num_partial_branches": 3, "covered_branches": 3, "missing_branches": 5, "percent_branches_covered": 37.5, "percent_branches_covered_display": "38"}, "missing_lines": [34, 36, 45, 46, 47], "excluded_lines": [], "start_line": 32, "executed_branches": [[33, 35], [35, 40], [40, 41]], "missing_branches": [[33, 34], [35, 36], [40, 45], [45, 46], [45, 47]]}, "create_evaluation": {"executed_lines": [56, 57, 58, 59, 60, 61], "summary": {"covered_lines": 6, "num_statements": 6, "percent_covered": 100.0, "percent_covered_display": "100", "missing_lines": 0, "excluded_lines": 0, "percent_statements_covered": 100.0, "percent_statements_covered_display": "100", "num_branches": 0, "num_partial_branches": 0, "covered_branches": 0, "missing_branches": 0, "percent_branches_covered": 100.0, "percent_branches_covered_display": "100"}, "missing_lines": [], "excluded_lines": [], "start_line": 51, "executed_branches": [], "missing_branches": []}, "list_evaluations": {"executed_lines": [], "summary": {"covered_lines": 0, "num_statements": 1, "percent_covered": 0.0, "percent_covered_display": "0", "missing_lines": 1, "excluded_lines": 0, "percent_statements_covered": 0.0, "percent_statements_covered_display": "0", "num_branches": 0, "num_partial_branches": 0, "covered_branches": 0, "missing_branches": 0, "percent_branches_covered": 100.0, "percent_branches_covered_display": "100"}, "missing_lines": [70], "excluded_lines": [], "start_line": 65, "executed_branches": [], "missing_branches": []}, "upsert_grade": {"executed_lines": [79, 80, 81, 82], "summary": {"covered_lines": 4, "num_statements": 6, "percent_covered": 66.66666666666667, "percent_covered_display": "67", "missing_lines": 2, "excluded_lines": 0, "percent_statements_covered": 66.66666666666667, "percent_statements_covered_display": "67", "num_branches": 0, "num_partial_branches": 0, "covered_branches": 0, "missing_branches": 0, "percent_branches_covered": 100.0, "percent_branches_covered_display": "100"}, "missing_lines": [83, 84], "excluded_lines": [], "start_line": 74, "executed_branches": [], "missing_branches": []}, "list_course_grades": {"executed_lines": [], "summary": {"covered_lines": 0, "num_statements": 9, "percent_covered": 0.0, "percent_covered_display": "0", "missing_lines": 9, "excluded_lines": 0, "percent_statements_covered": 0.0, "percent_statements_covered_display": "0", "num_branches": 2, "num_partial_branches": 0, "covered_branches": 0, "missing_branches": 2, "percent_branches_covered": 0.0, "percent_branches_covered_display": "0"}, "missing_lines": [95, 96, 97, 98, 99, 100, 101, 102, 103], "excluded_lines": [], "start_line": 88, "executed_branches": [], "missing_branches": [[96, 97], [96, 103]]}, "my_grades": {"executed_lines": [111, 112, 113, 114], "summary": {"covered_lines": 4, "num_statements": 6, "percent_covered": 66.66666666666667, "percent_covered_display": "67", "missing_lines": 2, "excluded_lines": 0, "percent_statements_covered": 66.66666666666667, "percent_statements_covered_display": "67", "num_branches": 0, "num_partial_branches": 0, "covered_branches": 0, "missing_branches": 0, "percent_branches_covered": 100.0, "percent_branches_covered_display": "100"}, "missing_lines": [115, 116], "excluded_lines": [], "start_line": 107, "executed_branches": [], "missing_branches": []}, "grades_by_student": {"executed_lines": [126, 127, 129, 130, 133, 134], "summary": {"covered_lines": 6, "num_statements": 10, "percent_covered": 57.142857142857146, "percent_covered_display": "57", "missing_lines": 4, "excluded_lines": 0, "percent_statements_covered": 60.0, "percent_statements_covered_display": "60", "num_branches": 4, "num_partial_branches": 2, "covered_branches": 2, "missing_branches": 2, "percent_branches_covered": 50.0, "percent_branches_covered_display": "50"}, "missing_lines": [128, 131, 132, 138], "excluded_lines": [], "start_line": 120, "executed_branches": [[127, 129], [133, 134]], "missing_branches": [[127, 128], [133, 138]]}, "create_session": {"executed_lines": [147, 148, 149, 150], "summary": {"covered_lines": 4, "num_statements": 6, "percent_covered": 66.66666666666667, "percent_covered_display": "67", "missing_lines": 2, "excluded_lines": 0, "percent_statements_covered": 66.66666666666667, "percent_statements_covered_display": "67", "num_branches": 0, "num_partial_branches": 0, "covered_branches": 0, "missing_branches": 0, "percent_branches_covered": 100.0, "percent_branches_covered_display": "100"}, "missing_lines": [151, 152], "excluded_lines": [], "start_line": 142, "executed_branches": [], "missing_branches": []}, "mark_attendance": {"executed_lines": [161, 162, 163, 164], "summary": {"covered_lines": 4, "num_statements": 6, "percent_covered": 66.66666666666667, "percent_covered_display": "67", "missing_lines": 2, "excluded_lines": 0, "percent_statements_covered": 66.66666666666667, "percent_statements_covered_display": "67", "num_branches": 0, "num_partial_branches": 0, "covered_branches": 0, "missing_branches": 0, "percent_branches_covered": 100.0, "percent_branches_covered_display": "100"}, "missing_lines": [165, 166], "excluded_lines": [], "start_line": 156, "executed_branches": [], "missing_branches": []}, "attendance_percent": {"executed_lines": [179, 182], "summary": {"covered_lines": 2, "num_statements": 2, "percent_covered": 100.0, "percent_covered_display": "100", "missing_lines": 0, "excluded_lines": 0, "percent_statements_covered": 100.0, "percent_statements_covered_display": "100", "num_branches": 0, "num_partial_branches": 0, "covered_branches": 0, "missing_branches": 0, "percent_branches_covered": 100.0, "percent_branches_covered_display": "100"}, "missing_lines": [], "excluded_lines": [], "start_line": 173, "executed_branches": [], "missing_branches": []}, "upsert_kardex": {"executed_lines": [193, 194], "summary": {"covered_lines": 2, "num_statements": 4, "percent_covered": 50.0, "percent_covered_display": "50", "missing_lines": 2, "excluded_lines": 0, "percent_statements_covered": 50.0, "percent_statements_covered_display": "50", "num_branches": 0, "num_partial_branches": 0, "covered_branches": 0, "missing_branches": 0, "percent_branches_covered": 100.0, "percent_branches_covered_display": "100"}, "missing_lines": [195, 196], "excluded_lines": [], "start_line": 188, "executed_branches": [], "missing_branches": []}, "my_kardex": {"executed_lines": [204, 205, 206, 207], "summary": {"covered_lines": 4, "num_statements": 6, "percent_covered": 66.66666666666667, "percent_covered_display": "67", "missing_lines": 2, "excluded_lines": 0, "percent_statements_covered": 66.66666666666667, "percent_statements_covered_display": "67", "num_branches": 0, "num_partial_branches": 0, "covered_branches": 0, "missing_branches": 0, "percent_branches_covered": 100.0, "percent_branches_covered_display": "100"}, "missing_lines": [208, 209], "excluded_lines": [], "start_line": 200, "executed_branches": [], "missing_branches": []}, "kardex_by_student": {"executed_lines": [], "summary": {"covered_lines": 0, "num_statements": 10, "percent_covered": 0.0, "percent_covered_display": "0", "missing_lines": 10, "excluded_lines": 0, "percent_statements_covered": 0.0, "percent_statements_covered_display": "0", "num_branches": 4, "num_partial_branches": 0, "covered_branches": 0, "missing_branches": 4, "percent_branches_covered": 0.0, "percent_branches_covered_display": "0"}, "missing_lines": [218, 219, 220, 221, 222, 223, 224, 225, 226, 230], "excluded_lines": [], "start_line": 213, "executed_branches": [], "missing_branches": [[218, 219], [218, 220], [225, 226], [225, 230]]}, "": {"executed_lines": [4, 6, 7, 9, 10, 11, 12, 25, 26, 27, 29, 32, 50, 51, 64, 65, 73, 74, 87, 88, 106, 107, 119, 120, 141, 142, 155, 156, 169, 173, 187, 188, 199, 200, 212, 213], "summary": {"covered_lines": 36, "num_statements": 36, "percent_covered": 100.0, "percent_covered_display": "100", "missing_lines": 0, "excluded_lines": 0, "percent_statements_covered": 100.0, "percent_statements_covered_display": "100", "num_branches": 0, "num_partial_branches": 0, "covered_branches": 0, "missing_branches": 0, "percent_branches_covered": 100.0, "percent_branches_covered_display": "100"}, "missing_lines": [], "excluded_lines": [], "start_line": 1, "executed_branches": [], "missing_branches": []}}, "classes": {"": {"executed_lines": [4, 6, 7, 9, 10, 11, 12, 25, 26, 27, 29, 32, 33, 35, 40, 41, 50, 51, 56, 57, 58, 59, 60, 61, 64, 65, 73, 74, 79, 80, 81, 82, 87, 88, 106, 107, 111, 112, 113, 114, 119, 120, 126, 127, 129, 130, 133, 134, 141, 142, 147, 148, 149, 150, 155, 156, 161, 162, 163, 164, 169, 173, 179, 182, 187, 188, 193, 194, 199, 200, 204, 205, 206, 207, 212, 213], "summary": {"covered_lines": 76, "num_statements": 117, "percent_covered": 60.0, "percent_covered_display": "60", "missing_lines": 41, "excluded_lines": 0, "percent_statements_covered": 64.95726495726495, "percent_statements_covered_display": "65", "num_branches": 18, "num_partial_branches": 5, "covered_branches": 5, "missing_branches": 13, "percent_branches_covered": 27.77777777777778, "percent_branches_covered_display": "28"}, "missing_lines": [34, 36, 45, 46, 47, 70, 83, 84, 95, 96, 97, 98, 99, 100, 101, 102, 103, 115, 116, 128, 131, 132, 138, 151, 152, 165, 166, 195, 196, 208, 209, 218, 219, 220, 221, 222, 223, 224, 225, 226, 230], "excluded_lines": [], "start_line": 1, "executed_branches": [[33, 35], [35, 40], [40, 41], [127, 129], [133, 134]], "missing_branches": [[33, 34], [35, 36], [40, 45], [45, 46], [45, 47], [96, 97], [96, 103], [127, 128], [133, 138], [218, 219], [218, 220], [225, 226], [225, 230]]}}}, "app\\backend\\app\\api\\health.py": {"executed_lines": [4, 6, 7, 9, 12, 13, 15, 16, 25, 26, 28, 29, 30, 32], "summary": {"covered_lines": 14, "num_statements": 15, "percent_covered": 88.23529411764706, "percent_covered_display": "88", "missing_lines": 1, "excluded_lines": 0, "percent_statements_covered": 93.33333333333333, "percent_statements_covered_display": "93", "num_branches": 2, "num_partial_branches": 1, "covered_branches": 1, "missing_branches": 1, "percent_branches_covered": 50.0, "percent_branches_covered_display": "50"}, "missing_lines": [31], "excluded_lines": [], "executed_branches": [[30, 32]], "missing_branches": [[30, 31]], "functions": {"health": {"executed_lines": [15, 16], "summary": {"covered_lines": 2, "num_statements": 2, "percent_covered": 100.0, "percent_covered_display": "100", "missing_lines": 0, "excluded_lines": 0, "percent_statements_covered": 100.0, "percent_statements_covered_display": "100", "num_branches": 0, "num_partial_branches": 0, "covered_branches": 0, "missing_branches": 0, "percent_branches_covered": 100.0, "percent_branches_covered_display": "100"}, "missing_lines": [], "excluded_lines": [], "start_line": 13, "executed_branches": [], "missing_branches": []}, "ready": {"executed_lines": [28, 29, 30, 32], "summary": {"covered_lines": 4, "num_statements": 5, "percent_covered": 71.42857142857143, "percent_covered_display": "71", "missing_lines": 1, "excluded_lines": 0, "percent_statements_covered": 80.0, "percent_statements_covered_display": "80", "num_branches": 2, "num_partial_branches": 1, "covered_branches": 1, "missing_branches": 1, "percent_branches_covered": 50.0, "percent_branches_covered_display": "50"}, "missing_lines": [31], "excluded_lines": [], "start_line": 26, "executed_branches": [[30, 32]], "missing_branches": [[30, 31]]}, "": {"executed_lines": [4, 6, 7, 9, 12, 13, 25, 26], "summary": {"covered_lines": 8, "num_statements": 8, "percent_covered": 100.0, "percent_covered_display": "100", "missing_lines": 0, "excluded_lines": 0, "percent_statements_covered": 100.0, "percent_statements_covered_display": "100", "num_branches": 0, "num_partial_branches": 0, "covered_branches": 0, "missing_branches": 0, "percent_branches_covered": 100.0, "percent_branches_covered_display": "100"}, "missing_lines": [], "excluded_lines": [], "start_line": 1, "executed_branches": [], "missing_branches": []}}, "classes": {"": {"executed_lines": [4, 6, 7, 9, 12, 13, 15, 16, 25, 26, 28, 29, 30, 32], "summary": {"covered_lines": 14, "num_statements": 15, "percent_covered": 88.23529411764706, "percent_covered_display": "88", "missing_lines": 1, "excluded_lines": 0, "percent_statements_covered": 93.33333333333333, "percent_statements_covered_display": "93", "num_branches": 2, "num_partial_branches": 1, "covered_branches": 1, "missing_branches": 1, "percent_branches_covered": 50.0, "percent_branches_covered_display": "50"}, "missing_lines": [31], "excluded_lines": [], "start_line": 1, "executed_branches": [[30, 32]], "missing_branches": [[30, 31]]}}}, "app\\backend\\app\\api\\operations.py": {"executed_lines": [4, 6, 7, 9, 10, 11, 12, 25, 26, 32, 35, 36, 38, 39, 43, 45, 46, 52, 53, 61, 62, 67, 68, 69, 70, 73, 74, 82, 83, 88, 89, 94, 95, 102, 105, 113, 114, 122, 123, 128, 129, 134, 135, 146, 147, 154, 155, 160, 161, 166, 167, 175, 176, 181, 182, 183, 184], "summary": {"covered_lines": 57, "num_statements": 77, "percent_covered": 71.26436781609195, "percent_covered_display": "71", "missing_lines": 20, "excluded_lines": 0, "percent_statements_covered": 74.02597402597402, "percent_statements_covered_display": "74", "num_branches": 10, "num_partial_branches": 3, "covered_branches": 5, "missing_branches": 5, "percent_branches_covered": 50.0, "percent_branches_covered_display": "50"}, "missing_lines": [37, 44, 47, 48, 49, 58, 79, 90, 91, 119, 130, 131, 140, 141, 142, 143, 151, 162, 163, 172], "excluded_lines": [], "executed_branches": [[36, 38], [38, 39], [38, 43], [43, 45], [45, 46]], "missing_branches": [[36, 37], [43, 44], [45, 47], [47, 48], [47, 49]], "functions": {"_map_err": {"executed_lines": [36, 38, 39, 43, 45, 46], "summary": {"covered_lines": 6, "num_statements": 11, "percent_covered": 52.38095238095238, "percent_covered_display": "52", "missing_lines": 5, "excluded_lines": 0, "percent_statements_covered": 54.54545454545455, "percent_statements_covered_display": "55", "num_branches": 10, "num_partial_branches": 3, "covered_branches": 5, "missing_branches": 5, "percent_branches_covered": 50.0, "percent_branches_covered_display": "50"}, "missing_lines": [37, 44, 47, 48, 49], "excluded_lines": [], "start_line": 35, "executed_branches": [[36, 38], [38, 39], [38, 43], [43, 45], [45, 46]], "missing_branches": [[36, 37], [43, 44], [45, 47], [47, 48], [47, 49]]}, "list_courses": {"executed_lines": [], "summary": {"covered_lines": 0, "num_statements": 1, "percent_covered": 0.0, "percent_covered_display": "0", "missing_lines": 1, "excluded_lines": 0, "percent_statements_covered": 0.0, "percent_statements_covered_display": "0", "num_branches": 0, "num_partial_branches": 0, "covered_branches": 0, "missing_branches": 0, "percent_branches_covered": 100.0, "percent_branches_covered_display": "100"}, "missing_lines": [58], "excluded_lines": [], "start_line": 53, "executed_branches": [], "missing_branches": []}, "create_course": {"executed_lines": [67, 68, 69, 70], "summary": {"covered_lines": 4, "num_statements": 4, "percent_covered": 100.0, "percent_covered_display": "100", "missing_lines": 0, "excluded_lines": 0, "percent_statements_covered": 100.0, "percent_statements_covered_display": "100", "num_branches": 0, "num_partial_branches": 0, "covered_branches": 0, "missing_branches": 0, "percent_branches_covered": 100.0, "percent_branches_covered_display": "100"}, "missing_lines": [], "excluded_lines": [], "start_line": 62, "executed_branches": [], "missing_branches": []}, "list_assignments": {"executed_lines": [], "summary": {"covered_lines": 0, "num_statements": 1, "percent_covered": 0.0, "percent_covered_display": "0", "missing_lines": 1, "excluded_lines": 0, "percent_statements_covered": 0.0, "percent_statements_covered_display": "0", "num_branches": 0, "num_partial_branches": 0, "covered_branches": 0, "missing_branches": 0, "percent_branches_covered": 100.0, "percent_branches_covered_display": "100"}, "missing_lines": [79], "excluded_lines": [], "start_line": 74, "executed_branches": [], "missing_branches": []}, "assign_teacher": {"executed_lines": [88, 89], "summary": {"covered_lines": 2, "num_statements": 4, "percent_covered": 50.0, "percent_covered_display": "50", "missing_lines": 2, "excluded_lines": 0, "percent_statements_covered": 50.0, "percent_statements_covered_display": "50", "num_branches": 0, "num_partial_branches": 0, "covered_branches": 0, "missing_branches": 0, "percent_branches_covered": 100.0, "percent_branches_covered_display": "100"}, "missing_lines": [90, 91], "excluded_lines": [], "start_line": 83, "executed_branches": [], "missing_branches": []}, "check_assignment": {"executed_lines": [102, 105], "summary": {"covered_lines": 2, "num_statements": 2, "percent_covered": 100.0, "percent_covered_display": "100", "missing_lines": 0, "excluded_lines": 0, "percent_statements_covered": 100.0, "percent_statements_covered_display": "100", "num_branches": 0, "num_partial_branches": 0, "covered_branches": 0, "missing_branches": 0, "percent_branches_covered": 100.0, "percent_branches_covered_display": "100"}, "missing_lines": [], "excluded_lines": [], "start_line": 95, "executed_branches": [], "missing_branches": []}, "list_enrollments": {"executed_lines": [], "summary": {"covered_lines": 0, "num_statements": 1, "percent_covered": 0.0, "percent_covered_display": "0", "missing_lines": 1, "excluded_lines": 0, "percent_statements_covered": 0.0, "percent_statements_covered_display": "0", "num_branches": 0, "num_partial_branches": 0, "covered_branches": 0, "missing_branches": 0, "percent_branches_covered": 100.0, "percent_branches_covered_display": "100"}, "missing_lines": [119], "excluded_lines": [], "start_line": 114, "executed_branches": [], "missing_branches": []}, "enroll": {"executed_lines": [128, 129], "summary": {"covered_lines": 2, "num_statements": 4, "percent_covered": 50.0, "percent_covered_display": "50", "missing_lines": 2, "excluded_lines": 0, "percent_statements_covered": 50.0, "percent_statements_covered_display": "50", "num_branches": 0, "num_partial_branches": 0, "covered_branches": 0, "missing_branches": 0, "percent_branches_covered": 100.0, "percent_branches_covered_display": "100"}, "missing_lines": [130, 131], "excluded_lines": [], "start_line": 123, "executed_branches": [], "missing_branches": []}, "cancel_enrollment": {"executed_lines": [], "summary": {"covered_lines": 0, "num_statements": 4, "percent_covered": 0.0, "percent_covered_display": "0", "missing_lines": 4, "excluded_lines": 0, "percent_statements_covered": 0.0, "percent_statements_covered_display": "0", "num_branches": 0, "num_partial_branches": 0, "covered_branches": 0, "missing_branches": 0, "percent_branches_covered": 100.0, "percent_branches_covered_display": "100"}, "missing_lines": [140, 141, 142, 143], "excluded_lines": [], "start_line": 135, "executed_branches": [], "missing_branches": []}, "list_classrooms": {"executed_lines": [], "summary": {"covered_lines": 0, "num_statements": 1, "percent_covered": 0.0, "percent_covered_display": "0", "missing_lines": 1, "excluded_lines": 0, "percent_statements_covered": 0.0, "percent_statements_covered_display": "0", "num_branches": 0, "num_partial_branches": 0, "covered_branches": 0, "missing_branches": 0, "percent_branches_covered": 100.0, "percent_branches_covered_display": "100"}, "missing_lines": [151], "excluded_lines": [], "start_line": 147, "executed_branches": [], "missing_branches": []}, "create_classroom": {"executed_lines": [160, 161], "summary": {"covered_lines": 2, "num_statements": 4, "percent_covered": 50.0, "percent_covered_display": "50", "missing_lines": 2, "excluded_lines": 0, "percent_statements_covered": 50.0, "percent_statements_covered_display": "50", "num_branches": 0, "num_partial_branches": 0, "covered_branches": 0, "missing_branches": 0, "percent_branches_covered": 100.0, "percent_branches_covered_display": "100"}, "missing_lines": [162, 163], "excluded_lines": [], "start_line": 155, "executed_branches": [], "missing_branches": []}, "list_schedules": {"executed_lines": [], "summary": {"covered_lines": 0, "num_statements": 1, "percent_covered": 0.0, "percent_covered_display": "0", "missing_lines": 1, "excluded_lines": 0, "percent_statements_covered": 0.0, "percent_statements_covered_display": "0", "num_branches": 0, "num_partial_branches": 0, "covered_branches": 0, "missing_branches": 0, "percent_branches_covered": 100.0, "percent_branches_covered_display": "100"}, "missing_lines": [172], "excluded_lines": [], "start_line": 167, "executed_branches": [], "missing_branches": []}, "create_schedule": {"executed_lines": [181, 182, 183, 184], "summary": {"covered_lines": 4, "num_statements": 4, "percent_covered": 100.0, "percent_covered_display": "100", "missing_lines": 0, "excluded_lines": 0, "percent_statements_covered": 100.0, "percent_statements_covered_display": "100", "num_branches": 0, "num_partial_branches": 0, "covered_branches": 0, "missing_branches": 0, "percent_branches_covered": 100.0, "percent_branches_covered_display": "100"}, "missing_lines": [], "excluded_lines": [], "start_line": 176, "executed_branches": [], "missing_branches": []}, "": {"executed_lines": [4, 6, 7, 9, 10, 11, 12, 25, 26, 32, 35, 52, 53, 61, 62, 73, 74, 82, 83, 94, 95, 113, 114, 122, 123, 134, 135, 146, 147, 154, 155, 166, 167, 175, 176], "summary": {"covered_lines": 35, "num_statements": 35, "percent_covered": 100.0, "percent_covered_display": "100", "missing_lines": 0, "excluded_lines": 0, "percent_statements_covered": 100.0, "percent_statements_covered_display": "100", "num_branches": 0, "num_partial_branches": 0, "covered_branches": 0, "missing_branches": 0, "percent_branches_covered": 100.0, "percent_branches_covered_display": "100"}, "missing_lines": [], "excluded_lines": [], "start_line": 1, "executed_branches": [], "missing_branches": []}}, "classes": {"": {"executed_lines": [4, 6, 7, 9, 10, 11, 12, 25, 26, 32, 35, 36, 38, 39, 43, 45, 46, 52, 53, 61, 62, 67, 68, 69, 70, 73, 74, 82, 83, 88, 89, 94, 95, 102, 105, 113, 114, 122, 123, 128, 129, 134, 135, 146, 147, 154, 155, 160, 161, 166, 167, 175, 176, 181, 182, 183, 184], "summary": {"covered_lines": 57, "num_statements": 77, "percent_covered": 71.26436781609195, "percent_covered_display": "71", "missing_lines": 20, "excluded_lines": 0, "percent_statements_covered": 74.02597402597402, "percent_statements_covered_display": "74", "num_branches": 10, "num_partial_branches": 3, "covered_branches": 5, "missing_branches": 5, "percent_branches_covered": 50.0, "percent_branches_covered_display": "50"}, "missing_lines": [37, 44, 47, 48, 49, 58, 79, 90, 91, 119, 130, 131, 140, 141, 142, 143, 151, 162, 163, 172], "excluded_lines": [], "start_line": 1, "executed_branches": [[36, 38], [38, 39], [38, 43], [43, 45], [45, 46]], "missing_branches": [[36, 37], [43, 44], [45, 47], [47, 48], [47, 49]]}}}, "app\\backend\\app\\api\\platform.py": {"executed_lines": [4, 6, 7, 9, 10, 11, 12, 22, 23, 25, 28, 29, 31, 32, 36, 37, 38, 39, 47, 48, 52, 53, 56, 57, 61, 62, 68, 69, 74, 75, 76, 82, 83, 84, 87, 88, 93, 94, 97, 98, 103, 110, 111, 116, 117, 118, 124, 130, 135, 136, 141, 142, 145, 146, 149, 150, 154, 157, 158, 164, 165, 169], "summary": {"covered_lines": 62, "num_statements": 67, "percent_covered": 89.6103896103896, "percent_covered_display": "90", "missing_lines": 5, "excluded_lines": 0, "percent_statements_covered": 92.53731343283582, "percent_statements_covered_display": "93", "num_branches": 10, "num_partial_branches": 3, "covered_branches": 7, "missing_branches": 3, "percent_branches_covered": 70.0, "percent_branches_covered_display": "70"}, "missing_lines": [30, 43, 44, 131, 132], "excluded_lines": [], "executed_branches": [[29, 31], [31, 32], [31, 36], [36, 37], [38, 39], [164, 165], [164, 169]], "missing_branches": [[29, 30], [36, 44], [38, 43]], "functions": {"_map_err": {"executed_lines": [29, 31, 32, 36, 37, 38, 39], "summary": {"covered_lines": 7, "num_statements": 10, "percent_covered": 66.66666666666667, "percent_covered_display": "67", "missing_lines": 3, "excluded_lines": 0, "percent_statements_covered": 70.0, "percent_statements_covered_display": "70", "num_branches": 8, "num_partial_branches": 3, "covered_branches": 5, "missing_branches": 3, "percent_branches_covered": 62.5, "percent_branches_covered_display": "62"}, "missing_lines": [30, 43, 44], "excluded_lines": [], "start_line": 28, "executed_branches": [[29, 31], [31, 32], [31, 36], [36, 37], [38, 39]], "missing_branches": [[29, 30], [36, 44], [38, 43]]}, "dashboard": {"executed_lines": [52, 53], "summary": {"covered_lines": 2, "num_statements": 2, "percent_covered": 100.0, "percent_covered_display": "100", "missing_lines": 0, "excluded_lines": 0, "percent_statements_covered": 100.0, "percent_statements_covered_display": "100", "num_branches": 0, "num_partial_branches": 0, "covered_branches": 0, "missing_branches": 0, "percent_branches_covered": 100.0, "percent_branches_covered_display": "100"}, "missing_lines": [], "excluded_lines": [], "start_line": 48, "executed_branches": [], "missing_branches": []}, "report_catalog": {"executed_lines": [61, 62], "summary": {"covered_lines": 2, "num_statements": 2, "percent_covered": 100.0, "percent_covered_display": "100", "missing_lines": 0, "excluded_lines": 0, "percent_statements_covered": 100.0, "percent_statements_covered_display": "100", "num_branches": 0, "num_partial_branches": 0, "covered_branches": 0, "missing_branches": 0, "percent_branches_covered": 100.0, "percent_branches_covered_display": "100"}, "missing_lines": [], "excluded_lines": [], "start_line": 57, "executed_branches": [], "missing_branches": []}, "generate_report": {"executed_lines": [74, 75, 76, 82, 83, 84], "summary": {"covered_lines": 6, "num_statements": 6, "percent_covered": 100.0, "percent_covered_display": "100", "missing_lines": 0, "excluded_lines": 0, "percent_statements_covered": 100.0, "percent_statements_covered_display": "100", "num_branches": 0, "num_partial_branches": 0, "covered_branches": 0, "missing_branches": 0, "percent_branches_covered": 100.0, "percent_branches_covered_display": "100"}, "missing_lines": [], "excluded_lines": [], "start_line": 69, "executed_branches": [], "missing_branches": []}, "report_logs": {"executed_lines": [93, 94], "summary": {"covered_lines": 2, "num_statements": 2, "percent_covered": 100.0, "percent_covered_display": "100", "missing_lines": 0, "excluded_lines": 0, "percent_statements_covered": 100.0, "percent_statements_covered_display": "100", "num_branches": 0, "num_partial_branches": 0, "covered_branches": 0, "missing_branches": 0, "percent_branches_covered": 100.0, "percent_branches_covered_display": "100"}, "missing_lines": [], "excluded_lines": [], "start_line": 88, "executed_branches": [], "missing_branches": []}, "my_notifications": {"executed_lines": [103], "summary": {"covered_lines": 1, "num_statements": 1, "percent_covered": 100.0, "percent_covered_display": "100", "missing_lines": 0, "excluded_lines": 0, "percent_statements_covered": 100.0, "percent_statements_covered_display": "100", "num_branches": 0, "num_partial_branches": 0, "covered_branches": 0, "missing_branches": 0, "percent_branches_covered": 100.0, "percent_branches_covered_display": "100"}, "missing_lines": [], "excluded_lines": [], "start_line": 98, "executed_branches": [], "missing_branches": []}, "create_notification": {"executed_lines": [116, 117, 118, 124, 130], "summary": {"covered_lines": 5, "num_statements": 7, "percent_covered": 71.42857142857143, "percent_covered_display": "71", "missing_lines": 2, "excluded_lines": 0, "percent_statements_covered": 71.42857142857143, "percent_statements_covered_display": "71", "num_branches": 0, "num_partial_branches": 0, "covered_branches": 0, "missing_branches": 0, "percent_branches_covered": 100.0, "percent_branches_covered_display": "100"}, "missing_lines": [131, 132], "excluded_lines": [], "start_line": 111, "executed_branches": [], "missing_branches": []}, "mark_notification_read": {"executed_lines": [141, 142, 145, 146], "summary": {"covered_lines": 4, "num_statements": 4, "percent_covered": 100.0, "percent_covered_display": "100", "missing_lines": 0, "excluded_lines": 0, "percent_statements_covered": 100.0, "percent_statements_covered_display": "100", "num_branches": 0, "num_partial_branches": 0, "covered_branches": 0, "missing_branches": 0, "percent_branches_covered": 100.0, "percent_branches_covered_display": "100"}, "missing_lines": [], "excluded_lines": [], "start_line": 136, "executed_branches": [], "missing_branches": []}, "my_history": {"executed_lines": [154], "summary": {"covered_lines": 1, "num_statements": 1, "percent_covered": 100.0, "percent_covered_display": "100", "missing_lines": 0, "excluded_lines": 0, "percent_statements_covered": 100.0, "percent_statements_covered_display": "100", "num_branches": 0, "num_partial_branches": 0, "covered_branches": 0, "missing_branches": 0, "percent_branches_covered": 100.0, "percent_branches_covered_display": "100"}, "missing_lines": [], "excluded_lines": [], "start_line": 150, "executed_branches": [], "missing_branches": []}, "user_history": {"executed_lines": [164, 165, 169], "summary": {"covered_lines": 3, "num_statements": 3, "percent_covered": 100.0, "percent_covered_display": "100", "missing_lines": 0, "excluded_lines": 0, "percent_statements_covered": 100.0, "percent_statements_covered_display": "100", "num_branches": 2, "num_partial_branches": 0, "covered_branches": 2, "missing_branches": 0, "percent_branches_covered": 100.0, "percent_branches_covered_display": "100"}, "missing_lines": [], "excluded_lines": [], "start_line": 158, "executed_branches": [[164, 165], [164, 169]], "missing_branches": []}, "": {"executed_lines": [4, 6, 7, 9, 10, 11, 12, 22, 23, 25, 28, 47, 48, 56, 57, 68, 69, 87, 88, 97, 98, 110, 111, 135, 136, 149, 150, 157, 158], "summary": {"covered_lines": 29, "num_statements": 29, "percent_covered": 100.0, "percent_covered_display": "100", "missing_lines": 0, "excluded_lines": 0, "percent_statements_covered": 100.0, "percent_statements_covered_display": "100", "num_branches": 0, "num_partial_branches": 0, "covered_branches": 0, "missing_branches": 0, "percent_branches_covered": 100.0, "percent_branches_covered_display": "100"}, "missing_lines": [], "excluded_lines": [], "start_line": 1, "executed_branches": [], "missing_branches": []}}, "classes": {"": {"executed_lines": [4, 6, 7, 9, 10, 11, 12, 22, 23, 25, 28, 29, 31, 32, 36, 37, 38, 39, 47, 48, 52, 53, 56, 57, 61, 62, 68, 69, 74, 75, 76, 82, 83, 84, 87, 88, 93, 94, 97, 98, 103, 110, 111, 116, 117, 118, 124, 130, 135, 136, 141, 142, 145, 146, 149, 150, 154, 157, 158, 164, 165, 169], "summary": {"covered_lines": 62, "num_statements": 67, "percent_covered": 89.6103896103896, "percent_covered_display": "90", "missing_lines": 5, "excluded_lines": 0, "percent_statements_covered": 92.53731343283582, "percent_statements_covered_display": "93", "num_branches": 10, "num_partial_branches": 3, "covered_branches": 7, "missing_branches": 3, "percent_branches_covered": 70.0, "percent_branches_covered_display": "70"}, "missing_lines": [30, 43, 44, 131, 132], "excluded_lines": [], "start_line": 1, "executed_branches": [[29, 31], [31, 32], [31, 36], [36, 37], [38, 39], [164, 165], [164, 169]], "missing_branches": [[29, 30], [36, 44], [38, 43]]}}}, "app\\backend\\app\\api\\roles.py": {"executed_lines": [4, 6, 7, 9, 10, 11, 12, 18, 20, 23, 24, 28, 31, 32, 36, 39, 40, 46, 47, 52], "summary": {"covered_lines": 20, "num_statements": 24, "percent_covered": 83.33333333333333, "percent_covered_display": "83", "missing_lines": 4, "excluded_lines": 0, "percent_statements_covered": 83.33333333333333, "percent_statements_covered_display": "83", "num_branches": 0, "num_partial_branches": 0, "covered_branches": 0, "missing_branches": 0, "percent_branches_covered": 100.0, "percent_branches_covered_display": "100"}, "missing_lines": [48, 49, 50, 51], "excluded_lines": [], "executed_branches": [], "missing_branches": [], "functions": {"list_roles": {"executed_lines": [28], "summary": {"covered_lines": 1, "num_statements": 1, "percent_covered": 100.0, "percent_covered_display": "100", "missing_lines": 0, "excluded_lines": 0, "percent_statements_covered": 100.0, "percent_statements_covered_display": "100", "num_branches": 0, "num_partial_branches": 0, "covered_branches": 0, "missing_branches": 0, "percent_branches_covered": 100.0, "percent_branches_covered_display": "100"}, "missing_lines": [], "excluded_lines": [], "start_line": 24, "executed_branches": [], "missing_branches": []}, "list_permissions": {"executed_lines": [36], "summary": {"covered_lines": 1, "num_statements": 1, "percent_covered": 100.0, "percent_covered_display": "100", "missing_lines": 0, "excluded_lines": 0, "percent_statements_covered": 100.0, "percent_statements_covered_display": "100", "num_branches": 0, "num_partial_branches": 0, "covered_branches": 0, "missing_branches": 0, "percent_branches_covered": 100.0, "percent_branches_covered_display": "100"}, "missing_lines": [], "excluded_lines": [], "start_line": 32, "executed_branches": [], "missing_branches": []}, "assign_permissions": {"executed_lines": [46, 47, 52], "summary": {"covered_lines": 3, "num_statements": 7, "percent_covered": 42.857142857142854, "percent_covered_display": "43", "missing_lines": 4, "excluded_lines": 0, "percent_statements_covered": 42.857142857142854, "percent_statements_covered_display": "43", "num_branches": 0, "num_partial_branches": 0, "covered_branches": 0, "missing_branches": 0, "percent_branches_covered": 100.0, "percent_branches_covered_display": "100"}, "missing_lines": [48, 49, 50, 51], "excluded_lines": [], "start_line": 40, "executed_branches": [], "missing_branches": []}, "": {"executed_lines": [4, 6, 7, 9, 10, 11, 12, 18, 20, 23, 24, 31, 32, 39, 40], "summary": {"covered_lines": 15, "num_statements": 15, "percent_covered": 100.0, "percent_covered_display": "100", "missing_lines": 0, "excluded_lines": 0, "percent_statements_covered": 100.0, "percent_statements_covered_display": "100", "num_branches": 0, "num_partial_branches": 0, "covered_branches": 0, "missing_branches": 0, "percent_branches_covered": 100.0, "percent_branches_covered_display": "100"}, "missing_lines": [], "excluded_lines": [], "start_line": 1, "executed_branches": [], "missing_branches": []}}, "classes": {"": {"executed_lines": [4, 6, 7, 9, 10, 11, 12, 18, 20, 23, 24, 28, 31, 32, 36, 39, 40, 46, 47, 52], "summary": {"covered_lines": 20, "num_statements": 24, "percent_covered": 83.33333333333333, "percent_covered_display": "83", "missing_lines": 4, "excluded_lines": 0, "percent_statements_covered": 83.33333333333333, "percent_statements_covered_display": "83", "num_branches": 0, "num_partial_branches": 0, "covered_branches": 0, "missing_branches": 0, "percent_branches_covered": 100.0, "percent_branches_covered_display": "100"}, "missing_lines": [48, 49, 50, 51], "excluded_lines": [], "start_line": 1, "executed_branches": [], "missing_branches": []}}}, "app\\backend\\app\\api\\users.py": {"executed_lines": [4, 6, 7, 9, 10, 11, 12, 19, 21, 24, 25, 29, 32, 33, 38, 39, 47, 50, 51, 62, 63, 69, 70, 75, 76, 87, 88], "summary": {"covered_lines": 27, "num_statements": 43, "percent_covered": 62.7906976744186, "percent_covered_display": "63", "missing_lines": 16, "excluded_lines": 0, "percent_statements_covered": 62.7906976744186, "percent_statements_covered_display": "63", "num_branches": 0, "num_partial_branches": 0, "covered_branches": 0, "missing_branches": 0, "percent_branches_covered": 100.0, "percent_branches_covered_display": "100"}, "missing_lines": [45, 46, 56, 57, 58, 59, 71, 72, 81, 82, 83, 84, 94, 95, 96, 97], "excluded_lines": [], "executed_branches": [], "missing_branches": [], "functions": {"list_users": {"executed_lines": [29], "summary": {"covered_lines": 1, "num_statements": 1, "percent_covered": 100.0, "percent_covered_display": "100", "missing_lines": 0, "excluded_lines": 0, "percent_statements_covered": 100.0, "percent_statements_covered_display": "100", "num_branches": 0, "num_partial_branches": 0, "covered_branches": 0, "missing_branches": 0, "percent_branches_covered": 100.0, "percent_branches_covered_display": "100"}, "missing_lines": [], "excluded_lines": [], "start_line": 25, "executed_branches": [], "missing_branches": []}, "create_user": {"executed_lines": [38, 39, 47], "summary": {"covered_lines": 3, "num_statements": 5, "percent_covered": 60.0, "percent_covered_display": "60", "missing_lines": 2, "excluded_lines": 0, "percent_statements_covered": 60.0, "percent_statements_covered_display": "60", "num_branches": 0, "num_partial_branches": 0, "covered_branches": 0, "missing_branches": 0, "percent_branches_covered": 100.0, "percent_branches_covered_display": "100"}, "missing_lines": [45, 46], "excluded_lines": [], "start_line": 33, "executed_branches": [], "missing_branches": []}, "get_user": {"executed_lines": [], "summary": {"covered_lines": 0, "num_statements": 4, "percent_covered": 0.0, "percent_covered_display": "0", "missing_lines": 4, "excluded_lines": 0, "percent_statements_covered": 0.0, "percent_statements_covered_display": "0", "num_branches": 0, "num_partial_branches": 0, "covered_branches": 0, "missing_branches": 0, "percent_branches_covered": 100.0, "percent_branches_covered_display": "100"}, "missing_lines": [56, 57, 58, 59], "excluded_lines": [], "start_line": 51, "executed_branches": [], "missing_branches": []}, "update_status": {"executed_lines": [69, 70], "summary": {"covered_lines": 2, "num_statements": 4, "percent_covered": 50.0, "percent_covered_display": "50", "missing_lines": 2, "excluded_lines": 0, "percent_statements_covered": 50.0, "percent_statements_covered_display": "50", "num_branches": 0, "num_partial_branches": 0, "covered_branches": 0, "missing_branches": 0, "percent_branches_covered": 100.0, "percent_branches_covered_display": "100"}, "missing_lines": [71, 72], "excluded_lines": [], "start_line": 63, "executed_branches": [], "missing_branches": []}, "delete_user": {"executed_lines": [], "summary": {"covered_lines": 0, "num_statements": 4, "percent_covered": 0.0, "percent_covered_display": "0", "missing_lines": 4, "excluded_lines": 0, "percent_statements_covered": 0.0, "percent_statements_covered_display": "0", "num_branches": 0, "num_partial_branches": 0, "covered_branches": 0, "missing_branches": 0, "percent_branches_covered": 100.0, "percent_branches_covered_display": "100"}, "missing_lines": [81, 82, 83, 84], "excluded_lines": [], "start_line": 76, "executed_branches": [], "missing_branches": []}, "assign_roles": {"executed_lines": [], "summary": {"covered_lines": 0, "num_statements": 4, "percent_covered": 0.0, "percent_covered_display": "0", "missing_lines": 4, "excluded_lines": 0, "percent_statements_covered": 0.0, "percent_statements_covered_display": "0", "num_branches": 0, "num_partial_branches": 0, "covered_branches": 0, "missing_branches": 0, "percent_branches_covered": 100.0, "percent_branches_covered_display": "100"}, "missing_lines": [94, 95, 96, 97], "excluded_lines": [], "start_line": 88, "executed_branches": [], "missing_branches": []}, "": {"executed_lines": [4, 6, 7, 9, 10, 11, 12, 19, 21, 24, 25, 32, 33, 50, 51, 62, 63, 75, 76, 87, 88], "summary": {"covered_lines": 21, "num_statements": 21, "percent_covered": 100.0, "percent_covered_display": "100", "missing_lines": 0, "excluded_lines": 0, "percent_statements_covered": 100.0, "percent_statements_covered_display": "100", "num_branches": 0, "num_partial_branches": 0, "covered_branches": 0, "missing_branches": 0, "percent_branches_covered": 100.0, "percent_branches_covered_display": "100"}, "missing_lines": [], "excluded_lines": [], "start_line": 1, "executed_branches": [], "missing_branches": []}}, "classes": {"": {"executed_lines": [4, 6, 7, 9, 10, 11, 12, 19, 21, 24, 25, 29, 32, 33, 38, 39, 47, 50, 51, 62, 63, 69, 70, 75, 76, 87, 88], "summary": {"covered_lines": 27, "num_statements": 43, "percent_covered": 62.7906976744186, "percent_covered_display": "63", "missing_lines": 16, "excluded_lines": 0, "percent_statements_covered": 62.7906976744186, "percent_statements_covered_display": "63", "num_branches": 0, "num_partial_branches": 0, "covered_branches": 0, "missing_branches": 0, "percent_branches_covered": 100.0, "percent_branches_covered_display": "100"}, "missing_lines": [45, 46, 56, 57, 58, 59, 71, 72, 81, 82, 83, 84, 94, 95, 96, 97], "excluded_lines": [], "start_line": 1, "executed_branches": [], "missing_branches": []}}}, "app\\backend\\app\\api\\zero_trust.py": {"executed_lines": [4, 5, 7, 8, 9, 11, 12, 13, 14, 15, 16, 18, 21, 29, 37, 47, 50, 58, 61, 62, 65, 77, 78, 81, 93, 94, 98, 101, 102, 106], "summary": {"covered_lines": 30, "num_statements": 30, "percent_covered": 100.0, "percent_covered_display": "100", "missing_lines": 0, "excluded_lines": 0, "percent_statements_covered": 100.0, "percent_statements_covered_display": "100", "num_branches": 0, "num_partial_branches": 0, "covered_branches": 0, "missing_branches": 0, "percent_branches_covered": 100.0, "percent_branches_covered_display": "100"}, "missing_lines": [], "excluded_lines": [], "executed_branches": [], "missing_branches": [], "functions": {"list_policies": {"executed_lines": [65], "summary": {"covered_lines": 1, "num_statements": 1, "percent_covered": 100.0, "percent_covered_display": "100", "missing_lines": 0, "excluded_lines": 0, "percent_statements_covered": 100.0, "percent_statements_covered_display": "100", "num_branches": 0, "num_partial_branches": 0, "covered_branches": 0, "missing_branches": 0, "percent_branches_covered": 100.0, "percent_branches_covered_display": "100"}, "missing_lines": [], "excluded_lines": [], "start_line": 62, "executed_branches": [], "missing_branches": []}, "list_registered_tools": {"executed_lines": [81], "summary": {"covered_lines": 1, "num_statements": 1, "percent_covered": 100.0, "percent_covered_display": "100", "missing_lines": 0, "excluded_lines": 0, "percent_statements_covered": 100.0, "percent_statements_covered_display": "100", "num_branches": 0, "num_partial_branches": 0, "covered_branches": 0, "missing_branches": 0, "percent_branches_covered": 100.0, "percent_branches_covered_display": "100"}, "missing_lines": [], "excluded_lines": [], "start_line": 78, "executed_branches": [], "missing_branches": []}, "audit_events": {"executed_lines": [98], "summary": {"covered_lines": 1, "num_statements": 1, "percent_covered": 100.0, "percent_covered_display": "100", "missing_lines": 0, "excluded_lines": 0, "percent_statements_covered": 100.0, "percent_statements_covered_display": "100", "num_branches": 0, "num_partial_branches": 0, "covered_branches": 0, "missing_branches": 0, "percent_branches_covered": 100.0, "percent_branches_covered_display": "100"}, "missing_lines": [], "excluded_lines": [], "start_line": 94, "executed_branches": [], "missing_branches": []}, "security_events": {"executed_lines": [106], "summary": {"covered_lines": 1, "num_statements": 1, "percent_covered": 100.0, "percent_covered_display": "100", "missing_lines": 0, "excluded_lines": 0, "percent_statements_covered": 100.0, "percent_statements_covered_display": "100", "num_branches": 0, "num_partial_branches": 0, "covered_branches": 0, "missing_branches": 0, "percent_branches_covered": 100.0, "percent_branches_covered_display": "100"}, "missing_lines": [], "excluded_lines": [], "start_line": 102, "executed_branches": [], "missing_branches": []}, "": {"executed_lines": [4, 5, 7, 8, 9, 11, 12, 13, 14, 15, 16, 18, 21, 29, 37, 47, 50, 58, 61, 62, 77, 78, 93, 94, 101, 102], "summary": {"covered_lines": 26, "num_statements": 26, "percent_covered": 100.0, "percent_covered_display": "100", "missing_lines": 0, "excluded_lines": 0, "percent_statements_covered": 100.0, "percent_statements_covered_display": "100", "num_branches": 0, "num_partial_branches": 0, "covered_branches": 0, "missing_branches": 0, "percent_branches_covered": 100.0, "percent_branches_covered_display": "100"}, "missing_lines": [], "excluded_lines": [], "start_line": 1, "executed_branches": [], "missing_branches": []}}, "classes": {"PolicyOut": {"executed_lines": [], "summary": {"covered_lines": 0, "num_statements": 0, "percent_covered": 100.0, "percent_covered_display": "100", "missing_lines": 0, "excluded_lines": 0, "percent_statements_covered": 100.0, "percent_statements_covered_display": "100", "num_branches": 0, "num_partial_branches": 0, "covered_branches": 0, "missing_branches": 0, "percent_branches_covered": 100.0, "percent_branches_covered_display": "100"}, "missing_lines": [], "excluded_lines": [], "start_line": 21, "executed_branches": [], "missing_branches": []}, "ToolOut": {"executed_lines": [], "summary": {"covered_lines": 0, "num_statements": 0, "percent_covered": 100.0, "percent_covered_display": "100", "missing_lines": 0, "excluded_lines": 0, "percent_statements_covered": 100.0, "percent_statements_covered_display": "100", "num_branches": 0, "num_partial_branches": 0, "covered_branches": 0, "missing_branches": 0, "percent_branches_covered": 100.0, "percent_branches_covered_display": "100"}, "missing_lines": [], "excluded_lines": [], "start_line": 29, "executed_branches": [], "missing_branches": []}, "AuditOut": {"executed_lines": [], "summary": {"covered_lines": 0, "num_statements": 0, "percent_covered": 100.0, "percent_covered_display": "100", "missing_lines": 0, "excluded_lines": 0, "percent_statements_covered": 100.0, "percent_statements_covered_display": "100", "num_branches": 0, "num_partial_branches": 0, "covered_branches": 0, "missing_branches"
[...]
ches": [[33, 35], [36, 37], [36, 41], [38, 40]], "missing_branches": [[33, 34], [38, 39]]}, "assert_permission": {"executed_lines": [49, 51, 52], "summary": {"covered_lines": 3, "num_statements": 4, "percent_covered": 75.0, "percent_covered_display": "75", "missing_lines": 1, "excluded_lines": 0, "percent_statements_covered": 75.0, "percent_statements_covered_display": "75", "num_branches": 4, "num_partial_branches": 1, "covered_branches": 3, "missing_branches": 1, "percent_branches_covered": 75.0, "percent_branches_covered_display": "75"}, "missing_lines": [50], "excluded_lines": [], "start_line": 47, "executed_branches": [[49, 51], [51, -47], [51, 52]], "missing_branches": [[49, 50]]}, "": {"executed_lines": [4, 6, 8, 10, 11, 14, 15, 20, 21, 25, 28, 31, 47], "summary": {"covered_lines": 13, "num_statements": 13, "percent_covered": 100.0, "percent_covered_display": "100", "missing_lines": 0, "excluded_lines": 0, "percent_statements_covered": 100.0, "percent_statements_covered_display": "100", "num_branches": 0, "num_partial_branches": 0, "covered_branches": 0, "missing_branches": 0, "percent_branches_covered": 100.0, "percent_branches_covered_display": "100"}, "missing_lines": [], "excluded_lines": [], "start_line": 1, "executed_branches": [], "missing_branches": []}}, "classes": {"AuthorizationError": {"executed_lines": [16, 17], "summary": {"covered_lines": 2, "num_statements": 2, "percent_covered": 100.0, "percent_covered_display": "100", "missing_lines": 0, "excluded_lines": 0, "percent_statements_covered": 100.0, "percent_statements_covered_display": "100", "num_branches": 0, "num_partial_branches": 0, "covered_branches": 0, "missing_branches": 0, "percent_branches_covered": 100.0, "percent_branches_covered_display": "100"}, "missing_lines": [], "excluded_lines": [], "start_line": 14, "executed_branches": [], "missing_branches": []}, "RoleService": {"executed_lines": [22, 23, 26, 29, 32, 33, 35, 36, 37, 38, 40, 41, 42, 43, 44], "summary": {"covered_lines": 15, "num_statements": 17, "percent_covered": 82.6086956521739, "percent_covered_display": "83", "missing_lines": 2, "excluded_lines": 0, "percent_statements_covered": 88.23529411764706, "percent_statements_covered_display": "88", "num_branches": 6, "num_partial_branches": 2, "covered_branches": 4, "missing_branches": 2, "percent_branches_covered": 66.66666666666667, "percent_branches_covered_display": "67"}, "missing_lines": [34, 39], "excluded_lines": [], "start_line": 20, "executed_branches": [[33, 35], [36, 37], [36, 41], [38, 40]], "missing_branches": [[33, 34], [38, 39]]}, "": {"executed_lines": [4, 6, 8, 10, 11, 14, 15, 20, 21, 25, 28, 31, 47, 49, 51, 52], "summary": {"covered_lines": 16, "num_statements": 17, "percent_covered": 90.47619047619048, "percent_covered_display": "90", "missing_lines": 1, "excluded_lines": 0, "percent_statements_covered": 94.11764705882354, "percent_statements_covered_display": "94", "num_branches": 4, "num_partial_branches": 1, "covered_branches": 3, "missing_branches": 1, "percent_branches_covered": 75.0, "percent_branches_covered_display": "75"}, "missing_lines": [50], "excluded_lines": [], "start_line": 1, "executed_branches": [[49, 51], [51, -47], [51, 52]], "missing_branches": [[49, 50]]}}}, "app\\backend\\app\\services\\user_service.py": {"executed_lines": [4, 6, 7, 9, 11, 12, 13, 14, 17, 18, 19, 20, 21, 23, 24, 26, 27, 28, 30, 32, 40, 44, 50, 51, 52, 54, 55, 56, 57, 58, 60, 61, 62, 63, 64, 66, 73], "summary": {"covered_lines": 37, "num_statements": 56, "percent_covered": 61.76470588235294, "percent_covered_display": "62", "missing_lines": 19, "excluded_lines": 0, "percent_statements_covered": 66.07142857142857, "percent_statements_covered_display": "66", "num_branches": 12, "num_partial_branches": 3, "covered_branches": 5, "missing_branches": 7, "percent_branches_covered": 41.666666666666664, "percent_branches_covered_display": "42"}, "missing_lines": [29, 43, 53, 67, 68, 69, 70, 71, 74, 75, 76, 77, 78, 79, 80, 81, 82, 83, 84], "excluded_lines": [], "executed_branches": [[28, 30], [40, 44], [50, 51], [50, 55], [52, 54]], "missing_branches": [[28, 29], [40, 43], [52, 53], [76, 77], [76, 81], [78, 79], [78, 80]], "functions": {"UserService.__init__": {"executed_lines": [19, 20, 21], "summary": {"covered_lines": 3, "num_statements": 3, "percent_covered": 100.0, "percent_covered_display": "100", "missing_lines": 0, "excluded_lines": 0, "percent_statements_covered": 100.0, "percent_statements_covered_display": "100", "num_branches": 0, "num_partial_branches": 0, "covered_branches": 0, "missing_branches": 0, "percent_branches_covered": 100.0, "percent_branches_covered_display": "100"}, "missing_lines": [], "excluded_lines": [], "start_line": 18, "executed_branches": [], "missing_branches": []}, "UserService.list_users": {"executed_lines": [24], "summary": {"covered_lines": 1, "num_statements": 1, "percent_covered": 100.0, "percent_covered_display": "100", "missing_lines": 0, "excluded_lines": 0, "percent_statements_covered": 100.0, "percent_statements_covered_display": "100", "num_branches": 0, "num_partial_branches": 0, "covered_branches": 0, "missing_branches": 0, "percent_branches_covered": 100.0, "percent_branches_covered_display": "100"}, "missing_lines": [], "excluded_lines": [], "start_line": 23, "executed_branches": [], "missing_branches": []}, "UserService.get_user": {"executed_lines": [27, 28, 30], "summary": {"covered_lines": 3, "num_statements": 4, "percent_covered": 66.66666666666667, "percent_covered_display": "67", "missing_lines": 1, "excluded_lines": 0, "percent_statements_covered": 75.0, "percent_statements_covered_display": "75", "num_branches": 2, "num_partial_branches": 1, "covered_branches": 1, "missing_branches": 1, "percent_branches_covered": 50.0, "percent_branches_covered_display": "50"}, "missing_lines": [29], "excluded_lines": [], "start_line": 26, "executed_branches": [[28, 30]], "missing_branches": [[28, 29]]}, "UserService.create_user": {"executed_lines": [40, 44, 50, 51, 52, 54, 55, 56, 57, 58], "summary": {"covered_lines": 10, "num_statements": 12, "percent_covered": 77.77777777777777, "percent_covered_display": "78", "missing_lines": 2, "excluded_lines": 0, "percent_statements_covered": 83.33333333333333, "percent_statements_covered_display": "83", "num_branches": 6, "num_partial_branches": 2, "covered_branches": 4, "missing_branches": 2, "percent_branches_covered": 66.66666666666667, "percent_branches_covered_display": "67"}, "missing_lines": [43, 53], "excluded_lines": [], "start_line": 32, "executed_branches": [[40, 44], [50, 51], [50, 55], [52, 54]], "missing_branches": [[40, 43], [52, 53]]}, "UserService.set_status": {"executed_lines": [61, 62, 63, 64], "summary": {"covered_lines": 4, "num_statements": 4, "percent_covered": 100.0, "percent_covered_display": "100", "missing_lines": 0, "excluded_lines": 0, "percent_statements_covered": 100.0, "percent_statements_covered_display": "100", "num_branches": 0, "num_partial_branches": 0, "covered_branches": 0, "missing_branches": 0, "percent_branches_covered": 100.0, "percent_branches_covered_display": "100"}, "missing_lines": [], "excluded_lines": [], "start_line": 60, "executed_branches": [], "missing_branches": []}, "UserService.soft_delete": {"executed_lines": [], "summary": {"covered_lines": 0, "num_statements": 5, "percent_covered": 0.0, "percent_covered_display": "0", "missing_lines": 5, "excluded_lines": 0, "percent_statements_covered": 0.0, "percent_statements_covered_display": "0", "num_branches": 0, "num_partial_branches": 0, "covered_branches": 0, "missing_branches": 0, "percent_branches_covered": 100.0, "percent_branches_covered_display": "100"}, "missing_lines": [67, 68, 69, 70, 71], "excluded_lines": [], "start_line": 66, "executed_branches": [], "missing_branches": []}, "UserService.assign_roles": {"executed_lines": [], "summary": {"covered_lines": 0, "num_statements": 11, "percent_covered": 0.0, "percent_covered_display": "0", "missing_lines": 11, "excluded_lines": 0, "percent_statements_covered": 0.0, "percent_statements_covered_display": "0", "num_branches": 4, "num_partial_branches": 0, "covered_branches": 0, "missing_branches": 4, "percent_branches_covered": 0.0, "percent_branches_covered_display": "0"}, "missing_lines": [74, 75, 76, 77, 78, 79, 80, 81, 82, 83, 84], "excluded_lines": [], "start_line": 73, "executed_branches": [], "missing_branches": [[76, 77], [76, 81], [78, 79], [78, 80]]}, "": {"executed_lines": [4, 6, 7, 9, 11, 12, 13, 14, 17, 18, 23, 26, 32, 60, 66, 73], "summary": {"covered_lines": 16, "num_statements": 16, "percent_covered": 100.0, "percent_covered_display": "100", "missing_lines": 0, "excluded_lines": 0, "percent_statements_covered": 100.0, "percent_statements_covered_display": "100", "num_branches": 0, "num_partial_branches": 0, "covered_branches": 0, "missing_branches": 0, "percent_branches_covered": 100.0, "percent_branches_covered_display": "100"}, "missing_lines": [], "excluded_lines": [], "start_line": 1, "executed_branches": [], "missing_branches": []}}, "classes": {"UserService": {"executed_lines": [19, 20, 21, 24, 27, 28, 30, 40, 44, 50, 51, 52, 54, 55, 56, 57, 58, 61, 62, 63, 64], "summary": {"covered_lines": 21, "num_statements": 40, "percent_covered": 50.0, "percent_covered_display": "50", "missing_lines": 19, "excluded_lines": 0, "percent_statements_covered": 52.5, "percent_statements_covered_display": "52", "num_branches": 12, "num_partial_branches": 3, "covered_branches": 5, "missing_branches": 7, "percent_branches_covered": 41.666666666666664, "percent_branches_covered_display": "42"}, "missing_lines": [29, 43, 53, 67, 68, 69, 70, 71, 74, 75, 76, 77, 78, 79, 80, 81, 82, 83, 84], "excluded_lines": [], "start_line": 17, "executed_branches": [[28, 30], [40, 44], [50, 51], [50, 55], [52, 54]], "missing_branches": [[28, 29], [40, 43], [52, 53], [76, 77], [76, 81], [78, 79], [78, 80]]}, "": {"executed_lines": [4, 6, 7, 9, 11, 12, 13, 14, 17, 18, 23, 26, 32, 60, 66, 73], "summary": {"covered_lines": 16, "num_statements": 16, "percent_covered": 100.0, "percent_covered_display": "100", "missing_lines": 0, "excluded_lines": 0, "percent_statements_covered": 100.0, "percent_statements_covered_display": "100", "num_branches": 0, "num_partial_branches": 0, "covered_branches": 0, "missing_branches": 0, "percent_branches_covered": 100.0, "percent_branches_covered_display": "100"}, "missing_lines": [], "excluded_lines": [], "start_line": 1, "executed_branches": [], "missing_branches": []}}}, "app\\backend\\app\\tools\\__init__.py": {"executed_lines": [2, 4], "summary": {"covered_lines": 2, "num_statements": 2, "percent_covered": 100.0, "percent_covered_display": "100", "missing_lines": 0, "excluded_lines": 0, "percent_statements_covered": 100.0, "percent_statements_covered_display": "100", "num_branches": 0, "num_partial_branches": 0, "covered_branches": 0, "missing_branches": 0, "percent_branches_covered": 100.0, "percent_branches_covered_display": "100"}, "missing_lines": [], "excluded_lines": [], "executed_branches": [], "missing_branches": [], "functions": {"": {"executed_lines": [2, 4], "summary": {"covered_lines": 2, "num_statements": 2, "percent_covered": 100.0, "percent_covered_display": "100", "missing_lines": 0, "excluded_lines": 0, "percent_statements_covered": 100.0, "percent_statements_covered_display": "100", "num_branches": 0, "num_partial_branches": 0, "covered_branches": 0, "missing_branches": 0, "percent_branches_covered": 100.0, "percent_branches_covered_display": "100"}, "missing_lines": [], "excluded_lines": [], "start_line": 1, "executed_branches": [], "missing_branches": []}}, "classes": {"": {"executed_lines": [2, 4], "summary": {"covered_lines": 2, "num_statements": 2, "percent_covered": 100.0, "percent_covered_display": "100", "missing_lines": 0, "excluded_lines": 0, "percent_statements_covered": 100.0, "percent_statements_covered_display": "100", "num_branches": 0, "num_partial_branches": 0, "covered_branches": 0, "missing_branches": 0, "percent_branches_covered": 100.0, "percent_branches_covered_display": "100"}, "missing_lines": [], "excluded_lines": [], "start_line": 1, "executed_branches": [], "missing_branches": []}}}, "app\\backend\\app\\tools\\handlers.py": {"executed_lines": [4, 6, 7, 9, 10, 12, 13, 21, 24, 27, 28, 29, 30, 31, 37, 38, 39, 40, 49, 50, 51, 52, 56, 57, 61, 62, 63, 64, 73, 74, 75, 85, 92, 111, 124, 133, 138], "summary": {"covered_lines": 37, "num_statements": 56, "percent_covered": 67.5, "percent_covered_display": "68", "missing_lines": 19, "excluded_lines": 0, "percent_statements_covered": 66.07142857142857, "percent_statements_covered_display": "66", "num_branches": 24, "num_partial_branches": 7, "covered_branches": 17, "missing_branches": 7, "percent_branches_covered": 70.83333333333333, "percent_branches_covered_display": "71"}, "missing_lines": [32, 53, 86, 94, 96, 97, 98, 105, 112, 114, 115, 116, 123, 125, 127, 132, 134, 136, 137], "excluded_lines": [], "executed_branches": [[27, 28], [27, 37], [30, 31], [37, 38], [37, 49], [49, 50], [49, 61], [52, 56], [61, 62], [61, 73], [73, 74], [73, 85], [85, 92], [92, 111], [111, 124], [124, 133], [133, 138]], "missing_branches": [[30, 32], [52, 53], [85, 86], [92, 94], [111, 112], [124, 125], [133, 134]], "functions": {"execute": {"executed_lines": [27, 28, 29, 30, 31, 37, 38, 39, 40, 49, 50, 51, 52, 56, 57, 61, 62, 63, 64, 73, 74, 75, 85, 92, 111, 124, 133, 138], "summary": {"covered_lines": 28, "num_statements": 47, "percent_covered": 63.38028169014085, "percent_covered_display": "63", "missing_lines": 19, "excluded_lines": 0, "percent_statements_covered": 59.57446808510638, "percent_statements_covered_display": "60", "num_branches": 24, "num_partial_branches": 7, "covered_branches": 17, "missing_branches": 7, "percent_branches_covered": 70.83333333333333, "percent_branches_covered_display": "71"}, "missing_lines": [32, 53, 86, 94, 96, 97, 98, 105, 112, 114, 115, 116, 123, 125, 127, 132, 134, 136, 137], "excluded_lines": [], "start_line": 24, "executed_branches": [[27, 28], [27, 37], [30, 31], [37, 38], [37, 49], [49, 50], [49, 61], [52, 56], [61, 62], [61, 73], [73, 74], [73, 85], [85, 92], [92, 111], [111, 124], [124, 133], [133, 138]], "missing_branches": [[30, 32], [52, 53], [85, 86], [92, 94], [111, 112], [124, 125], [133, 134]]}, "": {"executed_lines": [4, 6, 7, 9, 10, 12, 13, 21, 24], "summary": {"covered_lines": 9, "num_statements": 9, "percent_covered": 100.0, "percent_covered_display": "100", "missing_lines": 0, "excluded_lines": 0, "percent_statements_covered": 100.0, "percent_statements_covered_display": "100", "num_branches": 0, "num_partial_branches": 0, "covered_branches": 0, "missing_branches": 0, "percent_branches_covered": 100.0, "percent_branches_covered_display": "100"}, "missing_lines": [], "excluded_lines": [], "start_line": 1, "executed_branches": [], "missing_branches": []}}, "classes": {"": {"executed_lines": [4, 6, 7, 9, 10, 12, 13, 21, 24, 27, 28, 29, 30, 31, 37, 38, 39, 40, 49, 50, 51, 52, 56, 57, 61, 62, 63, 64, 73, 74, 75, 85, 92, 111, 124, 133, 138], "summary": {"covered_lines": 37, "num_statements": 56, "percent_covered": 67.5, "percent_covered_display": "68", "missing_lines": 19, "excluded_lines": 0, "percent_statements_covered": 66.07142857142857, "percent_statements_covered_display": "66", "num_branches": 24, "num_partial_branches": 7, "covered_branches": 17, "missing_branches": 7, "percent_branches_covered": 70.83333333333333, "percent_branches_covered_display": "71"}, "missing_lines": [32, 53, 86, 94, 96, 97, 98, 105, 112, 114, 115, 116, 123, 125, 127, 132, 134, 136, 137], "excluded_lines": [], "start_line": 1, "executed_branches": [[27, 28], [27, 37], [30, 31], [37, 38], [37, 49], [49, 50], [49, 61], [52, 56], [61, 62], [61, 73], [73, 74], [73, 85], [85, 92], [92, 111], [111, 124], [124, 133], [133, 138]], "missing_branches": [[30, 32], [52, 53], [85, 86], [92, 94], [111, 112], [124, 125], [133, 134]]}}}, "app\\backend\\app\\tools\\registry.py": {"executed_lines": [4, 6, 7, 10, 11, 12, 13, 14, 15, 16, 17, 18, 19, 20, 21, 24, 142, 143, 146, 147], "summary": {"covered_lines": 20, "num_statements": 20, "percent_covered": 100.0, "percent_covered_display": "100", "missing_lines": 0, "excluded_lines": 0, "percent_statements_covered": 100.0, "percent_statements_covered_display": "100", "num_branches": 0, "num_partial_branches": 0, "covered_branches": 0, "missing_branches": 0, "percent_branches_covered": 100.0, "percent_branches_covered_display": "100"}, "missing_lines": [], "excluded_lines": [], "executed_branches": [], "missing_branches": [], "functions": {"get_tool": {"executed_lines": [143], "summary": {"covered_lines": 1, "num_statements": 1, "percent_covered": 100.0, "percent_covered_display": "100", "missing_lines": 0, "excluded_lines": 0, "percent_statements_covered": 100.0, "percent_statements_covered_display": "100", "num_branches": 0, "num_partial_branches": 0, "covered_branches": 0, "missing_branches": 0, "percent_branches_covered": 100.0, "percent_branches_covered_display": "100"}, "missing_lines": [], "excluded_lines": [], "start_line": 142, "executed_branches": [], "missing_branches": []}, "list_tools": {"executed_lines": [147], "summary": {"covered_lines": 1, "num_statements": 1, "percent_covered": 100.0, "percent_covered_display": "100", "missing_lines": 0, "excluded_lines": 0, "percent_statements_covered": 100.0, "percent_statements_covered_display": "100", "num_branches": 0, "num_partial_branches": 0, "covered_branches": 0, "missing_branches": 0, "percent_branches_covered": 100.0, "percent_branches_covered_display": "100"}, "missing_lines": [], "excluded_lines": [], "start_line": 146, "executed_branches": [], "missing_branches": []}, "": {"executed_lines": [4, 6, 7, 10, 11, 12, 13, 14, 15, 16, 17, 18, 19, 20, 21, 24, 142, 146], "summary": {"covered_lines": 18, "num_statements": 18, "percent_covered": 100.0, "percent_covered_display": "100", "missing_lines": 0, "excluded_lines": 0, "percent_statements_covered": 100.0, "percent_statements_covered_display": "100", "num_branches": 0, "num_partial_branches": 0, "covered_branches": 0, "missing_branches": 0, "percent_branches_covered": 100.0, "percent_branches_covered_display": "100"}, "missing_lines": [], "excluded_lines": [], "start_line": 1, "executed_branches": [], "missing_branches": []}}, "classes": {"ToolMeta": {"executed_lines": [], "summary": {"covered_lines": 0, "num_statements": 0, "percent_covered": 100.0, "percent_covered_display": "100", "missing_lines": 0, "excluded_lines": 0, "percent_statements_covered": 100.0, "percent_statements_covered_display": "100", "num_branches": 0, "num_partial_branches": 0, "covered_branches": 0, "missing_branches": 0, "percent_branches_covered": 100.0, "percent_branches_covered_display": "100"}, "missing_lines": [], "excluded_lines": [], "start_line": 11, "executed_branches": [], "missing_branches": []}, "": {"executed_lines": [4, 6, 7, 10, 11, 12, 13, 14, 15, 16, 17, 18, 19, 20, 21, 24, 142, 143, 146, 147], "summary": {"covered_lines": 20, "num_statements": 20, "percent_covered": 100.0, "percent_covered_display": "100", "missing_lines": 0, "excluded_lines": 0, "percent_statements_covered": 100.0, "percent_statements_covered_display": "100", "num_branches": 0, "num_partial_branches": 0, "covered_branches": 0, "missing_branches": 0, "percent_branches_covered": 100.0, "percent_branches_covered_display": "100"}, "missing_lines": [], "excluded_lines": [], "start_line": 1, "executed_branches": [], "missing_branches": []}}}}, "totals": {"covered_lines": 2257, "num_statements": 2633, "percent_covered": 81.22801407099456, "percent_covered_display": "81", "missing_lines": 376, "excluded_lines": 0, "percent_statements_covered": 85.71971135586783, "percent_statements_covered_display": "86", "num_branches": 494, "num_partial_branches": 143, "covered_branches": 283, "missing_branches": 211, "percent_branches_covered": 57.28744939271255, "percent_branches_covered_display": "57"}}