{"meta": {"format": 3, "version": "7.16.1", "timestamp": "2026-09-20T22:37:41.825806", "branch_coverage": false, "show_contexts": false}, "files": {"app\\backend\\app\\__init__.py": {"executed_lines": [4], "summary": {"covered_lines": 1, "num_statements": 1, "percent_covered": 100.0, "percent_covered_display": "100", "missing_lines": 0, "excluded_lines": 0, "percent_statements_covered": 100.0, "percent_statements_covered_display": "100"}, "missing_lines": [], "excluded_lines": [], "functions": {"": {"executed_lines": [4], "summary": {"covered_lines": 1, "num_statements": 1, "percent_covered": 100.0, "percent_covered_display": "100", "missing_lines": 0, "excluded_lines": 0, "percent_statements_covered": 100.0, "percent_statements_covered_display": "100"}, "missing_lines": [], "excluded_lines": [], "start_line": 1}}, "classes": {"": {"executed_lines": [4], "summary": {"covered_lines": 1, "num_statements": 1, "percent_covered": 100.0, "percent_covered_display": "100", "missing_lines": 0, "excluded_lines": 0, "percent_statements_covered": 100.0, "percent_statements_covered_display": "100"}, "missing_lines": [], "excluded_lines": [], "start_line": 1}}}, "app\\backend\\app\\ai\\__init__.py": {"executed_lines": [2, 4], "summary": {"covered_lines": 2, "num_statements": 2, "percent_covered": 100.0, "percent_covered_display": "100", "missing_lines": 0, "excluded_lines": 0, "percent_statements_covered": 100.0, "percent_statements_covered_display": "100"}, "missing_lines": [], "excluded_lines": [], "functions": {"": {"executed_lines": [2, 4], "summary": {"covered_lines": 2, "num_statements": 2, "percent_covered": 100.0, "percent_covered_display": "100", "missing_lines": 0, "excluded_lines": 0, "percent_statements_covered": 100.0, "percent_statements_covered_display": "100"}, "missing_lines": [], "excluded_lines": [], "start_line": 1}}, "classes": {"": {"executed_lines": [2, 4], "summary": {"covered_lines": 2, "num_statements": 2, "percent_covered": 100.0, "percent_covered_display": "100", "missing_lines": 0, "excluded_lines": 0, "percent_statements_covered": 100.0, "percent_statements_covered_display": "100"}, "missing_lines": [], "excluded_lines": [], "start_line": 1}}}, "app\\backend\\app\\ai\\service.py": {"executed_lines": [4, 6, 7, 9, 11, 12, 13, 14, 17, 20, 21, 22, 23, 25, 35, 48, 56, 57, 58, 59, 60, 62, 63, 64, 68, 69, 79, 88, 89, 91, 96, 100, 110, 111, 113, 116, 124, 125, 129, 134, 139, 144, 149, 151, 153, 156, 160, 161, 162, 163, 164, 166, 167, 170], "summary": {"covered_lines": 54, "num_statements": 63, "percent_covered": 85.71428571428571, "percent_covered_display": "86", "missing_lines": 9, "excluded_lines": 0, "percent_statements_covered": 85.71428571428571, "percent_statements_covered_display": "86"}, "missing_lines": [49, 130, 135, 140, 145, 150, 157, 158, 159], "excluded_lines": [], "functions": {"AIService.__init__": {"executed_lines": [21, 22, 23], "summary": {"covered_lines": 3, "num_statements": 3, "percent_covered": 100.0, "percent_covered_display": "100", "missing_lines": 0, "excluded_lines": 0, "percent_statements_covered": 100.0, "percent_statements_covered_display": "100"}, "missing_lines": [], "excluded_lines": [], "start_line": 20}, "AIService.chat": {"executed_lines": [35, 48, 56, 57, 58, 59, 60, 62, 63, 64, 68, 69, 79, 88, 89, 91, 96, 100], "summary": {"covered_lines": 18, "num_statements": 19, "percent_covered": 94.73684210526316, "percent_covered_display": "95", "missing_lines": 1, "excluded_lines": 0, "percent_statements_covered": 94.73684210526316, "percent_statements_covered_display": "95"}, "missing_lines": [49], "excluded_lines": [], "start_line": 25}, "AIService._propose_tool": {"executed_lines": [111, 113, 116, 124, 125, 129, 134, 139, 144, 149, 151], "summary": {"covered_lines": 11, "num_statements": 16, "percent_covered": 68.75, "percent_covered_display": "69", "missing_lines": 5, "excluded_lines": 0, "percent_statements_covered": 68.75, "percent_statements_covered_display": "69"}, "missing_lines": [130, 135, 140, 145, 150], "excluded_lines": [], "start_line": 110}, "AIService._get_or_create_conversation": {"executed_lines": [156, 160, 161, 162, 163, 164], "summary": {"covered_lines": 6, "num_statements": 9, "percent_covered": 66.66666666666667, "percent_covered_display": "67", "missing_lines": 3, "excluded_lines": 0, "percent_statements_covered": 66.66666666666667, "percent_statements_covered_display": "67"}, "missing_lines": [157, 158, 159], "excluded_lines": [], "start_line": 153}, "AIService._assistant_msg": {"executed_lines": [167, 170], "summary": {"covered_lines": 2, "num_statements": 2, "percent_covered": 100.0, "percent_covered_display": "100", "missing_lines": 0, "excluded_lines": 0, "percent_statements_covered": 100.0, "percent_statements_covered_display": "100"}, "missing_lines": [], "excluded_lines": [], "start_line": 166}, "": {"executed_lines": [4, 6, 7, 9, 11, 12, 13, 14, 17, 20, 25, 110, 153, 166], "summary": {"covered_lines": 14, "num_statements": 14, "percent_covered": 100.0, "percent_covered_display": "100", "missing_lines": 0, "excluded_lines": 0, "percent_statements_covered": 100.0, "percent_statements_covered_display": "100"}, "missing_lines": [], "excluded_lines": [], "start_line": 1}}, "classes": {"AIService": {"executed_lines": [21, 22, 23, 35, 48, 56, 57, 58, 59, 60, 62, 63, 64, 68, 69, 79, 88, 89, 91, 96, 100, 111, 113, 116, 124, 125, 129, 134, 139, 144, 149, 151, 156, 160, 161, 162, 163, 164, 167, 170], "summary": {"covered_lines": 40, "num_statements": 49, "percent_covered": 81.63265306122449, "percent_covered_display": "82", "missing_lines": 9, "excluded_lines": 0, "percent_statements_covered": 81.63265306122449, "percent_statements_covered_display": "82"}, "missing_lines": [49, 130, 135, 140, 145, 150, 157, 158, 159], "excluded_lines": [], "start_line": 17}, "": {"executed_lines": [4, 6, 7, 9, 11, 12, 13, 14, 17, 20, 25, 110, 153, 166], "summary": {"covered_lines": 14, "num_statements": 14, "percent_covered": 100.0, "percent_covered_display": "100", "missing_lines": 0, "excluded_lines": 0, "percent_statements_covered": 100.0, "percent_statements_covered_display": "100"}, "missing_lines": [], "excluded_lines": [], "start_line": 1}}}, "app\\backend\\app\\api\\__init__.py": {"executed_lines": [4, 6, 7, 8, 9, 10, 11, 12, 13, 14, 15, 17, 18, 19, 20, 21, 22, 23, 24, 25, 26, 27], "summary": {"covered_lines": 22, "num_statements": 22, "percent_covered": 100.0, "percent_covered_display": "100", "missing_lines": 0, "excluded_lines": 0, "percent_statements_covered": 100.0, "percent_statements_covered_display": "100"}, "missing_lines": [], "excluded_lines": [], "functions": {"": {"executed_lines": [4, 6, 7, 8, 9, 10, 11, 12, 13, 14, 15, 17, 18, 19, 20, 21, 22, 23, 24, 25, 26, 27], "summary": {"covered_lines": 22, "num_statements": 22, "percent_covered": 100.0, "percent_covered_display": "100", "missing_lines": 0, "excluded_lines": 0, "percent_statements_covered": 100.0, "percent_statements_covered_display": "100"}, "missing_lines": [], "excluded_lines": [], "start_line": 1}}, "classes": {"": {"executed_lines": [4, 6, 7, 8, 9, 10, 11, 12, 13, 14, 15, 17, 18, 19, 20, 21, 22, 23, 24, 25, 26, 27], "summary": {"covered_lines": 22, "num_statements": 22, "percent_covered": 100.0, "percent_covered_display": "100", "missing_lines": 0, "excluded_lines": 0, "percent_statements_covered": 100.0, "percent_statements_covered_display": "100"}, "missing_lines": [], "excluded_lines": [], "start_line": 1}}}, "app\\backend\\app\\api\\ai.py": {"executed_lines": [4, 6, 7, 8, 10, 11, 12, 13, 15, 18, 19, 20, 23, 26, 27, 29, 30, 33, 34, 40, 47], "summary": {"covered_lines": 21, "num_statements": 21, "percent_covered": 100.0, "percent_covered_display": "100", "missing_lines": 0, "excluded_lines": 0, "percent_statements_covered": 100.0, "percent_statements_covered_display": "100"}, "missing_lines": [], "excluded_lines": [], "functions": {"ai_chat": {"executed_lines": [40, 47], "summary": {"covered_lines": 2, "num_statements": 2, "percent_covered": 100.0, "percent_covered_display": "100", "missing_lines": 0, "excluded_lines": 0, "percent_statements_covered": 100.0, "percent_statements_covered_display": "100"}, "missing_lines": [], "excluded_lines": [], "start_line": 34}, "": {"executed_lines": [4, 6, 7, 8, 10, 11, 12, 13, 15, 18, 19, 20, 23, 26, 27, 29, 30, 33, 34], "summary": {"covered_lines": 19, "num_statements": 19, "percent_covered": 100.0, "percent_covered_display": "100", "missing_lines": 0, "excluded_lines": 0, "percent_statements_covered": 100.0, "percent_statements_covered_display": "100"}, "missing_lines": [], "excluded_lines": [], "start_line": 1}}, "classes": {"ChatIn": {"executed_lines": [], "summary": {"covered_lines": 0, "num_statements": 0, "percent_covered": 100.0, "percent_covered_display": "100", "missing_lines": 0, "excluded_lines": 0, "percent_statements_covered": 100.0, "percent_statements_covered_display": "100"}, "missing_lines": [], "excluded_lines": [], "start_line": 18}, "ChatOut": {"executed_lines": [], "summary": {"covered_lines": 0, "num_statements": 0, "percent_covered": 100.0, "percent_covered_display": "100", "missing_lines": 0, "excluded_lines": 0, "percent_statements_covered": 100.0, "percent_statements_covered_display": "100"}, "missing_lines": [], "excluded_lines": [], "start_line": 23}, "": {"executed_lines": [4, 6, 7, 8, 10, 11, 12, 13, 15, 18, 19, 20, 23, 26, 27, 29, 30, 33, 34, 40, 47], "summary": {"covered_lines": 21, "num_statements": 21, "percent_covered": 100.0, "percent_covered_display": "100", "missing_lines": 0, "excluded_lines": 0, "percent_statements_covered": 100.0, "percent_statements_covered_display": "100"}, "missing_lines": [], "excluded_lines": [], "start_line": 1}}}, "app\\backend\\app\\api\\auth.py": {"executed_lines": [4, 6, 7, 9, 10, 11, 12, 21, 23, 26, 27, 28, 29, 30, 36, 37, 38, 45, 50, 51, 58, 59, 60, 61, 62, 63, 64, 65, 72, 73, 74, 75, 78, 79, 80, 83, 84, 89, 90, 95], "summary": {"covered_lines": 40, "num_statements": 42, "percent_covered": 95.23809523809524, "percent_covered_display": "95", "missing_lines": 2, "excluded_lines": 0, "percent_statements_covered": 95.23809523809524, "percent_statements_covered_display": "95"}, "missing_lines": [93, 94], "excluded_lines": [], "functions": {"login": {"executed_lines": [28, 29, 30, 36, 37, 38, 45, 50, 51], "summary": {"covered_lines": 9, "num_statements": 9, "percent_covered": 100.0, "percent_covered_display": "100", "missing_lines": 0, "excluded_lines": 0, "percent_statements_covered": 100.0, "percent_statements_covered_display": "100"}, "missing_lines": [], "excluded_lines": [], "start_line": 27}, "refresh": {"executed_lines": [60, 61, 62, 63, 64, 65], "summary": {"covered_lines": 6, "num_statements": 6, "percent_covered": 100.0, "percent_covered_display": "100", "missing_lines": 0, "excluded_lines": 0, "percent_statements_covered": 100.0, "percent_statements_covered_display": "100"}, "missing_lines": [], "excluded_lines": [], "start_line": 59}, "logout": {"executed_lines": [74, 75], "summary": {"covered_lines": 2, "num_statements": 2, "percent_covered": 100.0, "percent_covered_display": "100", "missing_lines": 0, "excluded_lines": 0, "percent_statements_covered": 100.0, "percent_statements_covered_display": "100"}, "missing_lines": [], "excluded_lines": [], "start_line": 73}, "me": {"executed_lines": [80], "summary": {"covered_lines": 1, "num_statements": 1, "percent_covered": 100.0, "percent_covered_display": "100", "missing_lines": 0, "excluded_lines": 0, "percent_statements_covered": 100.0, "percent_statements_covered_display": "100"}, "missing_lines": [], "excluded_lines": [], "start_line": 79}, "change_password": {"executed_lines": [89, 90, 95], "summary": {"covered_lines": 3, "num_statements": 5, "percent_covered": 60.0, "percent_covered_display": "60", "missing_lines": 2, "excluded_lines": 0, "percent_statements_covered": 60.0, "percent_statements_covered_display": "60"}, "missing_lines": [93, 94], "excluded_lines": [], "start_line": 84}, "": {"executed_lines": [4, 6, 7, 9, 10, 11, 12, 21, 23, 26, 27, 58, 59, 72, 73, 78, 79, 83, 84], "summary": {"covered_lines": 19, "num_statements": 19, "percent_covered": 100.0, "percent_covered_display": "100", "missing_lines": 0, "excluded_lines": 0, "percent_statements_covered": 100.0, "percent_statements_covered_display": "100"}, "missing_lines": [], "excluded_lines": [], "start_line": 1}}, "classes": {"": {"executed_lines": [4, 6, 7, 9, 10, 11, 12, 21, 23, 26, 27, 28, 29, 30, 36, 37, 38, 45, 50, 51, 58, 59, 60, 61, 62, 63, 64, 65, 72, 73, 74, 75, 78, 79, 80, 83, 84, 89, 90, 95], "summary": {"covered_lines": 40, "num_statements": 42, "percent_covered": 95.23809523809524, "percent_covered_display": "95", "missing_lines": 2, "excluded_lines": 0, "percent_statements_covered": 95.23809523809524, "percent_statements_covered_display": "95"}, "missing_lines": [93, 94], "excluded_lines": [], "start_line": 1}}}, "app\\backend\\app\\api\\catalog.py": {"executed_lines": [4, 6, 7, 9, 10, 11, 12, 29, 31, 34, 35, 37, 38, 47, 48, 55, 56, 61, 62, 67, 68, 75, 76, 81, 82, 83, 84, 89, 90, 97, 98, 103, 104, 105, 110, 111, 117, 118, 121, 124, 129, 130, 137, 138, 143, 144, 149, 150, 156, 157, 162, 163, 169, 170, 172, 173, 176, 177, 184, 185, 190, 191, 196, 197, 204, 205, 210, 211], "summary": {"covered_lines": 68, "num_statements": 95, "percent_covered": 71.57894736842105, "percent_covered_display": "72", "missing_lines": 27, "excluded_lines": 0, "percent_statements_covered": 71.57894736842105, "percent_statements_covered_display": "72"}, "missing_lines": [36, 42, 43, 44, 52, 63, 64, 72, 85, 86, 94, 106, 107, 125, 126, 134, 145, 146, 158, 159, 171, 181, 192, 193, 201, 212, 213], "excluded_lines": [], "functions": {"_map_err": {"executed_lines": [35, 37, 38], "summary": {"covered_lines": 3, "num_statements": 7, "percent_covered": 42.857142857142854, "percent_covered_display": "43", "missing_lines": 4, "excluded_lines": 0, "percent_statements_covered": 42.857142857142854, "percent_statements_covered_display": "43"}, "missing_lines": [36, 42, 43, 44], "excluded_lines": [], "start_line": 34}, "list_careers": {"executed_lines": [], "summary": {"covered_lines": 0, "num_statements": 1, "percent_covered": 0.0, "percent_covered_display": "0", "missing_lines": 1, "excluded_lines": 0, "percent_statements_covered": 0.0, "percent_statements_covered_display": "0"}, "missing_lines": [52], "excluded_lines": [], "start_line": 48}, "create_career": {"executed_lines": [61, 62], "summary": {"covered_lines": 2, "num_statements": 4, "percent_covered": 50.0, "percent_covered_display": "50", "missing_lines": 2, "excluded_lines": 0, "percent_statements_covered": 50.0, "percent_statements_covered_display": "50"}, "missing_lines": [63, 64], "excluded_lines": [], "start_line": 56}, "list_subjects": {"executed_lines": [], "summary": {"covered_lines": 0, "num_statements": 1, "percent_covered": 0.0, "percent_covered_display": "0", "missing_lines": 1, "excluded_lines": 0, "percent_statements_covered": 0.0, "percent_statements_covered_display": "0"}, "missing_lines": [72], "excluded_lines": [], "start_line": 68}, "create_subject": {"executed_lines": [81, 82, 83, 84], "summary": {"covered_lines": 4, "num_statements": 6, "percent_covered": 66.66666666666667, "percent_covered_display": "67", "missing_lines": 2, "excluded_lines": 0, "percent_statements_covered": 66.66666666666667, "percent_statements_covered_display": "67"}, "missing_lines": [85, 86], "excluded_lines": [], "start_line": 76}, "list_curricula": {"executed_lines": [], "summary": {"covered_lines": 0, "num_statements": 1, "percent_covered": 0.0, "percent_covered_display": "0", "missing_lines": 1, "excluded_lines": 0, "percent_statements_covered": 0.0, "percent_statements_covered_display": "0"}, "missing_lines": [94], "excluded_lines": [], "start_line": 90}, "create_curriculum": {"executed_lines": [103, 104, 105], "summary": {"covered_lines": 3, "num_statements": 5, "percent_covered": 60.0, "percent_covered_display": "60", "missing_lines": 2, "excluded_lines": 0, "percent_statements_covered": 60.0, "percent_statements_covered_display": "60"}, "missing_lines": [106, 107], "excluded_lines": [], "start_line": 98}, "add_curriculum_subject": {"executed_lines": [117, 118, 121, 124], "summary": {"covered_lines": 4, "num_statements": 6, "percent_covered": 66.66666666666667, "percent_covered_display": "67", "missing_lines": 2, "excluded_lines": 0, "percent_statements_covered": 66.66666666666667, "percent_statements_covered_display": "67"}, "missing_lines": [125, 126], "excluded_lines": [], "start_line": 111}, "list_terms": {"executed_lines": [], "summary": {"covered_lines": 0, "num_statements": 1, "percent_covered": 0.0, "percent_covered_display": "0", "missing_lines": 1, "excluded_lines": 0, "percent_statements_covered": 0.0, "percent_statements_covered_display": "0"}, "missing_lines": [134], "excluded_lines": [], "start_line": 130}, "create_term": {"executed_lines": [143, 144], "summary": {"covered_lines": 2, "num_statements": 4, "percent_covered": 50.0, "percent_covered_display": "50", "missing_lines": 2, "excluded_lines": 0, "percent_statements_covered": 50.0, "percent_statements_covered_display": "50"}, "missing_lines": [145, 146], "excluded_lines": [], "start_line": 138}, "set_term_status": {"executed_lines": [156, 157], "summary": {"covered_lines": 2, "num_statements": 4, "percent_covered": 50.0, "percent_covered_display": "50", "missing_lines": 2, "excluded_lines": 0, "percent_statements_covered": 50.0, "percent_statements_covered_display": "50"}, "missing_lines": [158, 159], "excluded_lines": [], "start_line": 150}, "check_term_writable": {"executed_lines": [169, 170, 172, 173], "summary": {"covered_lines": 4, "num_statements": 5, "percent_covered": 80.0, "percent_covered_display": "80", "missing_lines": 1, "excluded_lines": 0, "percent_statements_covered": 80.0, "percent_statements_covered_display": "80"}, "missing_lines": [171], "excluded_lines": [], "start_line": 163}, "list_students": {"executed_lines": [], "summary": {"covered_lines": 0, "num_statements": 1, "percent_covered": 0.0, "percent_covered_display": "0", "missing_lines": 1, "excluded_lines": 0, "percent_statements_covered": 0.0, "percent_statements_covered_display": "0"}, "missing_lines": [181], "excluded_lines": [], "start_line": 177}, "create_student": {"executed_lines": [190, 191], "summary": {"covered_lines": 2, "num_statements": 4, "percent_covered": 50.0, "percent_covered_display": "50", "missing_lines": 2, "excluded_lines": 0, "percent_statements_covered": 50.0, "percent_statements_covered_display": "50"}, "missing_lines": [192, 193], "excluded_lines": [], "start_line": 185}, "list_teachers": {"executed_lines": [], "summary": {"covered_lines": 0, "num_statements": 1, "percent_covered": 0.0, "percent_covered_display": "0", "missing_lines": 1, "excluded_lines": 0, "percent_statements_covered": 0.0, "percent_statements_covered_display": "0"}, "missing_lines": [201], "excluded_lines": [], "start_line": 197}, "create_teacher": {"executed_lines": [210, 211], "summary": {"covered_lines": 2, "num_statements": 4, "percent_covered": 50.0, "percent_covered_display": "50", "missing_lines": 2, "excluded_lines": 0, "percent_statements_covered": 50.0, "percent_statements_covered_display": "50"}, "missing_lines": [212, 213], "excluded_lines": [], "start_line": 205}, "": {"executed_lines": [4, 6, 7, 9, 10, 11, 12, 29, 31, 34, 47, 48, 55, 56, 67, 68, 75, 76, 89, 90, 97, 98, 110, 111, 129, 130, 137, 138, 149, 150, 162, 163, 176, 177, 184, 185, 196, 197, 204, 205], "summary": {"covered_lines": 40, "num_statements": 40, "percent_covered": 100.0, "percent_covered_display": "100", "missing_lines": 0, "excluded_lines": 0, "percent_statements_covered": 100.0, "percent_statements_covered_display": "100"}, "missing_lines": [], "excluded_lines": [], "start_line": 1}}, "classes": {"": {"executed_lines": [4, 6, 7, 9, 10, 11, 12, 29, 31, 34, 35, 37, 38, 47, 48, 55, 56, 61, 62, 67, 68, 75, 76, 81, 82, 83, 84, 89, 90, 97, 98, 103, 104, 105, 110, 111, 117, 118, 121, 124, 129, 130, 137, 138, 143, 144, 149, 150, 156, 157, 162, 163, 169, 170, 172, 173, 176, 177, 184, 185, 190, 191, 196, 197, 204, 205, 210, 211], "summary": {"covered_lines": 68, "num_statements": 95, "percent_covered": 71.57894736842105, "percent_covered_display": "72", "missing_lines": 27, "excluded_lines": 0, "percent_statements_covered": 71.57894736842105, "percent_statements_covered_display": "72"}, "missing_lines": [36, 42, 43, 44, 52, 63, 64, 72, 85, 86, 94, 106, 107, 125, 126, 134, 145, 146, 158, 159, 171, 181, 192, 193, 201, 212, 213], "excluded_lines": [], "start_line": 1}}}, "app\\backend\\app\\api\\evaluation.py": {"executed_lines": [4, 6, 7, 9, 10, 11, 12, 25, 26, 27, 29, 32, 33, 35, 40, 41, 50, 51, 56, 57, 58, 59, 60, 61, 64, 65, 73, 74, 79, 80, 81, 82, 87, 88, 106, 107, 111, 112, 113, 114, 119, 120, 126, 127, 129, 130, 133, 134, 141, 142, 147, 148, 149, 150, 155, 156, 161, 162, 163, 164, 169, 173, 179, 182, 187, 188, 193, 194, 199, 200, 204, 205, 206, 207, 212, 213], "summary": {"covered_lines": 76, "num_statements": 117, "percent_covered": 64.95726495726495, "percent_covered_display": "65", "missing_lines": 41, "excluded_lines": 0, "percent_statements_covered": 64.95726495726495, "percent_statements_covered_display": "65"}, "missing_lines": [34, 36, 45, 46, 47, 70, 83, 84, 95, 96, 97, 98, 99, 100, 101, 102, 103, 115, 116, 128, 131, 132, 138, 151, 152, 165, 166, 195, 196, 208, 209, 218, 219, 220, 221, 222, 223, 224, 225, 226, 230], "excluded_lines": [], "functions": {"_map_err": {"executed_lines": [33, 35, 40, 41], "summary": {"covered_lines": 4, "num_statements": 9, "percent_covered": 44.44444444444444, "percent_covered_display": "44", "missing_lines": 5, "excluded_lines": 0, "percent_statements_covered": 44.44444444444444, "percent_statements_covered_display": "44"}, "missing_lines": [34, 36, 45, 46, 47], "excluded_lines": [], "start_line": 32}, "create_evaluation": {"executed_lines": [56, 57, 58, 59, 60, 61], "summary": {"covered_lines": 6, "num_statements": 6, "percent_covered": 100.0, "percent_covered_display": "100", "missing_lines": 0, "excluded_lines": 0, "percent_statements_covered": 100.0, "percent_statements_covered_display": "100"}, "missing_lines": [], "excluded_lines": [], "start_line": 51}, "list_evaluations": {"executed_lines": [], "summary": {"covered_lines": 0, "num_statements": 1, "percent_covered": 0.0, "percent_covered_display": "0", "missing_lines": 1, "excluded_lines": 0, "percent_statements_covered": 0.0, "percent_statements_covered_display": "0"}, "missing_lines": [70], "excluded_lines": [], "start_line": 65}, "upsert_grade": {"executed_lines": [79, 80, 81, 82], "summary": {"covered_lines": 4, "num_statements": 6, "percent_covered": 66.66666666666667, "percent_covered_display": "67", "missing_lines": 2, "excluded_lines": 0, "percent_statements_covered": 66.66666666666667, "percent_statements_covered_display": "67"}, "missing_lines": [83, 84], "excluded_lines": [], "start_line": 74}, "list_course_grades": {"executed_lines": [], "summary": {"covered_lines": 0, "num_statements": 9, "percent_covered": 0.0, "percent_covered_display": "0", "missing_lines": 9, "excluded_lines": 0, "percent_statements_covered": 0.0, "percent_statements_covered_display": "0"}, "missing_lines": [95, 96, 97, 98, 99, 100, 101, 102, 103], "excluded_lines": [], "start_line": 88}, "my_grades": {"executed_lines": [111, 112, 113, 114], "summary": {"covered_lines": 4, "num_statements": 6, "percent_covered": 66.66666666666667, "percent_covered_display": "67", "missing_lines": 2, "excluded_lines": 0, "percent_statements_covered": 66.66666666666667, "percent_statements_covered_display": "67"}, "missing_lines": [115, 116], "excluded_lines": [], "start_line": 107}, "grades_by_student": {"executed_lines": [126, 127, 129, 130, 133, 134], "summary": {"covered_lines": 6, "num_statements": 10, "percent_covered": 60.0, "percent_covered_display": "60", "missing_lines": 4, "excluded_lines": 0, "percent_statements_covered": 60.0, "percent_statements_covered_display": "60"}, "missing_lines": [128, 131, 132, 138], "excluded_lines": [], "start_line": 120}, "create_session": {"executed_lines": [147, 148, 149, 150], "summary": {"covered_lines": 4, "num_statements": 6, "percent_covered": 66.66666666666667, "percent_covered_display": "67", "missing_lines": 2, "excluded_lines": 0, "percent_statements_covered": 66.66666666666667, "percent_statements_covered_display": "67"}, "missing_lines": [151, 152], "excluded_lines": [], "start_line": 142}, "mark_attendance": {"executed_lines": [161, 162, 163, 164], "summary": {"covered_lines": 4, "num_statements": 6, "percent_covered": 66.66666666666667, "percent_covered_display": "67", "missing_lines": 2, "excluded_lines": 0, "percent_statements_covered": 66.66666666666667, "percent_statements_covered_display": "67"}, "missing_lines": [165, 166], "excluded_lines": [], "start_line": 156}, "attendance_percent": {"executed_lines": [179, 182], "summary": {"covered_lines": 2, "num_statements": 2, "percent_covered": 100.0, "percent_covered_display": "100", "missing_lines": 0, "excluded_lines": 0, "percent_statements_covered": 100.0, "percent_statements_covered_display": "100"}, "missing_lines": [], "excluded_lines": [], "start_line": 173}, "upsert_kardex": {"executed_lines": [193, 194], "summary": {"covered_lines": 2, "num_statements": 4, "percent_covered": 50.0, "percent_covered_display": "50", "missing_lines": 2, "excluded_lines": 0, "percent_statements_covered": 50.0, "percent_statements_covered_display": "50"}, "missing_lines": [195, 196], "excluded_lines": [], "start_line": 188}, "my_kardex": {"executed_lines": [204, 205, 206, 207], "summary": {"covered_lines": 4, "num_statements": 6, "percent_covered": 66.66666666666667, "percent_covered_display": "67", "missing_lines": 2, "excluded_lines": 0, "percent_statements_covered": 66.66666666666667, "percent_statements_covered_display": "67"}, "missing_lines": [208, 209], "excluded_lines": [], "start_line": 200}, "kardex_by_student": {"executed_lines": [], "summary": {"covered_lines": 0, "num_statements": 10, "percent_covered": 0.0, "percent_covered_display": "0", "missing_lines": 10, "excluded_lines": 0, "percent_statements_covered": 0.0, "percent_statements_covered_display": "0"}, "missing_lines": [218, 219, 220, 221, 222, 223, 224, 225, 226, 230], "excluded_lines": [], "start_line": 213}, "": {"executed_lines": [4, 6, 7, 9, 10, 11, 12, 25, 26, 27, 29, 32, 50, 51, 64, 65, 73, 74, 87, 88, 106, 107, 119, 120, 141, 142, 155, 156, 169, 173, 187, 188, 199, 200, 212, 213], "summary": {"covered_lines": 36, "num_statements": 36, "percent_covered": 100.0, "percent_covered_display": "100", "missing_lines": 0, "excluded_lines": 0, "percent_statements_covered": 100.0, "percent_statements_covered_display": "100"}, "missing_lines": [], "excluded_lines": [], "start_line": 1}}, "classes": {"": {"executed_lines": [4, 6, 7, 9, 10, 11, 12, 25, 26, 27, 29, 32, 33, 35, 40, 41, 50, 51, 56, 57, 58, 59, 60, 61, 64, 65, 73, 74, 79, 80, 81, 82, 87, 88, 106, 107, 111, 112, 113, 114, 119, 120, 126, 127, 129, 130, 133, 134, 141, 142, 147, 148, 149, 150, 155, 156, 161, 162, 163, 164, 169, 173, 179, 182, 187, 188, 193, 194, 199, 200, 204, 205, 206, 207, 212, 213], "summary": {"covered_lines": 76, "num_statements": 117, "percent_covered": 64.95726495726495, "percent_covered_display": "65", "missing_lines": 41, "excluded_lines": 0, "percent_statements_covered": 64.95726495726495, "percent_statements_covered_display": "65"}, "missing_lines": [34, 36, 45, 46, 47, 70, 83, 84, 95, 96, 97, 98, 99, 100, 101, 102, 103, 115, 116, 128, 131, 132, 138, 151, 152, 165, 166, 195, 196, 208, 209, 218, 219, 220, 221, 222, 223, 224, 225, 226, 230], "excluded_lines": [], "start_line": 1}}}, "app\\backend\\app\\api\\health.py": {"executed_lines": [4, 6, 7, 9, 12, 13, 15, 16, 25, 26, 28, 29, 30, 32], "summary": {"covered_lines": 14, "num_statements": 15, "percent_covered": 93.33333333333333, "percent_covered_display": "93", "missing_lines": 1, "excluded_lines": 0, "percent_statements_covered": 93.33333333333333, "percent_statements_covered_display": "93"}, "missing_lines": [31], "excluded_lines": [], "functions": {"health": {"executed_lines": [15, 16], "summary": {"covered_lines": 2, "num_statements": 2, "percent_covered": 100.0, "percent_covered_display": "100", "missing_lines": 0, "excluded_lines": 0, "percent_statements_covered": 100.0, "percent_statements_covered_display": "100"}, "missing_lines": [], "excluded_lines": [], "start_line": 13}, "ready": {"executed_lines": [28, 29, 30, 32], "summary": {"covered_lines": 4, "num_statements": 5, "percent_covered": 80.0, "percent_covered_display": "80", "missing_lines": 1, "excluded_lines": 0, "percent_statements_covered": 80.0, "percent_statements_covered_display": "80"}, "missing_lines": [31], "excluded_lines": [], "start_line": 26}, "": {"executed_lines": [4, 6, 7, 9, 12, 13, 25, 26], "summary": {"covered_lines": 8, "num_statements": 8, "percent_covered": 100.0, "percent_covered_display": "100", "missing_lines": 0, "excluded_lines": 0, "percent_statements_covered": 100.0, "percent_statements_covered_display": "100"}, "missing_lines": [], "excluded_lines": [], "start_line": 1}}, "classes": {"": {"executed_lines": [4, 6, 7, 9, 12, 13, 15, 16, 25, 26, 28, 29, 30, 32], "summary": {"covered_lines": 14, "num_statements": 15, "percent_covered": 93.33333333333333, "percent_covered_display": "93", "missing_lines": 1, "excluded_lines": 0, "percent_statements_covered": 93.33333333333333, "percent_statements_covered_display": "93"}, "missing_lines": [31], "excluded_lines": [], "start_line": 1}}}, "app\\backend\\app\\api\\operations.py": {"executed_lines": [4, 6, 7, 9, 10, 11, 12, 25, 26, 32, 35, 36, 38, 39, 43, 45, 46, 52, 53, 61, 62, 67, 68, 69, 70, 73, 74, 82, 83, 88, 89, 94, 95, 102, 105, 113, 114, 122, 123, 128, 129, 134, 135, 146, 147, 154, 155, 160, 161, 166, 167, 175, 176, 181, 182, 183, 184], "summary": {"covered_lines": 57, "num_statements": 77, "percent_covered": 74.02597402597402, "percent_covered_display": "74", "missing_lines": 20, "excluded_lines": 0, "percent_statements_covered": 74.02597402597402, "percent_statements_covered_display": "74"}, "missing_lines": [37, 44, 47, 48, 49, 58, 79, 90, 91, 119, 130, 131, 140, 141, 142, 143, 151, 162, 163, 172], "excluded_lines": [], "functions": {"_map_err": {"executed_lines": [36, 38, 39, 43, 45, 46], "summary": {"covered_lines": 6, "num_statements": 11, "percent_covered": 54.54545454545455, "percent_covered_display": "55", "missing_lines": 5, "excluded_lines": 0, "percent_statements_covered": 54.54545454545455, "percent_statements_covered_display": "55"}, "missing_lines": [37, 44, 47, 48, 49], "excluded_lines": [], "start_line": 35}, "list_courses": {"executed_lines": [], "summary": {"covered_lines": 0, "num_statements": 1, "percent_covered": 0.0, "percent_covered_display": "0", "missing_lines": 1, "excluded_lines": 0, "percent_statements_covered": 0.0, "percent_statements_covered_display": "0"}, "missing_lines": [58], "excluded_lines": [], "start_line": 53}, "create_course": {"executed_lines": [67, 68, 69, 70], "summary": {"covered_lines": 4, "num_statements": 4, "percent_covered": 100.0, "percent_covered_display": "100", "missing_lines": 0, "excluded_lines": 0, "percent_statements_covered": 100.0, "percent_statements_covered_display": "100"}, "missing_lines": [], "excluded_lines": [], "start_line": 62}, "list_assignments": {"executed_lines": [], "summary": {"covered_lines": 0, "num_statements": 1, "percent_covered": 0.0, "percent_covered_display": "0", "missing_lines": 1, "excluded_lines": 0, "percent_statements_covered": 0.0, "percent_statements_covered_display": "0"}, "missing_lines": [79], "excluded_lines": [], "start_line": 74}, "assign_teacher": {"executed_lines": [88, 89], "summary": {"covered_lines": 2, "num_statements": 4, "percent_covered": 50.0, "percent_covered_display": "50", "missing_lines": 2, "excluded_lines": 0, "percent_statements_covered": 50.0, "percent_statements_covered_display": "50"}, "missing_lines": [90, 91], "excluded_lines": [], "start_line": 83}, "check_assignment": {"executed_lines": [102, 105], "summary": {"covered_lines": 2, "num_statements": 2, "percent_covered": 100.0, "percent_covered_display": "100", "missing_lines": 0, "excluded_lines": 0, "percent_statements_covered": 100.0, "percent_statements_covered_display": "100"}, "missing_lines": [], "excluded_lines": [], "start_line": 95}, "list_enrollments": {"executed_lines": [], "summary": {"covered_lines": 0, "num_statements": 1, "percent_covered": 0.0, "percent_covered_display": "0", "missing_lines": 1, "excluded_lines": 0, "percent_statements_covered": 0.0, "percent_statements_covered_display": "0"}, "missing_lines": [119], "excluded_lines": [], "start_line": 114}, "enroll": {"executed_lines": [128, 129], "summary": {"covered_lines": 2, "num_statements": 4, "percent_covered": 50.0, "percent_covered_display": "50", "missing_lines": 2, "excluded_lines": 0, "percent_statements_covered": 50.0, "percent_statements_covered_display": "50"}, "missing_lines": [130, 131], "excluded_lines": [], "start_line": 123}, "cancel_enrollment": {"executed_lines": [], "summary": {"covered_lines": 0, "num_statements": 4, "percent_covered": 0.0, "percent_covered_display": "0", "missing_lines": 4, "excluded_lines": 0, "percent_statements_covered": 0.0, "percent_statements_covered_display": "0"}, "missing_lines": [140, 141, 142, 143], "excluded_lines": [], "start_line": 135}, "list_classrooms": {"executed_lines": [], "summary": {"covered_lines": 0, "num_statements": 1, "percent_covered": 0.0, "percent_covered_display": "0", "missing_lines": 1, "excluded_lines": 0, "percent_statements_covered": 0.0, "percent_statements_covered_display": "0"}, "missing_lines": [151], "excluded_lines": [], "start_line": 147}, "create_classroom": {"executed_lines": [160, 161], "summary": {"covered_lines": 2, "num_statements": 4, "percent_covered": 50.0, "percent_covered_display": "50", "missing_lines": 2, "excluded_lines": 0, "percent_statements_covered": 50.0, "percent_statements_covered_display": "50"}, "missing_lines": [162, 163], "excluded_lines": [], "start_line": 155}, "list_schedules": {"executed_lines": [], "summary": {"covered_lines": 0, "num_statements": 1, "percent_covered": 0.0, "percent_covered_display": "0", "missing_lines": 1, "excluded_lines": 0, "percent_statements_covered": 0.0, "percent_statements_covered_display": "0"}, "missing_lines": [172], "excluded_lines": [], "start_line": 167}, "create_schedule": {"executed_lines": [181, 182, 183, 184], "summary": {"covered_lines": 4, "num_statements": 4, "percent_covered": 100.0, "percent_covered_display": "100", "missing_lines": 0, "excluded_lines": 0, "percent_statements_covered": 100.0, "percent_statements_covered_display": "100"}, "missing_lines": [], "excluded_lines": [], "start_line": 176}, "": {"executed_lines": [4, 6, 7, 9, 10, 11, 12, 25, 26, 32, 35, 52, 53, 61, 62, 73, 74, 82, 83, 94, 95, 113, 114, 122, 123, 134, 135, 146, 147, 154, 155, 166, 167, 175, 176], "summary": {"covered_lines": 35, "num_statements": 35, "percent_covered": 100.0, "percent_covered_display": "100", "missing_lines": 0, "excluded_lines": 0, "percent_statements_covered": 100.0, "percent_statements_covered_display": "100"}, "missing_lines": [], "excluded_lines": [], "start_line": 1}}, "classes": {"": {"executed_lines": [4, 6, 7, 9, 10, 11, 12, 25, 26, 32, 35, 36, 38, 39, 43, 45, 46, 52, 53, 61, 62, 67, 68, 69, 70, 73, 74, 82, 83, 88, 89, 94, 95, 102, 105, 113, 114, 122, 123, 128, 129, 134, 135, 146, 147, 154, 155, 160, 161, 166, 167, 175, 176, 181, 182, 183, 184], "summary": {"covered_lines": 57, "num_statements": 77, "percent_covered": 74.02597402597402, "percent_covered_display": "74", "missing_lines": 20, "excluded_lines": 0, "percent_statements_covered": 74.02597402597402, "percent_statements_covered_display": "74"}, "missing_lines": [37, 44, 47, 48, 49, 58, 79, 90, 91, 119, 130, 131, 140, 141, 142, 143, 151, 162, 163, 172], "excluded_lines": [], "start_line": 1}}}, "app\\backend\\app\\api\\platform.py": {"executed_lines": [4, 6, 7, 9, 10, 11, 12, 22, 23, 25, 28, 29, 31, 32, 36, 37, 38, 39, 47, 48, 52, 53, 56, 57, 61, 62, 68, 69, 74, 75, 76, 82, 83, 84, 87, 88, 93, 94, 97, 98, 103, 110, 111, 116, 117, 118, 124, 130, 135, 136, 141, 142, 145, 146, 149, 150, 154, 157, 158, 164, 165, 169], "summary": {"covered_lines": 62, "num_statements": 67, "percent_covered": 92.53731343283582, "percent_covered_display": "93", "missing_lines": 5, "excluded_lines": 0, "percent_statements_covered": 92.53731343283582, "percent_statements_covered_display": "93"}, "missing_lines": [30, 43, 44, 131, 132], "excluded_lines": [], "functions": {"_map_err": {"executed_lines": [29, 31, 32, 36, 37, 38, 39], "summary": {"covered_lines": 7, "num_statements": 10, "percent_covered": 70.0, "percent_covered_display": "70", "missing_lines": 3, "excluded_lines": 0, "percent_statements_covered": 70.0, "percent_statements_covered_display": "70"}, "missing_lines": [30, 43, 44], "excluded_lines": [], "start_line": 28}, "dashboard": {"executed_lines": [52, 53], "summary": {"covered_lines": 2, "num_statements": 2, "percent_covered": 100.0, "percent_covered_display": "100", "missing_lines": 0, "excluded_lines": 0, "percent_statements_covered": 100.0, "percent_statements_covered_display": "100"}, "missing_lines": [], "excluded_lines": [], "start_line": 48}, "report_catalog": {"executed_lines": [61, 62], "summary": {"covered_lines": 2, "num_statements": 2, "percent_covered": 100.0, "percent_covered_display": "100", "missing_lines": 0, "excluded_lines": 0, "percent_statements_covered": 100.0, "percent_statements_covered_display": "100"}, "missing_lines": [], "excluded_lines": [], "start_line": 57}, "generate_report": {"executed_lines": [74, 75, 76, 82, 83, 84], "summary": {"covered_lines": 6, "num_statements": 6, "percent_covered": 100.0, "percent_covered_display": "100", "missing_lines": 0, "excluded_lines": 0, "percent_statements_covered": 100.0, "percent_statements_covered_display": "100"}, "missing_lines": [], "excluded_lines": [], "start_line": 69}, "report_logs": {"executed_lines": [93, 94], "summary": {"covered_lines": 2, "num_statements": 2, "percent_covered": 100.0, "percent_covered_display": "100", "missing_lines": 0, "excluded_lines": 0, "percent_statements_covered": 100.0, "percent_statements_covered_display": "100"}, "missing_lines": [], "excluded_lines": [], "start_line": 88}, "my_notifications": {"executed_lines": [103], "summary": {"covered_lines": 1, "num_statements": 1, "percent_covered": 100.0, "percent_covered_display": "100", "missing_lines": 0, "excluded_lines": 0, "percent_statements_covered": 100.0, "percent_statements_covered_display": "100"}, "missing_lines": [], "excluded_lines": [], "start_line": 98}, "create_notification": {"executed_lines": [116, 117, 118, 124, 130], "summary": {"covered_lines": 5, "num_statements": 7, "percent_covered": 71.42857142857143, "percent_covered_display": "71", "missing_lines": 2, "excluded_lines": 0, "percent_statements_covered": 71.42857142857143, "percent_statements_covered_display": "71"}, "missing_lines": [131, 132], "excluded_lines": [], "start_line": 111}, "mark_notification_read": {"executed_lines": [141, 142, 145, 146], "summary": {"covered_lines": 4, "num_statements": 4, "percent_covered": 100.0, "percent_covered_display": "100", "missing_lines": 0, "excluded_lines": 0, "percent_statements_covered": 100.0, "percent_statements_covered_display": "100"}, "missing_lines": [], "excluded_lines": [], "start_line": 136}, "my_history": {"executed_lines": [154], "summary": {"covered_lines": 1, "num_statements": 1, "percent_covered": 100.0, "percent_covered_display": "100", "missing_lines": 0, "excluded_lines": 0, "percent_statements_covered": 100.0, "percent_statements_covered_display": "100"}, "missing_lines": [], "excluded_lines": [], "start_line": 150}, "user_history": {"executed_lines": [164, 165, 169], "summary": {"covered_lines": 3, "num_statements": 3, "percent_covered": 100.0, "percent_covered_display": "100", "missing_lines": 0, "excluded_lines": 0, "percent_statements_covered": 100.0, "percent_statements_covered_display": "100"}, "missing_lines": [], "excluded_lines": [], "start_line": 158}, "": {"executed_lines": [4, 6, 7, 9, 10, 11, 12, 22, 23, 25, 28, 47, 48, 56, 57, 68, 69, 87, 88, 97, 98, 110, 111, 135, 136, 149, 150, 157, 158], "summary": {"covered_lines": 29, "num_statements": 29, "percent_covered": 100.0, "percent_covered_display": "100", "missing_lines": 0, "excluded_lines": 0, "percent_statements_covered": 100.0, "percent_statements_covered_display": "100"}, "missing_lines": [], "excluded_lines": [], "start_line": 1}}, "classes": {"": {"executed_lines": [4, 6, 7, 9, 10, 11, 12, 22, 23, 25, 28, 29, 31, 32, 36, 37, 38, 39, 47, 48, 52, 53, 56, 57, 61, 62, 68, 69, 74, 75, 76, 82, 83, 84, 87, 88, 93, 94, 97, 98, 103, 110, 111, 116, 117, 118, 124, 130, 135, 136, 141, 142, 145, 146, 149, 150, 154, 157, 158, 164, 165, 169], "summary": {"covered_lines": 62, "num_statements": 67, "percent_covered": 92.53731343283582, "percent_covered_display": "93", "missing_lines": 5, "excluded_lines": 0, "percent_statements_covered": 92.53731343283582, "percent_statements_covered_display": "93"}, "missing_lines": [30, 43, 44, 131, 132], "excluded_lines": [], "start_line": 1}}}, "app\\backend\\app\\api\\roles.py": {"executed_lines": [4, 6, 7, 9, 10, 11, 12, 18, 20, 23, 24, 28, 31, 32, 36, 39, 40, 46, 47, 52], "summary": {"covered_lines": 20, "num_statements": 24, "percent_covered": 83.33333333333333, "percent_covered_display": "83", "missing_lines": 4, "excluded_lines": 0, "percent_statements_covered": 83.33333333333333, "percent_statements_covered_display": "83"}, "missing_lines": [48, 49, 50, 51], "excluded_lines": [], "functions": {"list_roles": {"executed_lines": [28], "summary": {"covered_lines": 1, "num_statements": 1, "percent_covered": 100.0, "percent_covered_display": "100", "missing_lines": 0, "excluded_lines": 0, "percent_statements_covered": 100.0, "percent_statements_covered_display": "100"}, "missing_lines": [], "excluded_lines": [], "start_line": 24}, "list_permissions": {"executed_lines": [36], "summary": {"covered_lines": 1, "num_statements": 1, "percent_covered": 100.0, "percent_covered_display": "100", "missing_lines": 0, "excluded_lines": 0, "percent_statements_covered": 100.0, "percent_statements_covered_display": "100"}, "missing_lines": [], "excluded_lines": [], "start_line": 32}, "assign_permissions": {"executed_lines": [46, 47, 52], "summary": {"covered_lines": 3, "num_statements": 7, "percent_covered": 42.857142857142854, "percent_covered_display": "43", "missing_lines": 4, "excluded_lines": 0, "percent_statements_covered": 42.857142857142854, "percent_statements_covered_display": "43"}, "missing_lines": [48, 49, 50, 51], "excluded_lines": [], "start_line": 40}, "": {"executed_lines": [4, 6, 7, 9, 10, 11, 12, 18, 20, 23, 24, 31, 32, 39, 40], "summary": {"covered_lines": 15, "num_statements": 15, "percent_covered": 100.0, "percent_covered_display": "100", "missing_lines": 0, "excluded_lines": 0, "percent_statements_covered": 100.0, "percent_statements_covered_display": "100"}, "missing_lines": [], "excluded_lines": [], "start_line": 1}}, "classes": {"": {"executed_lines": [4, 6, 7, 9, 10, 11, 12, 18, 20, 23, 24, 28, 31, 32, 36, 39, 40, 46, 47, 52], "summary": {"covered_lines": 20, "num_statements": 24, "percent_covered": 83.33333333333333, "percent_covered_display": "83", "missing_lines": 4, "excluded_lines": 0, "percent_statements_covered": 83.33333333333333, "percent_statements_covered_display": "83"}, "missing_lines": [48, 49, 50, 51], "excluded_lines": [], "start_line": 1}}}, "app\\backend\\app\\api\\users.py": {"executed_lines": [4, 6, 7, 9, 10, 11, 12, 19, 21, 24, 25, 29, 32, 33, 38, 39, 47, 50, 51, 62, 63, 69, 70, 75, 76, 87, 88], "summary": {"covered_lines": 27, "num_statements": 43, "percent_covered": 62.7906976744186, "percent_covered_display": "63", "missing_lines": 16, "excluded_lines": 0, "percent_statements_covered": 62.7906976744186, "percent_statements_covered_display": "63"}, "missing_lines": [45, 46, 56, 57, 58, 59, 71, 72, 81, 82, 83, 84, 94, 95, 96, 97], "excluded_lines": [], "functions": {"list_users": {"executed_lines": [29], "summary": {"covered_lines": 1, "num_statements": 1, "percent_covered": 100.0, "percent_covered_display": "100", "missing_lines": 0, "excluded_lines": 0, "percent_statements_covered": 100.0, "percent_statements_covered_display": "100"}, "missing_lines": [], "excluded_lines": [], "start_line": 25}, "create_user": {"executed_lines": [38, 39, 47], "summary": {"covered_lines": 3, "num_statements": 5, "percent_covered": 60.0, "percent_covered_display": "60", "missing_lines": 2, "excluded_lines": 0, "percent_statements_covered": 60.0, "percent_statements_covered_display": "60"}, "missing_lines": [45, 46], "excluded_lines": [], "start_line": 33}, "get_user": {"executed_lines": [], "summary": {"covered_lines": 0, "num_statements": 4, "percent_covered": 0.0, "percent_covered_display": "0", "missing_lines": 4, "excluded_lines": 0, "percent_statements_covered": 0.0, "percent_statements_covered_display": "0"}, "missing_lines": [56, 57, 58, 59], "excluded_lines": [], "start_line": 51}, "update_status": {"executed_lines": [69, 70], "summary": {"covered_lines": 2, "num_statements": 4, "percent_covered": 50.0, "percent_covered_display": "50", "missing_lines": 2, "excluded_lines": 0, "percent_statements_covered": 50.0, "percent_statements_covered_display": "50"}, "missing_lines": [71, 72], "excluded_lines": [], "start_line": 63}, "delete_user": {"executed_lines": [], "summary": {"covered_lines": 0, "num_statements": 4, "percent_covered": 0.0, "percent_covered_display": "0", "missing_lines": 4, "excluded_lines": 0, "percent_statements_covered": 0.0, "percent_statements_covered_display": "0"}, "missing_lines": [81, 82, 83, 84], "excluded_lines": [], "start_line": 76}, "assign_roles": {"executed_lines": [], "summary": {"covered_lines": 0, "num_statements": 4, "percent_covered": 0.0, "percent_covered_display": "0", "missing_lines": 4, "excluded_lines": 0, "percent_statements_covered": 0.0, "percent_statements_covered_display": "0"}, "missing_lines": [94, 95, 96, 97], "excluded_lines": [], "start_line": 88}, "": {"executed_lines": [4, 6, 7, 9, 10, 11, 12, 19, 21, 24, 25, 32, 33, 50, 51, 62, 63, 75, 76, 87, 88], "summary": {"covered_lines": 21, "num_statements": 21, "percent_covered": 100.0, "percent_covered_display": "100", "missing_lines": 0, "excluded_lines": 0, "percent_statements_covered": 100.0, "percent_statements_covered_display": "100"}, "missing_lines": [], "excluded_lines": [], "start_line": 1}}, "classes": {"": {"executed_lines": [4, 6, 7, 9, 10, 11, 12, 19, 21, 24, 25, 29, 32, 33, 38, 39, 47, 50, 51, 62, 63, 69, 70, 75, 76, 87, 88], "summary": {"covered_lines": 27, "num_statements": 43, "percent_covered": 62.7906976744186, "percent_covered_display": "63", "missing_lines": 16, "excluded_lines": 0, "percent_statements_covered": 62.7906976744186, "percent_statements_covered_display": "63"}, "missing_lines": [45, 46, 56, 57, 58, 59, 71, 72, 81, 82, 83, 84, 94, 95, 96, 97], "excluded_lines": [], "start_line": 1}}}, "app\\backend\\app\\api\\zero_trust.py": {"executed_lines": [4, 5, 7, 8, 9, 11, 12, 13, 14, 15, 16, 18, 21, 29, 37, 47, 50, 58, 61, 62, 65, 77, 78, 81, 93, 94, 98, 101, 102, 106], "summary": {"covered_lines": 30, "num_statements": 30, "percent_covered": 100.0, "percent_covered_display": "100", "missing_lines": 0, "excluded_lines": 0, "percent_statements_covered": 100.0, "percent_statements_covered_display": "100"}, "missing_lines": [], "excluded_lines": [], "functions": {"list_policies": {"executed_lines": [65], "summary": {"covered_lines": 1, "num_statements": 1, "percent_covered": 100.0, "percent_covered_display": "100", "missing_lines": 0, "excluded_lines": 0, "percent_statements_covered": 100.0, "percent_statements_covered_display": "100"}, "missing_lines": [], "excluded_lines": [], "start_line": 62}, "list_registered_tools": {"executed_lines": [81], "summary": {"covered_lines": 1, "num_statements": 1, "percent_covered": 100.0, "percent_covered_display": "100", "missing_lines": 0, "excluded_lines": 0, "percent_statements_covered": 100.0, "percent_statements_covered_display": "100"}, "missing_lines": [], "excluded_lines": [], "start_line": 78}, "audit_events": {"executed_lines": [98], "summary": {"covered_lines": 1, "num_statements": 1, "percent_covered": 100.0, "percent_covered_display": "100", "missing_lines": 0, "excluded_lines": 0, "percent_statements_covered": 100.0, "percent_statements_covered_display": "100"}, "missing_lines": [], "excluded_lines": [], "start_line": 94}, "security_events": {"executed_lines": [106], "summary": {"covered_lines": 1, "num_statements": 1, "percent_covered": 100.0, "percent_covered_display": "100", "missing_lines": 0, "excluded_lines": 0, "percent_statements_covered": 100.0, "percent_statements_covered_display": "100"}, "missing_lines": [], "excluded_lines": [], "start_line": 102}, "": {"executed_lines": [4, 5, 7, 8, 9, 11, 12, 13, 14, 15, 16, 18, 21, 29, 37, 47, 50, 58, 61, 62, 77, 78, 93, 94, 101, 102], "summary": {"covered_lines": 26, "num_statements": 26, "percent_covered": 100.0, "percent_covered_display": "100", "missing_lines": 0, "excluded_lines": 0, "percent_statements_covered": 100.0, "percent_statements_covered_display": "100"}, "missing_lines": [], "excluded_lines": [], "start_line": 1}}, "classes": {"PolicyOut": {"executed_lines": [], "summary": {"covered_lines": 0, "num_statements": 0, "percent_covered": 100.0, "percent_covered_display": "100", "missing_lines": 0, "excluded_lines": 0, "percent_statements_covered": 100.0, "percent_statements_covered_display": "100"}, "missing_lines": [], "excluded_lines": [], "start_line": 21}, "ToolOut": {"executed_lines": [], "summary": {"covered_lines": 0, "num_statements": 0, "percent_covered": 100.0, "percent_covered_display": "100", "missing_lines": 0, "excluded_lines": 0, "percent_statements_covered": 100.0, "percent_statements_covered_display": "100"}, "missing_lines": [], "excluded_lines": [], "start_line": 29}, "AuditOut": {"executed_lines": [], "summary": {"covered_lines": 0, "num_statements": 0, "percent_covered": 100.0, "percent_covered_display": "100", "missing_lines": 0, "excluded_lines": 0, "percent_statements_covered": 100.0, "percent_statements_covered_display": "100"}, "missing_lines": [], "excluded_lines": [], "start_line": 37}, "SecurityOut": {"executed_lines": [], "summary": {"covered_lines": 0, "num_statements": 0, "percent_covered": 100.0, "percent_covered_display": "100", "missing_lines": 0, "excluded_lines": 0, "percent_statements_covered": 100.0, "percent_statements_covered_display": "100"}, "missing_lines": [], "excluded_lines": [], "start_line": 50}, "": {"executed_lines": [4, 5, 7, 8, 9, 11, 12, 13, 14, 15, 16, 18, 21, 29, 37, 47, 50, 58, 61, 62, 65, 77, 78, 81, 93, 94, 98, 101, 102, 106], "summary": {"covered_lines": 30, "num_statements": 30, "percent_covered": 100.0, "percent_covered_display": "100", "missing_lines": 0, "excluded_lines": 0, "percent_statements_covered": 100.0, "percent_statements_covered_display": "100"}, "missing_lines": [], "excluded_lines": [], "start_line": 1}}}, "app\\backend\\app\\audit\\__init__.py": {"executed_lines": [2, 4], "summary": {"covered_lines": 2, "num_statements": 2, "percent_covered": 100.0, "percent_covered_display": "100", "missing_lines": 0, "excluded_lines": 0, "percent_statements_covered": 100.0, "percent_statements_covered_display": "100"}, "missing_lines": [], "excluded_lines": [], "functions": {"": {"executed_lines": [2, 4], "summary": {"covered_lines": 2, "num_statements": 2, "percent_covered": 100.0, "percent_covered_display": "100", "missing_lines": 0, "excluded_lines": 0, "percent_statements_covered": 100.0, "percent_statements_covered_display": "100"}, "missing_lines": [], "excluded_lines": [], "start_line": 1}}, "classes": {"": {"executed_lines": [2, 4], "summary": {"covered_lines": 2, "num_statements": 2, "percent_covered": 100.0, "percent_covered_display": "100", "missing_lines": 0, "excluded_lines": 0, "percent_statements_covered": 100.0, "percent_statements_covered_display": "100"}, "missing_lines": [], "excluded_lines": [], "start_line": 1}}}, "app\\backend\\app\\audit\\service.py": {"executed_lines": [4, 6, 7, 8, 10, 11, 13, 16, 17, 18, 20, 21, 22, 24, 41, 56, 57, 58, 59, 61, 70, 77, 78, 79, 80, 82, 83, 89, 90], "summary": {"covered_lines": 29, "num_statements": 29, "percent_covered": 100.0, "percent_covered_display": "100", "missing_lines": 0, "excluded_lines": 0, "percent_statements_covered": 100.0, "percent_statements_covered_display": "100"}, "missing_lines": [], "excluded_lines": [], "functions": {"AuditService.__init__": {"executed_lines": [18], "summary": {"covered_lines": 1, "num_statements": 1, "percent_covered": 100.0, "percent_covered_display": "100", "missing_lines": 0, "excluded_lines": 0, "percent_statements_covered": 100.0, "percent_statements_covered_display": "100"}, "missing_lines": [], "excluded_lines": [], "start_line": 17}, "AuditService.new_request_id": {"executed_lines": [22], "summary": {"covered_lines": 1, "num_statements": 1, "percent_covered": 100.0, "percent_covered_display": "100", "missing_lines": 0, "excluded_lines": 0, "percent_statements_covered": 100.0, "percent_statements_covered_display": "100"}, "missing_lines": [], "excluded_lines": [], "start_line": 21}, "AuditService.record_audit": {"executed_lines": [41, 56, 57, 58, 59], "summary": {"covered_lines": 5, "num_statements": 5, "percent_covered": 100.0, "percent_covered_display": "100", "missing_lines": 0, "excluded_lines": 0, "percent_statements_covered": 100.0, "percent_statements_covered_display": "100"}, "missing_lines": [], "excluded_lines": [], "start_line": 24}, "AuditService.record_security": {"executed_lines": [70, 77, 78, 79, 80], "summary": {"covered_lines": 5, "num_statements": 5, "percent_covered": 100.0, "percent_covered_display": "100", "missing_lines": 0, "excluded_lines": 0, "percent_statements_covered": 100.0, "percent_statements_covered_display": "100"}, "missing_lines": [], "excluded_lines": [], "start_line": 61}, "AuditService.list_audit": {"executed_lines": [83], "summary": {"covered_lines": 1, "num_statements": 1, "percent_covered": 100.0, "percent_covered_display": "100", "missing_lines": 0, "excluded_lines": 0, "percent_statements_covered": 100.0, "percent_statements_covered_display": "100"}, "missing_lines": [], "excluded_lines": [], "start_line": 82}, "AuditService.list_security": {"executed_lines": [90], "summary": {"covered_lines": 1, "num_statements": 1, "percent_covered": 100.0, "percent_covered_display": "100", "missing_lines": 0, "excluded_lines": 0, "percent_statements_covered": 100.0, "percent_statements_covered_display": "100"}, "missing_lines": [], "excluded_lines": [], "start_line": 89}, "": {"executed_lines": [4, 6, 7, 8, 10, 11, 13, 16, 17, 20, 21, 24, 61, 82, 89], "summary": {"covered_lines": 15, "num_statements": 15, "percent_covered": 100.0, "percent_covered_display": "100", "missing_lines": 0, "excluded_lines": 0, "percent_statements_covered": 100.0, "percent_statements_covered_display": "100"}, "missing_lines": [], "excluded_lines": [], "start_line": 1}}, "classes": {"AuditService": {"executed_lines": [18, 22, 41, 56, 57, 58, 59, 70, 77, 78, 79, 80, 83, 90], "summary": {"covered_lines": 14, "num_statements": 14, "percent_covered": 100.0, "percent_covered_display": "100", "missing_lines": 0, "excluded_lines": 0, "percent_statements_covered": 100.0, "percent_statements_covered_display": "100"}, "missing_lines": [], "excluded_lines": [], "start_line": 16}, "": {"executed_lines": [4, 6, 7, 8, 10, 11, 13, 16, 17, 20, 21, 24, 61, 82, 89], "summary": {"covered_lines": 15, "num_statements": 15, "percent_covered": 100.0, "percent_covered_display": "100", "missing_lines": 0, "excluded_lines": 0, "percent_statements_covered": 100.0, "percent_statements_covered_display": "100"}, "missing_lines": [], "excluded_lines": [], "start_line": 1}}}, "app\\backend\\app\\auth\\__init__.py": {"executed_lines": [4, 5, 7], "summary": {"covered_lines": 3, "num_statements": 3, "percent_covered": 100.0, "percent_covered_display": "100", "missing_lines": 0, "excluded_lines": 0, "percent_statements_covered": 100.0, "percent_statements_covered_display": "100"}, "missing_lines": [], "excluded_lines": [], "functions": {"": {"executed_lines": [4, 5, 7], "summary": {"covered_lines": 3, "num_statements": 3, "percent_covered": 100.0, "percent_covered_display": "100", "missing_lines": 0, "excluded_lines": 0, "percent_statements_covered": 100.0, "percent_statements_covered_display": "100"}, "missing_lines": [], "excluded_lines": [], "start_line": 1}}, "classes": {"": {"executed_lines": [4, 5, 7], "summary": {"covered_lines": 3, "num_statements": 3, "percent_covered": 100.0, "percent_covered_display": "100", "missing_lines": 0, "excluded_lines": 0, "percent_statements_covered": 100.0, "percent_statements_covered_display": "100"}, "missing_lines": [], "excluded_lines": [], "start_line": 1}}}, "app\\backend\\app\\auth\\deps.py": {"executed_lines": [4, 6, 7, 9, 10, 11, 13, 14, 15, 16, 17, 19, 22, 23, 24, 25, 26, 29, 33, 34, 35, 36, 37, 38, 42, 43, 44, 48, 55, 56, 57, 58, 59, 60, 64, 66], "summary": {"covered_lines": 36, "num_statements": 37, "percent_covered": 97.29729729729729, "percent_covered_display": "97", "missing_lines": 1, "excluded_lines": 0, "percent_statements_covered": 97.29729729729729, "percent_statements_covered_display": "97"}, "missing_lines": [45], "excluded_lines": [], "functions": {"get_current_user": {"executed_lines": [33, 34, 35, 36, 37, 38, 42, 43, 44, 48], "summary": {"covered_lines": 10, "num_statements": 11, "percent_covered": 90.9090909090909, "percent_covered_display": "91", "missing_lines": 1, "excluded_lines": 0, "percent_statements_covered": 90.9090909090909, "percent_statements_covered_display": "91"}, "missing_lines": [45], "excluded_lines": [], "start_line": 29}, "require_permission": {"executed_lines": [56, 66], "summary": {"covered_lines": 2, "num_statements": 2, "percent_covered": 100.0, "percent_covered_display": "100", "missing_lines": 0, "excluded_lines": 0, "percent_statements_covered": 100.0, "percent_statements_covered_display": "100"}, "missing_lines": [], "excluded_lines": [], "start_line": 55}, "require_permission._dep": {"executed_lines": [57, 58, 59, 60, 64], "summary": {"covered_lines": 5, "num_statements": 5, "percent_covered": 100.0, "percent_covered_display": "100", "missing_lines": 0, "excluded_lines": 0, "percent_statements_covered": 100.0, "percent_statements_covered_display": "100"}, "missing_lines": [], "excluded_lines": [], "start_line": 56}, "": {"executed_lines": [4, 6, 7, 9, 10, 11, 13, 14, 15, 16, 17, 19, 22, 23, 24, 25, 26, 29, 55], "summary": {"covered_lines": 19, "num_statements": 19, "percent_covered": 100.0, "percent_covered_display": "100", "missing_lines": 0, "excluded_lines": 0, "percent_statements_covered": 100.0, "percent_statements_covered_display": "100"}, "missing_lines": [], "excluded_lines": [], "start_line": 1}}, "classes": {"CurrentUser": {"executed_lines": [], "summary": {"covered_lines": 0, "num_statements": 0, "percent_covered": 100.0, "percent_covered_display": "100", "missing_lines": 0, "excluded_lines": 0, "percent_statements_covered": 100.0, "percent_statements_covered_display": "100"}, "missing_lines": [], "excluded_lines": [], "start_line": 23}, "": {"executed_lines": [4, 6, 7, 9, 10, 11, 13, 14, 15, 16, 17, 19, 22, 23, 24, 25, 26, 29, 33, 34, 35, 36, 37, 38, 42, 43, 44, 48, 55, 56, 57, 58, 59, 60, 64, 66], "summary": {"covered_lines": 36, "num_statements": 37, "percent_covered": 97.29729729729729, "percent_covered_display": "97", "missing_lines": 1, "excluded_lines": 0, "percent_statements_covered": 97.29729729729729, "percent_statements_covered_display": "97"}, "missing_lines": [45], "excluded_lines": [], "start_line": 1}}}, "app\\backend\\app\\auth\\password.py": {"executed_lines": [4, 6, 8, 9, 12, 13, 14, 16, 19, 20, 23, 24, 25], "summary": {"covered_lines": 13, "num_statements": 22, "percent_covered": 59.09090909090909, "percent_covered_display": "59", "missing_lines": 9, "excluded_lines": 0, "percent_statements_covered": 59.09090909090909, "percent_statements_covered_display": "59"}, "missing_lines": [15, 26, 28, 29, 30, 31, 32, 33, 34], "excluded_lines": [], "functions": {"_ctx": {"executed_lines": [13, 14, 16], "summary": {"covered_lines": 3, "num_statements": 4, "percent_covered": 75.0, "percent_covered_display": "75", "missing_lines": 1, "excluded_lines": 0, "percent_statements_covered": 75.0, "percent_statements_covered_display": "75"}, "missing_lines": [15], "excluded_lines": [], "start_line": 12}, "hash_password": {"executed_lines": [20], "summary": {"covered_lines": 1, "num_statements": 1, "percent_covered": 100.0, "percent_covered_display": "100", "missing_lines": 0, "excluded_lines": 0, "percent_statements_covered": 100.0, "percent_statements_covered_display": "100"}, "missing_lines": [], "excluded_lines": [], "start_line": 19}, "verify_password": {"executed_lines": [24, 25], "summary": {"covered_lines": 2, "num_statements": 10, "percent_covered": 20.0, "percent_covered_display": "20", "missing_lines": 8, "excluded_lines": 0, "percent_statements_covered": 20.0, "percent_statements_covered_display": "20"}, "missing_lines": [26, 28, 29, 30, 31, 32, 33, 34], "excluded_lines": [], "start_line": 23}, "": {"executed_lines": [4, 6, 8, 9, 12, 19, 23], "summary": {"covered_lines": 7, "num_statements": 7, "percent_covered": 100.0, "percent_covered_display": "100", "missing_lines": 0, "excluded_lines": 0, "percent_statements_covered": 100.0, "percent_statements_covered_display": "100"}, "missing_lines": [], "excluded_lines": [], "start_line": 1}}, "classes": {"": {"executed_lines": [4, 6, 8, 9, 12, 13, 14, 16, 19, 20, 23, 24, 25], "summary": {"covered_lines": 13, "num_statements": 22, "percent_covered": 59.09090909090909, "percent_covered_display": "59", "missing_lines": 9, "excluded_lines": 0, "percent_statements_covered": 59.09090909090909, "percent_statements_covered_display": "59"}, "missing_lines": [15, 26, 28, 29, 30, 31, 32, 33, 34], "excluded_lines": [], "start_line": 1}}}, "app\\backend\\app\\auth\\tokens.py": {"executed_lines": [4, 6, 7, 8, 9, 11, 13, 16, 17, 20, 27, 28, 29, 39, 42, 44, 45, 46, 47, 48, 49, 50, 51, 52, 53, 59, 60, 61, 64, 65, 68, 69, 72, 73, 74, 77, 78, 79], "summary": {"covered_lines": 38, "num_statements": 38, "percent_covered": 100.0, "percent_covered_display": "100", "missing_lines": 0, "excluded_lines": 0, "percent_statements_covered": 100.0, "percent_statements_covered_display": "100"}, "missing_lines": [], "excluded_lines": [], "functions": {"_now": {"executed_lines": [17], "summary": {"covered_lines": 1, "num_statements": 1, "percent_covered": 100.0, "percent_covered_display": "100", "missing_lines": 0, "excluded_lines": 0, "percent_statements_covered": 100.0, "percent_statements_covered_display": "100"}, "missing_lines": [], "excluded_lines": [], "start_line": 16}, "create_access_token": {"executed_lines": [27, 28, 29, 39], "summary": {"covered_lines": 4, "num_statements": 4, "percent_covered": 100.0, "percent_covered_display": "100", "missing_lines": 0, "excluded_lines": 0, "percent_statements_covered": 100.0, "percent_statements_covered_display": "100"}, "missing_lines": [], "excluded_lines": [], "start_line": 20}, "decode_token": {"executed_lines": [44, 45, 46, 47, 48, 49, 50, 51, 52, 53, 59, 60, 61], "summary": {"covered_lines": 13, "num_statements": 13, "percent_covered": 100.0, "percent_covered_display": "100", "missing_lines": 0, "excluded_lines": 0, "percent_statements_covered": 100.0, "percent_statements_covered_display": "100"}, "missing_lines": [], "excluded_lines": [], "start_line": 42}, "new_refresh_token_value": {"executed_lines": [65], "summary": {"covered_lines": 1, "num_statements": 1, "percent_covered": 100.0, "percent_covered_display": "100", "missing_lines": 0, "excluded_lines": 0, "percent_statements_covered": 100.0, "percent_statements_covered_display": "100"}, "missing_lines": [], "excluded_lines": [], "start_line": 64}, "hash_token": {"executed_lines": [69], "summary": {"covered_lines": 1, "num_statements": 1, "percent_covered": 100.0, "percent_covered_display": "100", "missing_lines": 0, "excluded_lines": 0, "percent_statements_covered": 100.0, "percent_statements_covered_display": "100"}, "missing_lines": [], "excluded_lines": [], "start_line": 68}, "refresh_expiry": {"executed_lines": [73, 74], "summary": {"covered_lines": 2, "num_statements": 2, "percent_covered": 100.0, "percent_covered_display": "100", "missing_lines": 0, "excluded_lines": 0, "percent_statements_covered": 100.0, "percent_statements_covered_display": "100"}, "missing_lines": [], "excluded_lines": [], "start_line": 72}, "session_expiry": {"executed_lines": [78, 79], "summary": {"covered_lines": 2, "num_statements": 2, "percent_covered": 100.0, "percent_covered_display": "100", "missing_lines": 0, "excluded_lines": 0, "percent_statements_covered": 100.0, "percent_statements_covered_display": "100"}, "missing_lines": [], "excluded_lines": [], "start_line": 77}, "": {"executed_lines": [4, 6, 7, 8, 9, 11, 13, 16, 20, 42, 64, 68, 72, 77], "summary": {"covered_lines": 14, "num_statements": 14, "percent_covered": 100.0, "percent_covered_display": "100", "missing_lines": 0, "excluded_lines": 0, "percent_statements_covered": 100.0, "percent_statements_covered_display": "100"}, "missing_lines": [], "excluded_lines": [], "start_line": 1}}, "classes": {"": {"executed_lines": [4, 6, 7, 8, 9, 11, 13, 16, 17, 20, 27, 28, 29, 39, 42, 44, 45, 46, 47, 48, 49, 50, 51, 52, 53, 59, 60, 61, 64, 65, 68, 69, 72, 73, 74, 77, 78, 79], "summary": {"covered_lines": 38, "num_statements": 38, "percent_covered": 100.0, "percent_covered_display": "100", "missing_lines": 0, "excluded_lines": 0, "percent_statements_covered": 100.0, "percent_statements_covered_display": "100"}, "missing_lines": [], "excluded_lines": [], "start_line": 1}}}, "app\\backend\\app\\config\\__init__.py": {"executed_lines": [], "summary": {"covered_lines": 0, "num_statements": 0, "percent_covered": 100.0, "percent_covered_display": "100", "missing_lines": 0, "excluded_lines": 0, "percent_statements_covered": 100.0, "percent_statements_covered_display": "100"}, "missing_lines": [], "excluded_lines": [], "functions": {"": {"executed_lines": [], "summary": {"covered_lines": 0, "num_statements": 0, "percent_covered": 100.0, "percent_covered_display": "100", "missing_lines": 0, "excluded_lines": 0, "percent_statements_covered": 100.0, "percent_statements_covered_display": "100"}, "missing_lines": [], "excluded_lines": [], "start_line": 1}}, "classes": {"": {"executed_lines": [], "summary": {"covered_lines": 0, "num_statements": 0, "percent_covered": 100.0, "percent_covered_display": "100", "missing_lines": 0, "excluded_lines": 0, "percent_statements_covered": 100.0, "percent_statements_covered_display": "100"}, "missing_lines": [], "excluded_lines": [], "start_line": 1}}}, "app\\backend\\app\\core\\__init__.py": {"executed_lines": [], "summary": {"covered_lines": 0, "num_statements": 0, "percent_covered": 100.0, "percent_covered_display": "100", "missing_lines": 0, "excluded_lines": 0, "percent_statements_covered": 100.0, "percent_statements_covered_display": "100"}, "missing_lines": [], "excluded_lines": [], "functions": {"": {"executed_lines": [], "summary": {"covered_lines": 0, "num_statements": 0, "percent_covered": 100.0, "percent_covered_display": "100", "missing_lines": 0, "excluded_lines": 0, "percent_statements_covered": 100.0, "percent_statements_covered_display": "100"}, "missing_lines": [], "excluded_lines": [], "start_line": 1}}, "classes": {"": {"executed_lines": [], "summary": {"covered_lines": 0, "num_statements": 0, "percent_covered": 100.0, "percent_covered_display": "100", "missing_lines": 0, "excluded_lines": 0, "percent_statements_covered": 100.0, "percent_statements_covered_display": "100"}, "missing_lines": [], "excluded_lines": [], "start_line": 1}}}, "app\\backend\\app\\core\\config.py": {"executed_lines": [6, 7, 9, 10, 13, 16, 23, 24, 25, 26, 27, 28, 30, 31, 32, 33, 34, 35, 36, 38, 39, 40, 41, 43, 45, 46, 48, 50, 51, 52, 53, 55, 59, 60, 61, 62, 69, 70, 71, 73, 74, 75, 78, 79, 80], "summary": {"covered_lines": 45, "num_statements": 48, "percent_covered": 93.75, "percent_covered_display": "94", "missing_lines": 3, "excluded_lines": 0, "percent_statements_covered": 93.75, "percent_statements_covered_display": "94"}, "missing_lines": [63, 64, 65], "excluded_lines": [], "functions": {"Settings.database_url": {"executed_lines": [61, 62], "summary": {"covered_lines": 2, "num_statements": 5, "percent_covered": 40.0, "percent_covered_display": "40", "missing_lines": 3, "excluded_lines": 0, "percent_statements_covered": 40.0, "percent_statements_covered_display": "40"}, "missing_lines": [63, 64, 65], "excluded_lines": [], "start_line": 60}, "Settings.cors_origin_list": {"executed_lines": [71], "summary": {"covered_lines": 1, "num_statements": 1, "percent_covered": 100.0, "percent_covered_display": "100", "missing_lines": 0, "excluded_lines": 0, "percent_statements_covered": 100.0, "percent_statements_covered_display": "100"}, "missing_lines": [], "excluded_lines": [], "start_line": 70}, "Settings.is_jwt_secret_default": {"executed_lines": [75], "summary": {"covered_lines": 1, "num_statements": 1, "percent_covered": 100.0, "percent_covered_display": "100", "missing_lines": 0, "excluded_lines": 0, "percent_statements_covered": 100.0, "percent_statements_covered_display": "100"}, "missing_lines": [], "excluded_lines": [], "start_line": 74}, "get_settings": {"executed_lines": [80], "summary": {"covered_lines": 1, "num_statements": 1, "percent_covered": 100.0, "percent_covered_display": "100", "missing_lines": 0, "excluded_lines": 0, "percent_statements_covered": 100.0, "percent_statements_covered_display": "100"}, "missing_lines": [], "excluded_lines": [], "start_line": 79}, "": {"executed_lines": [6, 7, 9, 10, 13, 16, 23, 24, 25, 26, 27, 28, 30, 31, 32, 33, 34, 35, 36, 38, 39, 40, 41, 43, 45, 46, 48, 50, 51, 52, 53, 55, 59, 60, 69, 70, 73, 74, 78, 79], "summary": {"covered_lines": 40, "num_statements": 40, "percent_covered": 100.0, "percent_covered_display": "100", "missing_lines": 0, "excluded_lines": 0, "percent_statements_covered": 100.0, "percent_statements_covered_display": "100"}, "missing_lines": [], "excluded_lines": [], "start_line": 1}}, "classes": {"Settings": {"executed_lines": [61, 62, 71, 75], "summary": {"covered_lines": 4, "num_statements": 7, "percent_covered": 57.142857142857146, "percent_covered_display": "57", "missing_lines": 3, "excluded_lines": 0, "percent_statements_covered": 57.142857142857146, "percent_statements_covered_display": "57"}, "missing_lines": [63, 64, 65], "excluded_lines": [], "start_line": 13}, "": {"executed_lines": [6, 7, 9, 10, 13, 16, 23, 24, 25, 26, 27, 28, 30, 31, 32, 33, 34, 35, 36, 38, 39, 40, 41, 43, 45, 46, 48, 50, 51, 52, 53, 55, 59, 60, 69, 70, 73, 74, 78, 79, 80], "summary": {"covered_lines": 41, "num_statements": 41, "percent_covered": 100.0, "percent_covered_display": "100", "missing_lines": 0, "excluded_lines": 0, "percent_statements_covered": 100.0, "percent_statements_covered_display": "100"}, "missing_lines": [], "excluded_lines": [], "start_line": 1}}}, "app\\backend\\app\\core\\logging.py": {"executed_lines": [4, 6, 7, 8, 11, 13, 14, 16, 17, 20, 22, 27, 28, 29, 31, 37, 38], "summary": {"covered_lines": 17, "num_statements": 18, "percent_covered": 94.44444444444444, "percent_covered_display": "94", "missing_lines": 1, "excluded_lines": 0, "percent_statements_covered": 94.44444444444444, "percent_statements_covered_display": "94"}, "missing_lines": [18], "excluded_lines": [], "functions": {"setup_logging": {"executed_lines": [13, 14, 16, 17, 20, 22, 27, 28, 29, 31, 37, 38], "summary": {"covered_lines": 12, "num_statements": 13, "percent_covered": 92.3076923076923, "percent_covered_display": "92", "missing_lines": 1, "excluded_lines": 0, "percent_statements_covered": 92.3076923076923, "percent_statements_covered_display": "92"}, "missing_lines": [18], "excluded_lines": [], "start_line": 11}, "": {"executed_lines": [4, 6, 7, 8, 11], "summary": {"covered_lines": 5, "num_statements": 5, "percent_covered": 100.0, "percent_covered_display": "100", "missing_lines": 0, "excluded_lines": 0, "percent_statements_covered": 100.0, "percent_statements_covered_display": "100"}, "missing_lines": [], "excluded_lines": [], "start_line": 1}}, "classes": {"": {"executed_lines": [4, 6, 7, 8, 11, 13, 14, 16, 17, 20, 22, 27, 28, 29, 31, 37, 38], "summary": {"covered_lines": 17, "num_statements": 18, "percent_covered": 94.44444444444444, "percent_covered_display": "94", "missing_lines": 1, "excluded_lines": 0, "percent_statements_covered": 94.44444444444444, "percent_statements_covered_display": "94"}, "missing_lines": [18], "excluded_lines": [], "start_line": 1}}}, "app\\backend\\app\\core\\security_middleware.py": {"executed_lines": [4, 6, 7, 8, 10, 11, 12, 15, 18, 19, 20, 21, 22, 23, 24, 26, 27, 28, 31, 34, 41, 42, 43, 44, 46, 47, 49, 50], "summary": {"covered_lines": 28, "num_statements": 39, "percent_covered": 71.7948717948718, "percent_covered_display": "72", "missing_lines": 11, "excluded_lines": 0, "percent_statements_covered": 71.7948717948718, "percent_statements_covered_display": "72"}, "missing_lines": [51, 52, 53, 54, 55, 56, 57, 58, 67, 68, 69], "excluded_lines": [], "functions": {"SecurityHeadersMiddleware.dispatch": {"executed_lines": [19, 20, 21, 22, 23, 24, 26, 27, 28], "summary": {"covered_lines": 9, "num_statements": 9, "percent_covered": 100.0, "percent_covered_display": "100", "missing_lines": 0, "excluded_lines": 0, "percent_statements_covered": 100.0, "percent_statements_covered_display": "100"}, "missing_lines": [], "excluded_lines": [], "start_line": 18}, "LoginRateLimitMiddleware.__init__": {"executed_lines": [41, 42, 43, 44], "summary": {"covered_lines": 4, "num_statements": 4, "percent_covered": 100.0, "percent_covered_display": "100", "missing_lines": 0, "excluded_lines": 0, "percent_statements_covered": 100.0, "percent_statements_covered_display": "100"}, "missing_lines": [], "excluded_lines": [], "start_line": 34}, "LoginRateLimitMiddleware.dispatch": {"executed_lines": [47, 49, 50], "summary": {"covered_lines": 3, "num_statements": 14, "percent_covered": 21.428571428571427, "percent_covered_display": "21", "missing_lines": 11, "excluded_lines": 0, "percent_statements_covered": 21.428571428571427, "percent_statements_covered_display": "21"}, "missing_lines": [51, 52, 53, 54, 55, 56, 57, 58, 67, 68, 69], "excluded_lines": [], "start_line": 46}, "": {"executed_lines": [4, 6, 7, 8, 10, 11, 12, 15, 18, 31, 34, 46], "summary": {"covered_lines": 12, "num_statements": 12, "percent_covered": 100.0, "percent_covered_display": "100", "missing_lines": 0, "excluded_lines": 0, "percent_statements_covered": 100.0, "percent_statements_covered_display": "100"}, "missing_lines": [], "excluded_lines": [], "start_line": 1}}, "classes": {"SecurityHeadersMiddleware": {"executed_lines": [19, 20, 21, 22, 23, 24, 26, 27, 28], "summary": {"covered_lines": 9, "num_statements": 9, "percent_covered": 100.0, "percent_covered_display": "100", "missing_lines": 0, "excluded_lines": 0, "percent_statements_covered": 100.0, "percent_statements_covered_display": "100"}, "missing_lines": [], "excluded_lines": [], "start_line": 15}, "LoginRateLimitMiddleware": {"executed_lines": [41, 42, 43, 44, 47, 49, 50], "summary": {"covered_lines": 7, "num_statements": 18, "percent_covered": 38.888888888888886, "percent_covered_display": "39", "missing_lines": 11, "excluded_lines": 0, "percent_statements_covered": 38.888888888888886, "percent_statements_covered_display": "39"}, "missing_lines": [51, 52, 53, 54, 55, 56, 57, 58, 67, 68, 69], "excluded_lines": [], "start_line": 31}, "": {"executed_lines": [4, 6, 7, 8, 10, 11, 12, 15, 18, 31, 34, 46], "summary": {"covered_lines": 12, "num_statements": 12, "percent_covered": 100.0, "percent_covered_display": "100", "missing_lines": 0, "excluded_lines": 0, "percent_statements_covered": 100.0, "percent_statements_covered_display": "100"}, "missing_lines": [], "excluded_lines": [], "start_line": 1}}}, "app\\backend\\app\\db\\__init__.py": {"executed_lines": [4, 6], "summary": {"covered_lines": 2, "num_statements": 2, "percent_covered": 100.0, "percent_covered_display": "100", "missing_lines": 0, "excluded_lines": 0, "percent_statements_covered": 100.0, "percent_statements_covered_display": "100"}, "missing_lines": [], "excluded_lines": [], "functions": {"": {"executed_lines": [4, 6], "summary": {"covered_lines": 2, "num_statements": 2, "percent_covered": 100.0, "percent_covered_display": "100", "missing_lines": 0, "excluded_lines": 0, "percent_statements_covered": 100.0, "percent_statements_covered_display": "100"}, "missing_lines": [], "excluded_lines": [], "start_line": 1}}, "classes": {"": {"executed_lines": [4, 6], "summary": {"covered_lines": 2, "num_statements": 2, "percent_covered": 100.0, "percent_covered_display": "100", "missing_lines": 0, "excluded_lines": 0, "percent_statements_covered": 100.0, "percent_statements_covered_display": "100"}, "missing_lines": [], "excluded_lines": [], "start_line": 1}}}, "app\\backend\\app\\db\\session.py": {"executed_lines": [4, 6, 7, 9, 12, 16, 17, 18, 19, 20, 21, 22, 23, 24, 25, 27, 28, 32, 34, 36, 37, 38, 39, 40, 42, 45, 46, 49, 50, 51, 52, 54, 57, 60, 61], "summary": {"covered_lines": 35, "num_statements": 36, "percent_covered": 97.22222222222223, "percent_covered_display": "97", "missing_lines": 1, "excluded_lines": 0, "percent_statements_covered": 97.22222222222223, "percent_statements_covered_display": "97"}, "missing_lines": [30], "excluded_lines": [], "functions": {"_build_engine": {"executed_lines": [17, 18, 19, 20, 21, 22, 23, 24, 25, 27, 28, 32, 34, 36, 37, 42], "summary": {"covered_lines": 16, "num_statements": 17, "percent_covered": 94.11764705882354, "percent_covered_display": "94", "missing_lines": 1, "excluded_lines": 0, "percent_statements_covered": 94.11764705882354, "percent_statements_covered_display": "94"}, "missing_lines": [30], "excluded_lines": [], "start_line": 16}, "_build_engine._fk_pragma": {"executed_lines": [38, 39, 40], "summary": {"covered_lines": 3, "num_statements": 3, "percent_covered": 100.0, "percent_covered_display": "100", "missing_lines": 0, "excluded_lines": 0, "percent_statements_covered": 100.0, "percent_statements_covered_display": "100"}, "missing_lines": [], "excluded_lines": [], "start_line": 37}, "get_db": {"executed_lines": [50, 51, 52, 54], "summary": {"covered_lines": 4, "num_statements": 4, "percent_covered": 100.0, "percent_covered_display": "100", "missing_lines": 0, "excluded_lines": 0, "percent_statements_covered": 100.0, "percent_statements_covered_display": "100"}, "missing_lines": [], "excluded_lines": [], "start_line": 49}, "reset_engine": {"executed_lines": [60, 61], "summary": {"covered_lines": 2, "num_statements": 2, "percent_covered": 100.0, "percent_covered_display": "100", "missing_lines": 0, "excluded_lines": 0, "percent_statements_covered": 100.0, "percent_statements_covered_display": "100"}, "missing_lines": [], "excluded_lines": [], "start_line": 57}, "": {"executed_lines": [4, 6, 7, 9, 12, 16, 45, 46, 49, 57], "summary": {"covered_lines": 10, "num_statements": 10, "percent_covered": 100.0, "percent_covered_display": "100", "missing_lines": 0, "excluded_lines": 0, "percent_statements_covered": 100.0, "percent_statements_covered_display": "100"}, "missing_lines": [], "excluded_lines": [], "start_line": 1}},
[...]
60, 161, 181, 192, 193, 194, 195, 196, 197, 198, 203, 204, 205, 216, 222], "summary": {"covered_lines": 22, "num_statements": 26, "percent_covered": 84.61538461538461, "percent_covered_display": "85", "missing_lines": 4, "excluded_lines": 0, "percent_statements_covered": 84.61538461538461, "percent_statements_covered_display": "85"}, "missing_lines": [162, 167, 175, 176], "excluded_lines": [], "start_line": 138}, "PlatformService._count": {"executed_lines": [225, 226, 227, 228], "summary": {"covered_lines": 4, "num_statements": 4, "percent_covered": 100.0, "percent_covered_display": "100", "missing_lines": 0, "excluded_lines": 0, "percent_statements_covered": 100.0, "percent_statements_covered_display": "100"}, "missing_lines": [], "excluded_lines": [], "start_line": 224}, "PlatformService.generate_report": {"executed_lines": [239, 240, 241, 242, 244, 245, 246, 249, 250, 251, 252, 261, 262, 263, 264, 271], "summary": {"covered_lines": 16, "num_statements": 18, "percent_covered": 88.88888888888889, "percent_covered_display": "89", "missing_lines": 2, "excluded_lines": 0, "percent_statements_covered": 88.88888888888889, "percent_statements_covered_display": "89"}, "missing_lines": [243, 247], "excluded_lines": [], "start_line": 231}, "PlatformService.list_report_logs": {"executed_lines": [281, 282, 284], "summary": {"covered_lines": 3, "num_statements": 4, "percent_covered": 75.0, "percent_covered_display": "75", "missing_lines": 1, "excluded_lines": 0, "percent_statements_covered": 75.0, "percent_statements_covered_display": "75"}, "missing_lines": [283], "excluded_lines": [], "start_line": 280}, "PlatformService._collect_rows": {"executed_lines": [287, 288, 299, 300, 311, 322, 331, 332, 341, 349, 362, 377, 384, 399, 400], "summary": {"covered_lines": 15, "num_statements": 32, "percent_covered": 46.875, "percent_covered_display": "47", "missing_lines": 17, "excluded_lines": 0, "percent_statements_covered": 46.875, "percent_statements_covered_display": "47"}, "missing_lines": [312, 323, 342, 345, 350, 363, 364, 365, 366, 378, 383, 385, 386, 387, 388, 389, 414], "excluded_lines": [], "start_line": 286}, "PlatformService._render": {"executed_lines": [417, 418, 419, 420, 421, 428, 429, 430], "summary": {"covered_lines": 8, "num_statements": 20, "percent_covered": 40.0, "percent_covered_display": "40", "missing_lines": 12, "excluded_lines": 0, "percent_statements_covered": 40.0, "percent_statements_covered_display": "40"}, "missing_lines": [422, 423, 424, 425, 426, 431, 432, 433, 434, 435, 436, 437], "excluded_lines": [], "start_line": 416}, "": {"executed_lines": [4, 6, 7, 8, 9, 11, 12, 14, 31, 34, 48, 49, 52, 53, 56, 62, 69, 90, 101, 120, 126, 138, 224, 231, 280, 286, 416], "summary": {"covered_lines": 27, "num_statements": 27, "percent_covered": 100.0, "percent_covered_display": "100", "missing_lines": 0, "excluded_lines": 0, "percent_statements_covered": 100.0, "percent_statements_covered_display": "100"}, "missing_lines": [], "excluded_lines": [], "start_line": 1}}, "classes": {"PlatformService": {"executed_lines": [54, 57, 58, 59, 60, 63, 64, 78, 85, 86, 87, 88, 91, 109, 111, 112, 114, 115, 116, 117, 118, 121, 122, 124, 127, 128, 130, 131, 132, 133, 134, 135, 139, 140, 141, 156, 157, 158, 159, 160, 161, 181, 192, 193, 194, 195, 196, 197, 198, 203, 204, 205, 216, 222, 225, 226, 227, 228, 239, 240, 241, 242, 244, 245, 246, 249, 250, 251, 252, 261, 262, 263, 264, 271, 281, 282, 284, 287, 288, 299, 300, 311, 322, 331, 332, 341, 349, 362, 377, 384, 399, 400, 417, 418, 419, 420, 421, 428, 429, 430], "summary": {"covered_lines": 100, "num_statements": 140, "percent_covered": 71.42857142857143, "percent_covered_display": "71", "missing_lines": 40, "excluded_lines": 0, "percent_statements_covered": 71.42857142857143, "percent_statements_covered_display": "71"}, "missing_lines": [110, 113, 123, 129, 162, 167, 175, 176, 243, 247, 283, 312, 323, 342, 345, 350, 363, 364, 365, 366, 378, 383, 385, 386, 387, 388, 389, 414, 422, 423, 424, 425, 426, 431, 432, 433, 434, 435, 436, 437], "excluded_lines": [], "start_line": 52}, "": {"executed_lines": [4, 6, 7, 8, 9, 11, 12, 14, 31, 34, 48, 49, 52, 53, 56, 62, 69, 90, 101, 120, 126, 138, 224, 231, 280, 286, 416], "summary": {"covered_lines": 27, "num_statements": 27, "percent_covered": 100.0, "percent_covered_display": "100", "missing_lines": 0, "excluded_lines": 0, "percent_statements_covered": 100.0, "percent_statements_covered_display": "100"}, "missing_lines": [], "excluded_lines": [], "start_line": 1}}}, "app\\backend\\app\\services\\role_service.py": {"executed_lines": [4, 6, 8, 10, 11, 14, 15, 16, 17, 20, 21, 22, 23, 25, 26, 28, 29, 31, 32, 33, 35, 36, 37, 38, 40, 41, 42, 43, 44, 47, 49, 51, 52], "summary": {"covered_lines": 33, "num_statements": 36, "percent_covered": 91.66666666666667, "percent_covered_display": "92", "missing_lines": 3, "excluded_lines": 0, "percent_statements_covered": 91.66666666666667, "percent_statements_covered_display": "92"}, "missing_lines": [34, 39, 50], "excluded_lines": [], "functions": {"AuthorizationError.__init__": {"executed_lines": [16, 17], "summary": {"covered_lines": 2, "num_statements": 2, "percent_covered": 100.0, "percent_covered_display": "100", "missing_lines": 0, "excluded_lines": 0, "percent_statements_covered": 100.0, "percent_statements_covered_display": "100"}, "missing_lines": [], "excluded_lines": [], "start_line": 15}, "RoleService.__init__": {"executed_lines": [22, 23], "summary": {"covered_lines": 2, "num_statements": 2, "percent_covered": 100.0, "percent_covered_display": "100", "missing_lines": 0, "excluded_lines": 0, "percent_statements_covered": 100.0, "percent_statements_covered_display": "100"}, "missing_lines": [], "excluded_lines": [], "start_line": 21}, "RoleService.list_roles": {"executed_lines": [26], "summary": {"covered_lines": 1, "num_statements": 1, "percent_covered": 100.0, "percent_covered_display": "100", "missing_lines": 0, "excluded_lines": 0, "percent_statements_covered": 100.0, "percent_statements_covered_display": "100"}, "missing_lines": [], "excluded_lines": [], "start_line": 25}, "RoleService.list_permissions": {"executed_lines": [29], "summary": {"covered_lines": 1, "num_statements": 1, "percent_covered": 100.0, "percent_covered_display": "100", "missing_lines": 0, "excluded_lines": 0, "percent_statements_covered": 100.0, "percent_statements_covered_display": "100"}, "missing_lines": [], "excluded_lines": [], "start_line": 28}, "RoleService.assign_permissions": {"executed_lines": [32, 33, 35, 36, 37, 38, 40, 41, 42, 43, 44], "summary": {"covered_lines": 11, "num_statements": 13, "percent_covered": 84.61538461538461, "percent_covered_display": "85", "missing_lines": 2, "excluded_lines": 0, "percent_statements_covered": 84.61538461538461, "percent_statements_covered_display": "85"}, "missing_lines": [34, 39], "excluded_lines": [], "start_line": 31}, "assert_permission": {"executed_lines": [49, 51, 52], "summary": {"covered_lines": 3, "num_statements": 4, "percent_covered": 75.0, "percent_covered_display": "75", "missing_lines": 1, "excluded_lines": 0, "percent_statements_covered": 75.0, "percent_statements_covered_display": "75"}, "missing_lines": [50], "excluded_lines": [], "start_line": 47}, "": {"executed_lines": [4, 6, 8, 10, 11, 14, 15, 20, 21, 25, 28, 31, 47], "summary": {"covered_lines": 13, "num_statements": 13, "percent_covered": 100.0, "percent_covered_display": "100", "missing_lines": 0, "excluded_lines": 0, "percent_statements_covered": 100.0, "percent_statements_covered_display": "100"}, "missing_lines": [], "excluded_lines": [], "start_line": 1}}, "classes": {"AuthorizationError": {"executed_lines": [16, 17], "summary": {"covered_lines": 2, "num_statements": 2, "percent_covered": 100.0, "percent_covered_display": "100", "missing_lines": 0, "excluded_lines": 0, "percent_statements_covered": 100.0, "percent_statements_covered_display": "100"}, "missing_lines": [], "excluded_lines": [], "start_line": 14}, "RoleService": {"executed_lines": [22, 23, 26, 29, 32, 33, 35, 36, 37, 38, 40, 41, 42, 43, 44], "summary": {"covered_lines": 15, "num_statements": 17, "percent_covered": 88.23529411764706, "percent_covered_display": "88", "missing_lines": 2, "excluded_lines": 0, "percent_statements_covered": 88.23529411764706, "percent_statements_covered_display": "88"}, "missing_lines": [34, 39], "excluded_lines": [], "start_line": 20}, "": {"executed_lines": [4, 6, 8, 10, 11, 14, 15, 20, 21, 25, 28, 31, 47, 49, 51, 52], "summary": {"covered_lines": 16, "num_statements": 17, "percent_covered": 94.11764705882354, "percent_covered_display": "94", "missing_lines": 1, "excluded_lines": 0, "percent_statements_covered": 94.11764705882354, "percent_statements_covered_display": "94"}, "missing_lines": [50], "excluded_lines": [], "start_line": 1}}}, "app\\backend\\app\\services\\user_service.py": {"executed_lines": [4, 6, 7, 9, 11, 12, 13, 14, 17, 18, 19, 20, 21, 23, 24, 26, 27, 28, 30, 32, 40, 44, 50, 51, 52, 54, 55, 56, 57, 58, 60, 61, 62, 63, 64, 66, 73], "summary": {"covered_lines": 37, "num_statements": 56, "percent_covered": 66.07142857142857, "percent_covered_display": "66", "missing_lines": 19, "excluded_lines": 0, "percent_statements_covered": 66.07142857142857, "percent_statements_covered_display": "66"}, "missing_lines": [29, 43, 53, 67, 68, 69, 70, 71, 74, 75, 76, 77, 78, 79, 80, 81, 82, 83, 84], "excluded_lines": [], "functions": {"UserService.__init__": {"executed_lines": [19, 20, 21], "summary": {"covered_lines": 3, "num_statements": 3, "percent_covered": 100.0, "percent_covered_display": "100", "missing_lines": 0, "excluded_lines": 0, "percent_statements_covered": 100.0, "percent_statements_covered_display": "100"}, "missing_lines": [], "excluded_lines": [], "start_line": 18}, "UserService.list_users": {"executed_lines": [24], "summary": {"covered_lines": 1, "num_statements": 1, "percent_covered": 100.0, "percent_covered_display": "100", "missing_lines": 0, "excluded_lines": 0, "percent_statements_covered": 100.0, "percent_statements_covered_display": "100"}, "missing_lines": [], "excluded_lines": [], "start_line": 23}, "UserService.get_user": {"executed_lines": [27, 28, 30], "summary": {"covered_lines": 3, "num_statements": 4, "percent_covered": 75.0, "percent_covered_display": "75", "missing_lines": 1, "excluded_lines": 0, "percent_statements_covered": 75.0, "percent_statements_covered_display": "75"}, "missing_lines": [29], "excluded_lines": [], "start_line": 26}, "UserService.create_user": {"executed_lines": [40, 44, 50, 51, 52, 54, 55, 56, 57, 58], "summary": {"covered_lines": 10, "num_statements": 12, "percent_covered": 83.33333333333333, "percent_covered_display": "83", "missing_lines": 2, "excluded_lines": 0, "percent_statements_covered": 83.33333333333333, "percent_statements_covered_display": "83"}, "missing_lines": [43, 53], "excluded_lines": [], "start_line": 32}, "UserService.set_status": {"executed_lines": [61, 62, 63, 64], "summary": {"covered_lines": 4, "num_statements": 4, "percent_covered": 100.0, "percent_covered_display": "100", "missing_lines": 0, "excluded_lines": 0, "percent_statements_covered": 100.0, "percent_statements_covered_display": "100"}, "missing_lines": [], "excluded_lines": [], "start_line": 60}, "UserService.soft_delete": {"executed_lines": [], "summary": {"covered_lines": 0, "num_statements": 5, "percent_covered": 0.0, "percent_covered_display": "0", "missing_lines": 5, "excluded_lines": 0, "percent_statements_covered": 0.0, "percent_statements_covered_display": "0"}, "missing_lines": [67, 68, 69, 70, 71], "excluded_lines": [], "start_line": 66}, "UserService.assign_roles": {"executed_lines": [], "summary": {"covered_lines": 0, "num_statements": 11, "percent_covered": 0.0, "percent_covered_display": "0", "missing_lines": 11, "excluded_lines": 0, "percent_statements_covered": 0.0, "percent_statements_covered_display": "0"}, "missing_lines": [74, 75, 76, 77, 78, 79, 80, 81, 82, 83, 84], "excluded_lines": [], "start_line": 73}, "": {"executed_lines": [4, 6, 7, 9, 11, 12, 13, 14, 17, 18, 23, 26, 32, 60, 66, 73], "summary": {"covered_lines": 16, "num_statements": 16, "percent_covered": 100.0, "percent_covered_display": "100", "missing_lines": 0, "excluded_lines": 0, "percent_statements_covered": 100.0, "percent_statements_covered_display": "100"}, "missing_lines": [], "excluded_lines": [], "start_line": 1}}, "classes": {"UserService": {"executed_lines": [19, 20, 21, 24, 27, 28, 30, 40, 44, 50, 51, 52, 54, 55, 56, 57, 58, 61, 62, 63, 64], "summary": {"covered_lines": 21, "num_statements": 40, "percent_covered": 52.5, "percent_covered_display": "52", "missing_lines": 19, "excluded_lines": 0, "percent_statements_covered": 52.5, "percent_statements_covered_display": "52"}, "missing_lines": [29, 43, 53, 67, 68, 69, 70, 71, 74, 75, 76, 77, 78, 79, 80, 81, 82, 83, 84], "excluded_lines": [], "start_line": 17}, "": {"executed_lines": [4, 6, 7, 9, 11, 12, 13, 14, 17, 18, 23, 26, 32, 60, 66, 73], "summary": {"covered_lines": 16, "num_statements": 16, "percent_covered": 100.0, "percent_covered_display": "100", "missing_lines": 0, "excluded_lines": 0, "percent_statements_covered": 100.0, "percent_statements_covered_display": "100"}, "missing_lines": [], "excluded_lines": [], "start_line": 1}}}, "app\\backend\\app\\tools\\__init__.py": {"executed_lines": [2, 4], "summary": {"covered_lines": 2, "num_statements": 2, "percent_covered": 100.0, "percent_covered_display": "100", "missing_lines": 0, "excluded_lines": 0, "percent_statements_covered": 100.0, "percent_statements_covered_display": "100"}, "missing_lines": [], "excluded_lines": [], "functions": {"": {"executed_lines": [2, 4], "summary": {"covered_lines": 2, "num_statements": 2, "percent_covered": 100.0, "percent_covered_display": "100", "missing_lines": 0, "excluded_lines": 0, "percent_statements_covered": 100.0, "percent_statements_covered_display": "100"}, "missing_lines": [], "excluded_lines": [], "start_line": 1}}, "classes": {"": {"executed_lines": [2, 4], "summary": {"covered_lines": 2, "num_statements": 2, "percent_covered": 100.0, "percent_covered_display": "100", "missing_lines": 0, "excluded_lines": 0, "percent_statements_covered": 100.0, "percent_statements_covered_display": "100"}, "missing_lines": [], "excluded_lines": [], "start_line": 1}}}, "app\\backend\\app\\tools\\handlers.py": {"executed_lines": [4, 6, 7, 9, 10, 12, 13, 21, 24, 27, 28, 29, 30, 31, 37, 38, 39, 40, 49, 50, 51, 52, 56, 57, 61, 62, 63, 64, 73, 74, 75, 85, 92, 111, 124, 133, 138], "summary": {"covered_lines": 37, "num_statements": 56, "percent_covered": 66.07142857142857, "percent_covered_display": "66", "missing_lines": 19, "excluded_lines": 0, "percent_statements_covered": 66.07142857142857, "percent_statements_covered_display": "66"}, "missing_lines": [32, 53, 86, 94, 96, 97, 98, 105, 112, 114, 115, 116, 123, 125, 127, 132, 134, 136, 137], "excluded_lines": [], "functions": {"execute": {"executed_lines": [27, 28, 29, 30, 31, 37, 38, 39, 40, 49, 50, 51, 52, 56, 57, 61, 62, 63, 64, 73, 74, 75, 85, 92, 111, 124, 133, 138], "summary": {"covered_lines": 28, "num_statements": 47, "percent_covered": 59.57446808510638, "percent_covered_display": "60", "missing_lines": 19, "excluded_lines": 0, "percent_statements_covered": 59.57446808510638, "percent_statements_covered_display": "60"}, "missing_lines": [32, 53, 86, 94, 96, 97, 98, 105, 112, 114, 115, 116, 123, 125, 127, 132, 134, 136, 137], "excluded_lines": [], "start_line": 24}, "": {"executed_lines": [4, 6, 7, 9, 10, 12, 13, 21, 24], "summary": {"covered_lines": 9, "num_statements": 9, "percent_covered": 100.0, "percent_covered_display": "100", "missing_lines": 0, "excluded_lines": 0, "percent_statements_covered": 100.0, "percent_statements_covered_display": "100"}, "missing_lines": [], "excluded_lines": [], "start_line": 1}}, "classes": {"": {"executed_lines": [4, 6, 7, 9, 10, 12, 13, 21, 24, 27, 28, 29, 30, 31, 37, 38, 39, 40, 49, 50, 51, 52, 56, 57, 61, 62, 63, 64, 73, 74, 75, 85, 92, 111, 124, 133, 138], "summary": {"covered_lines": 37, "num_statements": 56, "percent_covered": 66.07142857142857, "percent_covered_display": "66", "missing_lines": 19, "excluded_lines": 0, "percent_statements_covered": 66.07142857142857, "percent_statements_covered_display": "66"}, "missing_lines": [32, 53, 86, 94, 96, 97, 98, 105, 112, 114, 115, 116, 123, 125, 127, 132, 134, 136, 137], "excluded_lines": [], "start_line": 1}}}, "app\\backend\\app\\tools\\registry.py": {"executed_lines": [4, 6, 7, 10, 11, 12, 13, 14, 15, 16, 17, 18, 19, 20, 21, 24, 142, 143, 146, 147], "summary": {"covered_lines": 20, "num_statements": 20, "percent_covered": 100.0, "percent_covered_display": "100", "missing_lines": 0, "excluded_lines": 0, "percent_statements_covered": 100.0, "percent_statements_covered_display": "100"}, "missing_lines": [], "excluded_lines": [], "functions": {"get_tool": {"executed_lines": [143], "summary": {"covered_lines": 1, "num_statements": 1, "percent_covered": 100.0, "percent_covered_display": "100", "missing_lines": 0, "excluded_lines": 0, "percent_statements_covered": 100.0, "percent_statements_covered_display": "100"}, "missing_lines": [], "excluded_lines": [], "start_line": 142}, "list_tools": {"executed_lines": [147], "summary": {"covered_lines": 1, "num_statements": 1, "percent_covered": 100.0, "percent_covered_display": "100", "missing_lines": 0, "excluded_lines": 0, "percent_statements_covered": 100.0, "percent_statements_covered_display": "100"}, "missing_lines": [], "excluded_lines": [], "start_line": 146}, "": {"executed_lines": [4, 6, 7, 10, 11, 12, 13, 14, 15, 16, 17, 18, 19, 20, 21, 24, 142, 146], "summary": {"covered_lines": 18, "num_statements": 18, "percent_covered": 100.0, "percent_covered_display": "100", "missing_lines": 0, "excluded_lines": 0, "percent_statements_covered": 100.0, "percent_statements_covered_display": "100"}, "missing_lines": [], "excluded_lines": [], "start_line": 1}}, "classes": {"ToolMeta": {"executed_lines": [], "summary": {"covered_lines": 0, "num_statements": 0, "percent_covered": 100.0, "percent_covered_display": "100", "missing_lines": 0, "excluded_lines": 0, "percent_statements_covered": 100.0, "percent_statements_covered_display": "100"}, "missing_lines": [], "excluded_lines": [], "start_line": 11}, "": {"executed_lines": [4, 6, 7, 10, 11, 12, 13, 14, 15, 16, 17, 18, 19, 20, 21, 24, 142, 143, 146, 147], "summary": {"covered_lines": 20, "num_statements": 20, "percent_covered": 100.0, "percent_covered_display": "100", "missing_lines": 0, "excluded_lines": 0, "percent_statements_covered": 100.0, "percent_statements_covered_display": "100"}, "missing_lines": [], "excluded_lines": [], "start_line": 1}}}, "app\\backend\\app\\utils\\__init__.py": {"executed_lines": [], "summary": {"covered_lines": 0, "num_statements": 0, "percent_covered": 100.0, "percent_covered_display": "100", "missing_lines": 0, "excluded_lines": 0, "percent_statements_covered": 100.0, "percent_statements_covered_display": "100"}, "missing_lines": [], "excluded_lines": [], "functions": {"": {"executed_lines": [], "summary": {"covered_lines": 0, "num_statements": 0, "percent_covered": 100.0, "percent_covered_display": "100", "missing_lines": 0, "excluded_lines": 0, "percent_statements_covered": 100.0, "percent_statements_covered_display": "100"}, "missing_lines": [], "excluded_lines": [], "start_line": 1}}, "classes": {"": {"executed_lines": [], "summary": {"covered_lines": 0, "num_statements": 0, "percent_covered": 100.0, "percent_covered_display": "100", "missing_lines": 0, "excluded_lines": 0, "percent_statements_covered": 100.0, "percent_statements_covered_display": "100"}, "missing_lines": [], "excluded_lines": [], "start_line": 1}}}}, "totals": {"covered_lines": 2309, "num_statements": 2696, "percent_covered": 85.6454005934718, "percent_covered_display": "86", "missing_lines": 387, "excluded_lines": 0, "percent_statements_covered": 85.6454005934718, "percent_statements_covered_display": "86"}}